[2019-08-28 17:00:22] production.INFO: New user has entered {"fd":1} 
[2019-08-28 17:00:22] production.INFO: new message {"fd":1,"data":{"action":"login","type":1,"token":"eyJ0eXAiOiJKV1QiLCJhbGciOiJIUzI1NiJ9.eyJpc3MiOiJodHRwOlwvXC8yMTkuMTA2LjIyMS4xODU6OTBcL3YxXC9zZXR0aW5nc1wvcG9wcyIsImlhdCI6MTU2NjAyNjA2OCwiZXhwIjoxNTY2MDI5NjY4LCJuYmYiOjE1NjYwMjYwNjgsImp0aSI6Ikt2Mm9UTjlvN0ZHcVE0eVoiLCJzdWIiOjMsInBydiI6Ijg3ZTBhZjFlZjlmZDE1ODEyZmRlYzk3MTUzYTE0ZTBiMDQ3NTQ2YWEifQ.ng2RMzNnQ0GzIr-MgSSJ4As7HERlNxQ1XHmwd9Ees1Y"}} 
[2019-08-28 17:00:23] production.INFO: User has logged out {"fd":1} 
[2019-08-28 17:00:23] production.ERROR: User authorization failed {"params":[1,"eyJ0eXAiOiJKV1QiLCJhbGciOiJIUzI1NiJ9.eyJpc3MiOiJodHRwOlwvXC8yMTkuMTA2LjIyMS4xODU6OTBcL3YxXC9zZXR0aW5nc1wvcG9wcyIsImlhdCI6MTU2NjAyNjA2OCwiZXhwIjoxNTY2MDI5NjY4LCJuYmYiOjE1NjYwMjYwNjgsImp0aSI6Ikt2Mm9UTjlvN0ZHcVE0eVoiLCJzdWIiOjMsInBydiI6Ijg3ZTBhZjFlZjlmZDE1ODEyZmRlYzk3MTUzYTE0ZTBiMDQ3NTQ2YWEifQ.ng2RMzNnQ0GzIr-MgSSJ4As7HERlNxQ1XHmwd9Ees1Y",1]} 
[2019-08-28 17:00:31] production.INFO: New user has entered {"fd":2} 
[2019-08-28 17:00:32] production.INFO: new message {"fd":2,"data":{"action":"login","type":1,"token":"eyJ0eXAiOiJKV1QiLCJhbGciOiJIUzI1NiJ9.eyJpc3MiOiJodHRwOlwvXC8yMTkuMTA2LjIyMS4xODU6OTBcL3YxXC9zZXR0aW5nc1wvcG9wcyIsImlhdCI6MTU2NjAyNjA2OCwiZXhwIjoxNTY2MDI5NjY4LCJuYmYiOjE1NjYwMjYwNjgsImp0aSI6Ikt2Mm9UTjlvN0ZHcVE0eVoiLCJzdWIiOjMsInBydiI6Ijg3ZTBhZjFlZjlmZDE1ODEyZmRlYzk3MTUzYTE0ZTBiMDQ3NTQ2YWEifQ.ng2RMzNnQ0GzIr-MgSSJ4As7HERlNxQ1XHmwd9Ees1Y"}} 
[2019-08-28 17:00:32] production.INFO: User has logged out {"fd":2} 
[2019-08-28 17:00:32] production.ERROR: User authorization failed {"params":[2,"eyJ0eXAiOiJKV1QiLCJhbGciOiJIUzI1NiJ9.eyJpc3MiOiJodHRwOlwvXC8yMTkuMTA2LjIyMS4xODU6OTBcL3YxXC9zZXR0aW5nc1wvcG9wcyIsImlhdCI6MTU2NjAyNjA2OCwiZXhwIjoxNTY2MDI5NjY4LCJuYmYiOjE1NjYwMjYwNjgsImp0aSI6Ikt2Mm9UTjlvN0ZHcVE0eVoiLCJzdWIiOjMsInBydiI6Ijg3ZTBhZjFlZjlmZDE1ODEyZmRlYzk3MTUzYTE0ZTBiMDQ3NTQ2YWEifQ.ng2RMzNnQ0GzIr-MgSSJ4As7HERlNxQ1XHmwd9Ees1Y",1]} 
[2019-08-28 17:00:36] production.INFO: New user has entered {"fd":3} 
[2019-08-28 17:00:36] production.INFO: new message {"fd":3,"data":{"action":"login","type":1,"token":"eyJ0eXAiOiJKV1QiLCJhbGciOiJIUzI1NiJ9.eyJpc3MiOiJodHRwOlwvXC8yMTkuMTA2LjIyMS4xODU6OTBcL3YxXC9zZXR0aW5nc1wvcG9wcyIsImlhdCI6MTU2NjAyNjA2OCwiZXhwIjoxNTY2MDI5NjY4LCJuYmYiOjE1NjYwMjYwNjgsImp0aSI6Ikt2Mm9UTjlvN0ZHcVE0eVoiLCJzdWIiOjMsInBydiI6Ijg3ZTBhZjFlZjlmZDE1ODEyZmRlYzk3MTUzYTE0ZTBiMDQ3NTQ2YWEifQ.ng2RMzNnQ0GzIr-MgSSJ4As7HERlNxQ1XHmwd9Ees1Y"}} 
[2019-08-28 17:00:36] production.INFO: User has logged out {"fd":3} 
[2019-08-28 17:00:36] production.ERROR: User authorization failed {"params":[3,"eyJ0eXAiOiJKV1QiLCJhbGciOiJIUzI1NiJ9.eyJpc3MiOiJodHRwOlwvXC8yMTkuMTA2LjIyMS4xODU6OTBcL3YxXC9zZXR0aW5nc1wvcG9wcyIsImlhdCI6MTU2NjAyNjA2OCwiZXhwIjoxNTY2MDI5NjY4LCJuYmYiOjE1NjYwMjYwNjgsImp0aSI6Ikt2Mm9UTjlvN0ZHcVE0eVoiLCJzdWIiOjMsInBydiI6Ijg3ZTBhZjFlZjlmZDE1ODEyZmRlYzk3MTUzYTE0ZTBiMDQ3NTQ2YWEifQ.ng2RMzNnQ0GzIr-MgSSJ4As7HERlNxQ1XHmwd9Ees1Y",1]} 
[2019-08-28 17:00:39] production.INFO: New user has entered {"fd":4} 
[2019-08-28 17:00:39] production.INFO: new message {"fd":4,"data":{"action":"login","type":1,"token":"eyJ0eXAiOiJKV1QiLCJhbGciOiJIUzI1NiJ9.eyJpc3MiOiJodHRwOlwvXC8yMTkuMTA2LjIyMS4xODU6OTBcL3YxXC9zZXR0aW5nc1wvcG9wcyIsImlhdCI6MTU2NjAyNjA2OCwiZXhwIjoxNTY2MDI5NjY4LCJuYmYiOjE1NjYwMjYwNjgsImp0aSI6Ikt2Mm9UTjlvN0ZHcVE0eVoiLCJzdWIiOjMsInBydiI6Ijg3ZTBhZjFlZjlmZDE1ODEyZmRlYzk3MTUzYTE0ZTBiMDQ3NTQ2YWEifQ.ng2RMzNnQ0GzIr-MgSSJ4As7HERlNxQ1XHmwd9Ees1Y"}} 
[2019-08-28 17:00:39] production.INFO: User has logged out {"fd":4} 
[2019-08-28 17:00:39] production.ERROR: User authorization failed {"params":[4,"eyJ0eXAiOiJKV1QiLCJhbGciOiJIUzI1NiJ9.eyJpc3MiOiJodHRwOlwvXC8yMTkuMTA2LjIyMS4xODU6OTBcL3YxXC9zZXR0aW5nc1wvcG9wcyIsImlhdCI6MTU2NjAyNjA2OCwiZXhwIjoxNTY2MDI5NjY4LCJuYmYiOjE1NjYwMjYwNjgsImp0aSI6Ikt2Mm9UTjlvN0ZHcVE0eVoiLCJzdWIiOjMsInBydiI6Ijg3ZTBhZjFlZjlmZDE1ODEyZmRlYzk3MTUzYTE0ZTBiMDQ3NTQ2YWEifQ.ng2RMzNnQ0GzIr-MgSSJ4As7HERlNxQ1XHmwd9Ees1Y",1]} 
[2019-08-28 17:00:40] production.INFO: New user has entered {"fd":5} 
[2019-08-28 17:00:40] production.INFO: new message {"fd":5,"data":{"action":"login","type":1,"token":"eyJ0eXAiOiJKV1QiLCJhbGciOiJIUzI1NiJ9.eyJpc3MiOiJodHRwOlwvXC8yMTkuMTA2LjIyMS4xODU6OTBcL3YxXC9zZXR0aW5nc1wvcG9wcyIsImlhdCI6MTU2NjAyNjA2OCwiZXhwIjoxNTY2MDI5NjY4LCJuYmYiOjE1NjYwMjYwNjgsImp0aSI6Ikt2Mm9UTjlvN0ZHcVE0eVoiLCJzdWIiOjMsInBydiI6Ijg3ZTBhZjFlZjlmZDE1ODEyZmRlYzk3MTUzYTE0ZTBiMDQ3NTQ2YWEifQ.ng2RMzNnQ0GzIr-MgSSJ4As7HERlNxQ1XHmwd9Ees1Y"}} 
[2019-08-28 17:00:40] production.INFO: User has logged out {"fd":5} 
[2019-08-28 17:00:40] production.ERROR: User authorization failed {"params":[5,"eyJ0eXAiOiJKV1QiLCJhbGciOiJIUzI1NiJ9.eyJpc3MiOiJodHRwOlwvXC8yMTkuMTA2LjIyMS4xODU6OTBcL3YxXC9zZXR0aW5nc1wvcG9wcyIsImlhdCI6MTU2NjAyNjA2OCwiZXhwIjoxNTY2MDI5NjY4LCJuYmYiOjE1NjYwMjYwNjgsImp0aSI6Ikt2Mm9UTjlvN0ZHcVE0eVoiLCJzdWIiOjMsInBydiI6Ijg3ZTBhZjFlZjlmZDE1ODEyZmRlYzk3MTUzYTE0ZTBiMDQ3NTQ2YWEifQ.ng2RMzNnQ0GzIr-MgSSJ4As7HERlNxQ1XHmwd9Ees1Y",1]} 
[2019-08-28 17:00:43] production.INFO: New user has entered {"fd":6} 
[2019-08-28 17:00:43] production.INFO: new message {"fd":6,"data":{"action":"login","type":1,"token":"eyJ0eXAiOiJKV1QiLCJhbGciOiJIUzI1NiJ9.eyJpc3MiOiJodHRwOlwvXC8yMTkuMTA2LjIyMS4xODU6OTBcL3YxXC9zZXR0aW5nc1wvcG9wcyIsImlhdCI6MTU2NjAyNjA2OCwiZXhwIjoxNTY2MDI5NjY4LCJuYmYiOjE1NjYwMjYwNjgsImp0aSI6Ikt2Mm9UTjlvN0ZHcVE0eVoiLCJzdWIiOjMsInBydiI6Ijg3ZTBhZjFlZjlmZDE1ODEyZmRlYzk3MTUzYTE0ZTBiMDQ3NTQ2YWEifQ.ng2RMzNnQ0GzIr-MgSSJ4As7HERlNxQ1XHmwd9Ees1Y"}} 
[2019-08-28 17:00:43] production.ERROR: User authorization failed {"params":[6,"eyJ0eXAiOiJKV1QiLCJhbGciOiJIUzI1NiJ9.eyJpc3MiOiJodHRwOlwvXC8yMTkuMTA2LjIyMS4xODU6OTBcL3YxXC9zZXR0aW5nc1wvcG9wcyIsImlhdCI6MTU2NjAyNjA2OCwiZXhwIjoxNTY2MDI5NjY4LCJuYmYiOjE1NjYwMjYwNjgsImp0aSI6Ikt2Mm9UTjlvN0ZHcVE0eVoiLCJzdWIiOjMsInBydiI6Ijg3ZTBhZjFlZjlmZDE1ODEyZmRlYzk3MTUzYTE0ZTBiMDQ3NTQ2YWEifQ.ng2RMzNnQ0GzIr-MgSSJ4As7HERlNxQ1XHmwd9Ees1Y",1]} 
[2019-08-28 17:00:43] production.INFO: User has logged out {"fd":6} 
[2019-08-28 17:00:47] production.INFO: New user has entered {"fd":7} 
[2019-08-28 17:00:47] production.INFO: new message {"fd":7,"data":{"action":"login","type":1,"token":"eyJ0eXAiOiJKV1QiLCJhbGciOiJIUzI1NiJ9.eyJpc3MiOiJodHRwOlwvXC8yMTkuMTA2LjIyMS4xODU6OTBcL3YxXC9zZXR0aW5nc1wvcG9wcyIsImlhdCI6MTU2NjAyNjA2OCwiZXhwIjoxNTY2MDI5NjY4LCJuYmYiOjE1NjYwMjYwNjgsImp0aSI6Ikt2Mm9UTjlvN0ZHcVE0eVoiLCJzdWIiOjMsInBydiI6Ijg3ZTBhZjFlZjlmZDE1ODEyZmRlYzk3MTUzYTE0ZTBiMDQ3NTQ2YWEifQ.ng2RMzNnQ0GzIr-MgSSJ4As7HERlNxQ1XHmwd9Ees1Y"}} 
[2019-08-28 17:00:47] production.INFO: User has logged out {"fd":7} 
[2019-08-28 17:00:47] production.ERROR: User authorization failed {"params":[7,"eyJ0eXAiOiJKV1QiLCJhbGciOiJIUzI1NiJ9.eyJpc3MiOiJodHRwOlwvXC8yMTkuMTA2LjIyMS4xODU6OTBcL3YxXC9zZXR0aW5nc1wvcG9wcyIsImlhdCI6MTU2NjAyNjA2OCwiZXhwIjoxNTY2MDI5NjY4LCJuYmYiOjE1NjYwMjYwNjgsImp0aSI6Ikt2Mm9UTjlvN0ZHcVE0eVoiLCJzdWIiOjMsInBydiI6Ijg3ZTBhZjFlZjlmZDE1ODEyZmRlYzk3MTUzYTE0ZTBiMDQ3NTQ2YWEifQ.ng2RMzNnQ0GzIr-MgSSJ4As7HERlNxQ1XHmwd9Ees1Y",1]} 
[2019-08-28 17:00:50] production.INFO: New user has entered {"fd":8} 
[2019-08-28 17:00:50] production.INFO: new message {"fd":8,"data":{"action":"login","type":1,"token":"eyJ0eXAiOiJKV1QiLCJhbGciOiJIUzI1NiJ9.eyJpc3MiOiJodHRwOlwvXC8yMTkuMTA2LjIyMS4xODU6OTBcL3YxXC9zZXR0aW5nc1wvcG9wcyIsImlhdCI6MTU2NjAyNjA2OCwiZXhwIjoxNTY2MDI5NjY4LCJuYmYiOjE1NjYwMjYwNjgsImp0aSI6Ikt2Mm9UTjlvN0ZHcVE0eVoiLCJzdWIiOjMsInBydiI6Ijg3ZTBhZjFlZjlmZDE1ODEyZmRlYzk3MTUzYTE0ZTBiMDQ3NTQ2YWEifQ.ng2RMzNnQ0GzIr-MgSSJ4As7HERlNxQ1XHmwd9Ees1Y"}} 
[2019-08-28 17:00:50] production.INFO: User has logged out {"fd":8} 
[2019-08-28 17:00:50] production.ERROR: User authorization failed {"params":[8,"eyJ0eXAiOiJKV1QiLCJhbGciOiJIUzI1NiJ9.eyJpc3MiOiJodHRwOlwvXC8yMTkuMTA2LjIyMS4xODU6OTBcL3YxXC9zZXR0aW5nc1wvcG9wcyIsImlhdCI6MTU2NjAyNjA2OCwiZXhwIjoxNTY2MDI5NjY4LCJuYmYiOjE1NjYwMjYwNjgsImp0aSI6Ikt2Mm9UTjlvN0ZHcVE0eVoiLCJzdWIiOjMsInBydiI6Ijg3ZTBhZjFlZjlmZDE1ODEyZmRlYzk3MTUzYTE0ZTBiMDQ3NTQ2YWEifQ.ng2RMzNnQ0GzIr-MgSSJ4As7HERlNxQ1XHmwd9Ees1Y",1]} 
[2019-08-28 17:00:53] production.INFO: New user has entered {"fd":9} 
[2019-08-28 17:00:53] production.INFO: new message {"fd":9,"data":{"action":"login","type":1,"token":"eyJ0eXAiOiJKV1QiLCJhbGciOiJIUzI1NiJ9.eyJpc3MiOiJodHRwOlwvXC8yMTkuMTA2LjIyMS4xODU6OTBcL3YxXC9zZXR0aW5nc1wvcG9wcyIsImlhdCI6MTU2NjAyNjA2OCwiZXhwIjoxNTY2MDI5NjY4LCJuYmYiOjE1NjYwMjYwNjgsImp0aSI6Ikt2Mm9UTjlvN0ZHcVE0eVoiLCJzdWIiOjMsInBydiI6Ijg3ZTBhZjFlZjlmZDE1ODEyZmRlYzk3MTUzYTE0ZTBiMDQ3NTQ2YWEifQ.ng2RMzNnQ0GzIr-MgSSJ4As7HERlNxQ1XHmwd9Ees1Y"}} 
[2019-08-28 17:00:53] production.INFO: User has logged out {"fd":9} 
[2019-08-28 17:00:53] production.ERROR: User authorization failed {"params":[9,"eyJ0eXAiOiJKV1QiLCJhbGciOiJIUzI1NiJ9.eyJpc3MiOiJodHRwOlwvXC8yMTkuMTA2LjIyMS4xODU6OTBcL3YxXC9zZXR0aW5nc1wvcG9wcyIsImlhdCI6MTU2NjAyNjA2OCwiZXhwIjoxNTY2MDI5NjY4LCJuYmYiOjE1NjYwMjYwNjgsImp0aSI6Ikt2Mm9UTjlvN0ZHcVE0eVoiLCJzdWIiOjMsInBydiI6Ijg3ZTBhZjFlZjlmZDE1ODEyZmRlYzk3MTUzYTE0ZTBiMDQ3NTQ2YWEifQ.ng2RMzNnQ0GzIr-MgSSJ4As7HERlNxQ1XHmwd9Ees1Y",1]} 
[2019-08-28 17:00:57] production.INFO: New user has entered {"fd":10} 
[2019-08-28 17:00:57] production.INFO: new message {"fd":10,"data":{"action":"login","type":1,"token":"eyJ0eXAiOiJKV1QiLCJhbGciOiJIUzI1NiJ9.eyJpc3MiOiJodHRwOlwvXC8yMTkuMTA2LjIyMS4xODU6OTBcL3YxXC9zZXR0aW5nc1wvcG9wcyIsImlhdCI6MTU2NjAyNjA2OCwiZXhwIjoxNTY2MDI5NjY4LCJuYmYiOjE1NjYwMjYwNjgsImp0aSI6Ikt2Mm9UTjlvN0ZHcVE0eVoiLCJzdWIiOjMsInBydiI6Ijg3ZTBhZjFlZjlmZDE1ODEyZmRlYzk3MTUzYTE0ZTBiMDQ3NTQ2YWEifQ.ng2RMzNnQ0GzIr-MgSSJ4As7HERlNxQ1XHmwd9Ees1Y"}} 
[2019-08-28 17:00:57] production.ERROR: User authorization failed {"params":[10,"eyJ0eXAiOiJKV1QiLCJhbGciOiJIUzI1NiJ9.eyJpc3MiOiJodHRwOlwvXC8yMTkuMTA2LjIyMS4xODU6OTBcL3YxXC9zZXR0aW5nc1wvcG9wcyIsImlhdCI6MTU2NjAyNjA2OCwiZXhwIjoxNTY2MDI5NjY4LCJuYmYiOjE1NjYwMjYwNjgsImp0aSI6Ikt2Mm9UTjlvN0ZHcVE0eVoiLCJzdWIiOjMsInBydiI6Ijg3ZTBhZjFlZjlmZDE1ODEyZmRlYzk3MTUzYTE0ZTBiMDQ3NTQ2YWEifQ.ng2RMzNnQ0GzIr-MgSSJ4As7HERlNxQ1XHmwd9Ees1Y",1]} 
[2019-08-28 17:00:57] production.INFO: User has logged out {"fd":10} 
[2019-08-28 17:01:01] production.INFO: New user has entered {"fd":11} 
[2019-08-28 17:01:01] production.INFO: new message {"fd":11,"data":{"action":"login","type":1,"token":"eyJ0eXAiOiJKV1QiLCJhbGciOiJIUzI1NiJ9.eyJpc3MiOiJodHRwOlwvXC8yMTkuMTA2LjIyMS4xODU6OTBcL3YxXC9zZXR0aW5nc1wvcG9wcyIsImlhdCI6MTU2NjAyNjA2OCwiZXhwIjoxNTY2MDI5NjY4LCJuYmYiOjE1NjYwMjYwNjgsImp0aSI6Ikt2Mm9UTjlvN0ZHcVE0eVoiLCJzdWIiOjMsInBydiI6Ijg3ZTBhZjFlZjlmZDE1ODEyZmRlYzk3MTUzYTE0ZTBiMDQ3NTQ2YWEifQ.ng2RMzNnQ0GzIr-MgSSJ4As7HERlNxQ1XHmwd9Ees1Y"}} 
[2019-08-28 17:01:01] production.ERROR: User authorization failed {"params":[11,"eyJ0eXAiOiJKV1QiLCJhbGciOiJIUzI1NiJ9.eyJpc3MiOiJodHRwOlwvXC8yMTkuMTA2LjIyMS4xODU6OTBcL3YxXC9zZXR0aW5nc1wvcG9wcyIsImlhdCI6MTU2NjAyNjA2OCwiZXhwIjoxNTY2MDI5NjY4LCJuYmYiOjE1NjYwMjYwNjgsImp0aSI6Ikt2Mm9UTjlvN0ZHcVE0eVoiLCJzdWIiOjMsInBydiI6Ijg3ZTBhZjFlZjlmZDE1ODEyZmRlYzk3MTUzYTE0ZTBiMDQ3NTQ2YWEifQ.ng2RMzNnQ0GzIr-MgSSJ4As7HERlNxQ1XHmwd9Ees1Y",1]} 
[2019-08-28 17:01:01] production.INFO: User has logged out {"fd":11} 
[2019-08-28 17:01:05] production.INFO: New user has entered {"fd":12} 
[2019-08-28 17:01:05] production.INFO: new message {"fd":12,"data":{"action":"login","type":1,"token":"eyJ0eXAiOiJKV1QiLCJhbGciOiJIUzI1NiJ9.eyJpc3MiOiJodHRwOlwvXC8yMTkuMTA2LjIyMS4xODU6OTBcL3YxXC9zZXR0aW5nc1wvcG9wcyIsImlhdCI6MTU2NjAyNjA2OCwiZXhwIjoxNTY2MDI5NjY4LCJuYmYiOjE1NjYwMjYwNjgsImp0aSI6Ikt2Mm9UTjlvN0ZHcVE0eVoiLCJzdWIiOjMsInBydiI6Ijg3ZTBhZjFlZjlmZDE1ODEyZmRlYzk3MTUzYTE0ZTBiMDQ3NTQ2YWEifQ.ng2RMzNnQ0GzIr-MgSSJ4As7HERlNxQ1XHmwd9Ees1Y"}} 
[2019-08-28 17:01:05] production.ERROR: User authorization failed {"params":[12,"eyJ0eXAiOiJKV1QiLCJhbGciOiJIUzI1NiJ9.eyJpc3MiOiJodHRwOlwvXC8yMTkuMTA2LjIyMS4xODU6OTBcL3YxXC9zZXR0aW5nc1wvcG9wcyIsImlhdCI6MTU2NjAyNjA2OCwiZXhwIjoxNTY2MDI5NjY4LCJuYmYiOjE1NjYwMjYwNjgsImp0aSI6Ikt2Mm9UTjlvN0ZHcVE0eVoiLCJzdWIiOjMsInBydiI6Ijg3ZTBhZjFlZjlmZDE1ODEyZmRlYzk3MTUzYTE0ZTBiMDQ3NTQ2YWEifQ.ng2RMzNnQ0GzIr-MgSSJ4As7HERlNxQ1XHmwd9Ees1Y",1]} 
[2019-08-28 17:01:05] production.INFO: User has logged out {"fd":12} 
[2019-08-28 17:01:09] production.INFO: New user has entered {"fd":14} 
[2019-08-28 17:01:09] production.INFO: new message {"fd":14,"data":{"action":"login","type":1,"token":"eyJ0eXAiOiJKV1QiLCJhbGciOiJIUzI1NiJ9.eyJpc3MiOiJodHRwOlwvXC8yMTkuMTA2LjIyMS4xODU6OTBcL3YxXC9zZXR0aW5nc1wvcG9wcyIsImlhdCI6MTU2NjAyNjA2OCwiZXhwIjoxNTY2MDI5NjY4LCJuYmYiOjE1NjYwMjYwNjgsImp0aSI6Ikt2Mm9UTjlvN0ZHcVE0eVoiLCJzdWIiOjMsInBydiI6Ijg3ZTBhZjFlZjlmZDE1ODEyZmRlYzk3MTUzYTE0ZTBiMDQ3NTQ2YWEifQ.ng2RMzNnQ0GzIr-MgSSJ4As7HERlNxQ1XHmwd9Ees1Y"}} 
[2019-08-28 17:01:09] production.ERROR: User authorization failed {"params":[14,"eyJ0eXAiOiJKV1QiLCJhbGciOiJIUzI1NiJ9.eyJpc3MiOiJodHRwOlwvXC8yMTkuMTA2LjIyMS4xODU6OTBcL3YxXC9zZXR0aW5nc1wvcG9wcyIsImlhdCI6MTU2NjAyNjA2OCwiZXhwIjoxNTY2MDI5NjY4LCJuYmYiOjE1NjYwMjYwNjgsImp0aSI6Ikt2Mm9UTjlvN0ZHcVE0eVoiLCJzdWIiOjMsInBydiI6Ijg3ZTBhZjFlZjlmZDE1ODEyZmRlYzk3MTUzYTE0ZTBiMDQ3NTQ2YWEifQ.ng2RMzNnQ0GzIr-MgSSJ4As7HERlNxQ1XHmwd9Ees1Y",1]} 
[2019-08-28 17:01:09] production.INFO: User has logged out {"fd":14} 
[2019-08-28 17:01:12] production.INFO: New user has entered {"fd":15} 
[2019-08-28 17:01:13] production.INFO: new message {"fd":15,"data":{"action":"login","type":1,"token":"eyJ0eXAiOiJKV1QiLCJhbGciOiJIUzI1NiJ9.eyJpc3MiOiJodHRwOlwvXC8yMTkuMTA2LjIyMS4xODU6OTBcL3YxXC9zZXR0aW5nc1wvcG9wcyIsImlhdCI6MTU2NjAyNjA2OCwiZXhwIjoxNTY2MDI5NjY4LCJuYmYiOjE1NjYwMjYwNjgsImp0aSI6Ikt2Mm9UTjlvN0ZHcVE0eVoiLCJzdWIiOjMsInBydiI6Ijg3ZTBhZjFlZjlmZDE1ODEyZmRlYzk3MTUzYTE0ZTBiMDQ3NTQ2YWEifQ.ng2RMzNnQ0GzIr-MgSSJ4As7HERlNxQ1XHmwd9Ees1Y"}} 
[2019-08-28 17:01:13] production.INFO: User has logged out {"fd":15} 
[2019-08-28 17:01:13] production.ERROR: User authorization failed {"params":[15,"eyJ0eXAiOiJKV1QiLCJhbGciOiJIUzI1NiJ9.eyJpc3MiOiJodHRwOlwvXC8yMTkuMTA2LjIyMS4xODU6OTBcL3YxXC9zZXR0aW5nc1wvcG9wcyIsImlhdCI6MTU2NjAyNjA2OCwiZXhwIjoxNTY2MDI5NjY4LCJuYmYiOjE1NjYwMjYwNjgsImp0aSI6Ikt2Mm9UTjlvN0ZHcVE0eVoiLCJzdWIiOjMsInBydiI6Ijg3ZTBhZjFlZjlmZDE1ODEyZmRlYzk3MTUzYTE0ZTBiMDQ3NTQ2YWEifQ.ng2RMzNnQ0GzIr-MgSSJ4As7HERlNxQ1XHmwd9Ees1Y",1]} 
[2019-08-28 17:01:14] production.INFO: New user has entered {"fd":13} 
[2019-08-28 17:01:14] production.INFO: new message {"fd":13,"data":{"action":"login","type":1,"token":"eyJ0eXAiOiJKV1QiLCJhbGciOiJIUzI1NiJ9.eyJpc3MiOiJodHRwOlwvXC8yMTkuMTA2LjIyMS4xODU6OTBcL3YxXC9zZXR0aW5nc1wvcG9wcyIsImlhdCI6MTU2NjAyNjA2OCwiZXhwIjoxNTY2MDI5NjY4LCJuYmYiOjE1NjYwMjYwNjgsImp0aSI6Ikt2Mm9UTjlvN0ZHcVE0eVoiLCJzdWIiOjMsInBydiI6Ijg3ZTBhZjFlZjlmZDE1ODEyZmRlYzk3MTUzYTE0ZTBiMDQ3NTQ2YWEifQ.ng2RMzNnQ0GzIr-MgSSJ4As7HERlNxQ1XHmwd9Ees1Y"}} 
[2019-08-28 17:01:14] production.ERROR: User authorization failed {"params":[13,"eyJ0eXAiOiJKV1QiLCJhbGciOiJIUzI1NiJ9.eyJpc3MiOiJodHRwOlwvXC8yMTkuMTA2LjIyMS4xODU6OTBcL3YxXC9zZXR0aW5nc1wvcG9wcyIsImlhdCI6MTU2NjAyNjA2OCwiZXhwIjoxNTY2MDI5NjY4LCJuYmYiOjE1NjYwMjYwNjgsImp0aSI6Ikt2Mm9UTjlvN0ZHcVE0eVoiLCJzdWIiOjMsInBydiI6Ijg3ZTBhZjFlZjlmZDE1ODEyZmRlYzk3MTUzYTE0ZTBiMDQ3NTQ2YWEifQ.ng2RMzNnQ0GzIr-MgSSJ4As7HERlNxQ1XHmwd9Ees1Y",1]} 
[2019-08-28 17:01:14] production.INFO: User has logged out {"fd":13} 
[2019-08-28 17:01:17] production.INFO: New user has entered {"fd":16} 
[2019-08-28 17:01:17] production.INFO: new message {"fd":16,"data":{"action":"login","type":1,"token":"eyJ0eXAiOiJKV1QiLCJhbGciOiJIUzI1NiJ9.eyJpc3MiOiJodHRwOlwvXC8yMTkuMTA2LjIyMS4xODU6OTBcL3YxXC9zZXR0aW5nc1wvcG9wcyIsImlhdCI6MTU2NjAyNjA2OCwiZXhwIjoxNTY2MDI5NjY4LCJuYmYiOjE1NjYwMjYwNjgsImp0aSI6Ikt2Mm9UTjlvN0ZHcVE0eVoiLCJzdWIiOjMsInBydiI6Ijg3ZTBhZjFlZjlmZDE1ODEyZmRlYzk3MTUzYTE0ZTBiMDQ3NTQ2YWEifQ.ng2RMzNnQ0GzIr-MgSSJ4As7HERlNxQ1XHmwd9Ees1Y"}} 
[2019-08-28 17:01:17] production.ERROR: User authorization failed {"params":[16,"eyJ0eXAiOiJKV1QiLCJhbGciOiJIUzI1NiJ9.eyJpc3MiOiJodHRwOlwvXC8yMTkuMTA2LjIyMS4xODU6OTBcL3YxXC9zZXR0aW5nc1wvcG9wcyIsImlhdCI6MTU2NjAyNjA2OCwiZXhwIjoxNTY2MDI5NjY4LCJuYmYiOjE1NjYwMjYwNjgsImp0aSI6Ikt2Mm9UTjlvN0ZHcVE0eVoiLCJzdWIiOjMsInBydiI6Ijg3ZTBhZjFlZjlmZDE1ODEyZmRlYzk3MTUzYTE0ZTBiMDQ3NTQ2YWEifQ.ng2RMzNnQ0GzIr-MgSSJ4As7HERlNxQ1XHmwd9Ees1Y",1]} 
[2019-08-28 17:01:17] production.INFO: User has logged out {"fd":16} 
[2019-08-28 17:01:21] production.INFO: New user has entered {"fd":17} 
[2019-08-28 17:01:21] production.INFO: new message {"fd":17,"data":{"action":"login","type":1,"token":"eyJ0eXAiOiJKV1QiLCJhbGciOiJIUzI1NiJ9.eyJpc3MiOiJodHRwOlwvXC8yMTkuMTA2LjIyMS4xODU6OTBcL3YxXC9zZXR0aW5nc1wvcG9wcyIsImlhdCI6MTU2NjAyNjA2OCwiZXhwIjoxNTY2MDI5NjY4LCJuYmYiOjE1NjYwMjYwNjgsImp0aSI6Ikt2Mm9UTjlvN0ZHcVE0eVoiLCJzdWIiOjMsInBydiI6Ijg3ZTBhZjFlZjlmZDE1ODEyZmRlYzk3MTUzYTE0ZTBiMDQ3NTQ2YWEifQ.ng2RMzNnQ0GzIr-MgSSJ4As7HERlNxQ1XHmwd9Ees1Y"}} 
[2019-08-28 17:01:21] production.ERROR: User authorization failed {"params":[17,"eyJ0eXAiOiJKV1QiLCJhbGciOiJIUzI1NiJ9.eyJpc3MiOiJodHRwOlwvXC8yMTkuMTA2LjIyMS4xODU6OTBcL3YxXC9zZXR0aW5nc1wvcG9wcyIsImlhdCI6MTU2NjAyNjA2OCwiZXhwIjoxNTY2MDI5NjY4LCJuYmYiOjE1NjYwMjYwNjgsImp0aSI6Ikt2Mm9UTjlvN0ZHcVE0eVoiLCJzdWIiOjMsInBydiI6Ijg3ZTBhZjFlZjlmZDE1ODEyZmRlYzk3MTUzYTE0ZTBiMDQ3NTQ2YWEifQ.ng2RMzNnQ0GzIr-MgSSJ4As7HERlNxQ1XHmwd9Ees1Y",1]} 
[2019-08-28 17:01:21] production.INFO: User has logged out {"fd":17} 
[2019-08-28 17:01:24] production.INFO: New user has entered {"fd":18} 
[2019-08-28 17:01:24] production.INFO: new message {"fd":18,"data":{"action":"login","type":1,"token":"eyJ0eXAiOiJKV1QiLCJhbGciOiJIUzI1NiJ9.eyJpc3MiOiJodHRwOlwvXC8yMTkuMTA2LjIyMS4xODU6OTBcL3YxXC9zZXR0aW5nc1wvcG9wcyIsImlhdCI6MTU2NjAyNjA2OCwiZXhwIjoxNTY2MDI5NjY4LCJuYmYiOjE1NjYwMjYwNjgsImp0aSI6Ikt2Mm9UTjlvN0ZHcVE0eVoiLCJzdWIiOjMsInBydiI6Ijg3ZTBhZjFlZjlmZDE1ODEyZmRlYzk3MTUzYTE0ZTBiMDQ3NTQ2YWEifQ.ng2RMzNnQ0GzIr-MgSSJ4As7HERlNxQ1XHmwd9Ees1Y"}} 
[2019-08-28 17:01:24] production.ERROR: User authorization failed {"params":[18,"eyJ0eXAiOiJKV1QiLCJhbGciOiJIUzI1NiJ9.eyJpc3MiOiJodHRwOlwvXC8yMTkuMTA2LjIyMS4xODU6OTBcL3YxXC9zZXR0aW5nc1wvcG9wcyIsImlhdCI6MTU2NjAyNjA2OCwiZXhwIjoxNTY2MDI5NjY4LCJuYmYiOjE1NjYwMjYwNjgsImp0aSI6Ikt2Mm9UTjlvN0ZHcVE0eVoiLCJzdWIiOjMsInBydiI6Ijg3ZTBhZjFlZjlmZDE1ODEyZmRlYzk3MTUzYTE0ZTBiMDQ3NTQ2YWEifQ.ng2RMzNnQ0GzIr-MgSSJ4As7HERlNxQ1XHmwd9Ees1Y",1]} 
[2019-08-28 17:01:24] production.INFO: User has logged out {"fd":18} 
[2019-08-28 17:01:27] production.INFO: New user has entered {"fd":19} 
[2019-08-28 17:01:27] production.INFO: new message {"fd":19,"data":{"action":"login","type":1,"token":"eyJ0eXAiOiJKV1QiLCJhbGciOiJIUzI1NiJ9.eyJpc3MiOiJodHRwOlwvXC8yMTkuMTA2LjIyMS4xODU6OTBcL3YxXC9zZXR0aW5nc1wvcG9wcyIsImlhdCI6MTU2NjAyNjA2OCwiZXhwIjoxNTY2MDI5NjY4LCJuYmYiOjE1NjYwMjYwNjgsImp0aSI6Ikt2Mm9UTjlvN0ZHcVE0eVoiLCJzdWIiOjMsInBydiI6Ijg3ZTBhZjFlZjlmZDE1ODEyZmRlYzk3MTUzYTE0ZTBiMDQ3NTQ2YWEifQ.ng2RMzNnQ0GzIr-MgSSJ4As7HERlNxQ1XHmwd9Ees1Y"}} 
[2019-08-28 17:01:27] production.ERROR: User authorization failed {"params":[19,"eyJ0eXAiOiJKV1QiLCJhbGciOiJIUzI1NiJ9.eyJpc3MiOiJodHRwOlwvXC8yMTkuMTA2LjIyMS4xODU6OTBcL3YxXC9zZXR0aW5nc1wvcG9wcyIsImlhdCI6MTU2NjAyNjA2OCwiZXhwIjoxNTY2MDI5NjY4LCJuYmYiOjE1NjYwMjYwNjgsImp0aSI6Ikt2Mm9UTjlvN0ZHcVE0eVoiLCJzdWIiOjMsInBydiI6Ijg3ZTBhZjFlZjlmZDE1ODEyZmRlYzk3MTUzYTE0ZTBiMDQ3NTQ2YWEifQ.ng2RMzNnQ0GzIr-MgSSJ4As7HERlNxQ1XHmwd9Ees1Y",1]} 
[2019-08-28 17:01:27] production.INFO: User has logged out {"fd":19} 
[2019-08-28 17:01:31] production.INFO: New user has entered {"fd":20} 
[2019-08-28 17:01:31] production.INFO: new message {"fd":20,"data":{"action":"login","type":1,"token":"eyJ0eXAiOiJKV1QiLCJhbGciOiJIUzI1NiJ9.eyJpc3MiOiJodHRwOlwvXC8yMTkuMTA2LjIyMS4xODU6OTBcL3YxXC9zZXR0aW5nc1wvcG9wcyIsImlhdCI6MTU2NjAyNjA2OCwiZXhwIjoxNTY2MDI5NjY4LCJuYmYiOjE1NjYwMjYwNjgsImp0aSI6Ikt2Mm9UTjlvN0ZHcVE0eVoiLCJzdWIiOjMsInBydiI6Ijg3ZTBhZjFlZjlmZDE1ODEyZmRlYzk3MTUzYTE0ZTBiMDQ3NTQ2YWEifQ.ng2RMzNnQ0GzIr-MgSSJ4As7HERlNxQ1XHmwd9Ees1Y"}} 
[2019-08-28 17:01:31] production.ERROR: User authorization failed {"params":[20,"eyJ0eXAiOiJKV1QiLCJhbGciOiJIUzI1NiJ9.eyJpc3MiOiJodHRwOlwvXC8yMTkuMTA2LjIyMS4xODU6OTBcL3YxXC9zZXR0aW5nc1wvcG9wcyIsImlhdCI6MTU2NjAyNjA2OCwiZXhwIjoxNTY2MDI5NjY4LCJuYmYiOjE1NjYwMjYwNjgsImp0aSI6Ikt2Mm9UTjlvN0ZHcVE0eVoiLCJzdWIiOjMsInBydiI6Ijg3ZTBhZjFlZjlmZDE1ODEyZmRlYzk3MTUzYTE0ZTBiMDQ3NTQ2YWEifQ.ng2RMzNnQ0GzIr-MgSSJ4As7HERlNxQ1XHmwd9Ees1Y",1]} 
[2019-08-28 17:01:31] production.INFO: User has logged out {"fd":20} 
[2019-08-28 17:01:34] production.INFO: New user has entered {"fd":21} 
[2019-08-28 17:01:34] production.INFO: new message {"fd":21,"data":{"action":"login","type":1,"token":"eyJ0eXAiOiJKV1QiLCJhbGciOiJIUzI1NiJ9.eyJpc3MiOiJodHRwOlwvXC8yMTkuMTA2LjIyMS4xODU6OTBcL3YxXC9zZXR0aW5nc1wvcG9wcyIsImlhdCI6MTU2NjAyNjA2OCwiZXhwIjoxNTY2MDI5NjY4LCJuYmYiOjE1NjYwMjYwNjgsImp0aSI6Ikt2Mm9UTjlvN0ZHcVE0eVoiLCJzdWIiOjMsInBydiI6Ijg3ZTBhZjFlZjlmZDE1ODEyZmRlYzk3MTUzYTE0ZTBiMDQ3NTQ2YWEifQ.ng2RMzNnQ0GzIr-MgSSJ4As7HERlNxQ1XHmwd9Ees1Y"}} 
[2019-08-28 17:01:34] production.ERROR: User authorization failed {"params":[21,"eyJ0eXAiOiJKV1QiLCJhbGciOiJIUzI1NiJ9.eyJpc3MiOiJodHRwOlwvXC8yMTkuMTA2LjIyMS4xODU6OTBcL3YxXC9zZXR0aW5nc1wvcG9wcyIsImlhdCI6MTU2NjAyNjA2OCwiZXhwIjoxNTY2MDI5NjY4LCJuYmYiOjE1NjYwMjYwNjgsImp0aSI6Ikt2Mm9UTjlvN0ZHcVE0eVoiLCJzdWIiOjMsInBydiI6Ijg3ZTBhZjFlZjlmZDE1ODEyZmRlYzk3MTUzYTE0ZTBiMDQ3NTQ2YWEifQ.ng2RMzNnQ0GzIr-MgSSJ4As7HERlNxQ1XHmwd9Ees1Y",1]} 
[2019-08-28 17:01:34] production.INFO: User has logged out {"fd":21} 
[2019-08-28 17:02:16] production.INFO: New user has entered {"fd":22} 
[2019-08-28 17:02:17] production.INFO: new message {"fd":22,"data":{"action":"login","type":1,"token":"eyJ0eXAiOiJKV1QiLCJhbGciOiJIUzI1NiJ9.eyJpc3MiOiJodHRwOlwvXC8yMTkuMTA2LjIyMS4xODU6OTBcL3YxXC9zZXR0aW5nc1wvcG9wcyIsImlhdCI6MTU2NjAyNjA2OCwiZXhwIjoxNTY2MDI5NjY4LCJuYmYiOjE1NjYwMjYwNjgsImp0aSI6Ikt2Mm9UTjlvN0ZHcVE0eVoiLCJzdWIiOjMsInBydiI6Ijg3ZTBhZjFlZjlmZDE1ODEyZmRlYzk3MTUzYTE0ZTBiMDQ3NTQ2YWEifQ.ng2RMzNnQ0GzIr-MgSSJ4As7HERlNxQ1XHmwd9Ees1Y"}} 
[2019-08-28 17:02:17] production.ERROR: User authorization failed {"params":[22,"eyJ0eXAiOiJKV1QiLCJhbGciOiJIUzI1NiJ9.eyJpc3MiOiJodHRwOlwvXC8yMTkuMTA2LjIyMS4xODU6OTBcL3YxXC9zZXR0aW5nc1wvcG9wcyIsImlhdCI6MTU2NjAyNjA2OCwiZXhwIjoxNTY2MDI5NjY4LCJuYmYiOjE1NjYwMjYwNjgsImp0aSI6Ikt2Mm9UTjlvN0ZHcVE0eVoiLCJzdWIiOjMsInBydiI6Ijg3ZTBhZjFlZjlmZDE1ODEyZmRlYzk3MTUzYTE0ZTBiMDQ3NTQ2YWEifQ.ng2RMzNnQ0GzIr-MgSSJ4As7HERlNxQ1XHmwd9Ees1Y",1]} 
[2019-08-28 17:02:17] production.INFO: User has logged out {"fd":22} 
[2019-08-28 17:02:20] production.INFO: New user has entered {"fd":23} 
[2019-08-28 17:02:20] production.INFO: new message {"fd":23,"data":{"action":"login","type":1,"token":"eyJ0eXAiOiJKV1QiLCJhbGciOiJIUzI1NiJ9.eyJpc3MiOiJodHRwOlwvXC8yMTkuMTA2LjIyMS4xODU6OTBcL3YxXC9zZXR0aW5nc1wvcG9wcyIsImlhdCI6MTU2NjAyNjA2OCwiZXhwIjoxNTY2MDI5NjY4LCJuYmYiOjE1NjYwMjYwNjgsImp0aSI6Ikt2Mm9UTjlvN0ZHcVE0eVoiLCJzdWIiOjMsInBydiI6Ijg3ZTBhZjFlZjlmZDE1ODEyZmRlYzk3MTUzYTE0ZTBiMDQ3NTQ2YWEifQ.ng2RMzNnQ0GzIr-MgSSJ4As7HERlNxQ1XHmwd9Ees1Y"}} 
[2019-08-28 17:02:20] production.ERROR: User authorization failed {"params":[23,"eyJ0eXAiOiJKV1QiLCJhbGciOiJIUzI1NiJ9.eyJpc3MiOiJodHRwOlwvXC8yMTkuMTA2LjIyMS4xODU6OTBcL3YxXC9zZXR0aW5nc1wvcG9wcyIsImlhdCI6MTU2NjAyNjA2OCwiZXhwIjoxNTY2MDI5NjY4LCJuYmYiOjE1NjYwMjYwNjgsImp0aSI6Ikt2Mm9UTjlvN0ZHcVE0eVoiLCJzdWIiOjMsInBydiI6Ijg3ZTBhZjFlZjlmZDE1ODEyZmRlYzk3MTUzYTE0ZTBiMDQ3NTQ2YWEifQ.ng2RMzNnQ0GzIr-MgSSJ4As7HERlNxQ1XHmwd9Ees1Y",1]} 
[2019-08-28 17:02:20] production.INFO: User has logged out {"fd":23} 
[2019-08-28 17:02:23] production.INFO: New user has entered {"fd":24} 
[2019-08-28 17:02:23] production.INFO: new message {"fd":24,"data":{"action":"login","type":1,"token":"eyJ0eXAiOiJKV1QiLCJhbGciOiJIUzI1NiJ9.eyJpc3MiOiJodHRwOlwvXC8yMTkuMTA2LjIyMS4xODU6OTBcL3YxXC9zZXR0aW5nc1wvcG9wcyIsImlhdCI6MTU2NjAyNjA2OCwiZXhwIjoxNTY2MDI5NjY4LCJuYmYiOjE1NjYwMjYwNjgsImp0aSI6Ikt2Mm9UTjlvN0ZHcVE0eVoiLCJzdWIiOjMsInBydiI6Ijg3ZTBhZjFlZjlmZDE1ODEyZmRlYzk3MTUzYTE0ZTBiMDQ3NTQ2YWEifQ.ng2RMzNnQ0GzIr-MgSSJ4As7HERlNxQ1XHmwd9Ees1Y"}} 
[2019-08-28 17:02:23] production.ERROR: User authorization failed {"params":[24,"eyJ0eXAiOiJKV1QiLCJhbGciOiJIUzI1NiJ9.eyJpc3MiOiJodHRwOlwvXC8yMTkuMTA2LjIyMS4xODU6OTBcL3YxXC9zZXR0aW5nc1wvcG9wcyIsImlhdCI6MTU2NjAyNjA2OCwiZXhwIjoxNTY2MDI5NjY4LCJuYmYiOjE1NjYwMjYwNjgsImp0aSI6Ikt2Mm9UTjlvN0ZHcVE0eVoiLCJzdWIiOjMsInBydiI6Ijg3ZTBhZjFlZjlmZDE1ODEyZmRlYzk3MTUzYTE0ZTBiMDQ3NTQ2YWEifQ.ng2RMzNnQ0GzIr-MgSSJ4As7HERlNxQ1XHmwd9Ees1Y",1]} 
[2019-08-28 17:02:23] production.INFO: User has logged out {"fd":24} 
[2019-08-28 17:02:26] production.INFO: New user has entered {"fd":25} 
[2019-08-28 17:02:27] production.INFO: new message {"fd":25,"data":{"action":"login","type":1,"token":"eyJ0eXAiOiJKV1QiLCJhbGciOiJIUzI1NiJ9.eyJpc3MiOiJodHRwOlwvXC8yMTkuMTA2LjIyMS4xODU6OTBcL3YxXC9zZXR0aW5nc1wvcG9wcyIsImlhdCI6MTU2NjAyNjA2OCwiZXhwIjoxNTY2MDI5NjY4LCJuYmYiOjE1NjYwMjYwNjgsImp0aSI6Ikt2Mm9UTjlvN0ZHcVE0eVoiLCJzdWIiOjMsInBydiI6Ijg3ZTBhZjFlZjlmZDE1ODEyZmRlYzk3MTUzYTE0ZTBiMDQ3NTQ2YWEifQ.ng2RMzNnQ0GzIr-MgSSJ4As7HERlNxQ1XHmwd9Ees1Y"}} 
[2019-08-28 17:02:27] production.ERROR: User authorization failed {"params":[25,"eyJ0eXAiOiJKV1QiLCJhbGciOiJIUzI1NiJ9.eyJpc3MiOiJodHRwOlwvXC8yMTkuMTA2LjIyMS4xODU6OTBcL3YxXC9zZXR0aW5nc1wvcG9wcyIsImlhdCI6MTU2NjAyNjA2OCwiZXhwIjoxNTY2MDI5NjY4LCJuYmYiOjE1NjYwMjYwNjgsImp0aSI6Ikt2Mm9UTjlvN0ZHcVE0eVoiLCJzdWIiOjMsInBydiI6Ijg3ZTBhZjFlZjlmZDE1ODEyZmRlYzk3MTUzYTE0ZTBiMDQ3NTQ2YWEifQ.ng2RMzNnQ0GzIr-MgSSJ4As7HERlNxQ1XHmwd9Ees1Y",1]} 
[2019-08-28 17:02:27] production.INFO: User has logged out {"fd":25} 
[2019-08-28 17:02:30] production.INFO: New user has entered {"fd":26} 
[2019-08-28 17:02:30] production.INFO: new message {"fd":26,"data":{"action":"login","type":1,"token":"eyJ0eXAiOiJKV1QiLCJhbGciOiJIUzI1NiJ9.eyJpc3MiOiJodHRwOlwvXC8yMTkuMTA2LjIyMS4xODU6OTBcL3YxXC9zZXR0aW5nc1wvcG9wcyIsImlhdCI6MTU2NjAyNjA2OCwiZXhwIjoxNTY2MDI5NjY4LCJuYmYiOjE1NjYwMjYwNjgsImp0aSI6Ikt2Mm9UTjlvN0ZHcVE0eVoiLCJzdWIiOjMsInBydiI6Ijg3ZTBhZjFlZjlmZDE1ODEyZmRlYzk3MTUzYTE0ZTBiMDQ3NTQ2YWEifQ.ng2RMzNnQ0GzIr-MgSSJ4As7HERlNxQ1XHmwd9Ees1Y"}} 
[2019-08-28 17:02:30] production.ERROR: User authorization failed {"params":[26,"eyJ0eXAiOiJKV1QiLCJhbGciOiJIUzI1NiJ9.eyJpc3MiOiJodHRwOlwvXC8yMTkuMTA2LjIyMS4xODU6OTBcL3YxXC9zZXR0aW5nc1wvcG9wcyIsImlhdCI6MTU2NjAyNjA2OCwiZXhwIjoxNTY2MDI5NjY4LCJuYmYiOjE1NjYwMjYwNjgsImp0aSI6Ikt2Mm9UTjlvN0ZHcVE0eVoiLCJzdWIiOjMsInBydiI6Ijg3ZTBhZjFlZjlmZDE1ODEyZmRlYzk3MTUzYTE0ZTBiMDQ3NTQ2YWEifQ.ng2RMzNnQ0GzIr-MgSSJ4As7HERlNxQ1XHmwd9Ees1Y",1]} 
[2019-08-28 17:02:30] production.INFO: User has logged out {"fd":26} 
[2019-08-28 17:02:33] production.INFO: New user has entered {"fd":27} 
[2019-08-28 17:02:33] production.INFO: new message {"fd":27,"data":{"action":"login","type":1,"token":"eyJ0eXAiOiJKV1QiLCJhbGciOiJIUzI1NiJ9.eyJpc3MiOiJodHRwOlwvXC8yMTkuMTA2LjIyMS4xODU6OTBcL3YxXC9zZXR0aW5nc1wvcG9wcyIsImlhdCI6MTU2NjAyNjA2OCwiZXhwIjoxNTY2MDI5NjY4LCJuYmYiOjE1NjYwMjYwNjgsImp0aSI6Ikt2Mm9UTjlvN0ZHcVE0eVoiLCJzdWIiOjMsInBydiI6Ijg3ZTBhZjFlZjlmZDE1ODEyZmRlYzk3MTUzYTE0ZTBiMDQ3NTQ2YWEifQ.ng2RMzNnQ0GzIr-MgSSJ4As7HERlNxQ1XHmwd9Ees1Y"}} 
[2019-08-28 17:02:33] production.ERROR: User authorization failed {"params":[27,"eyJ0eXAiOiJKV1QiLCJhbGciOiJIUzI1NiJ9.eyJpc3MiOiJodHRwOlwvXC8yMTkuMTA2LjIyMS4xODU6OTBcL3YxXC9zZXR0aW5nc1wvcG9wcyIsImlhdCI6MTU2NjAyNjA2OCwiZXhwIjoxNTY2MDI5NjY4LCJuYmYiOjE1NjYwMjYwNjgsImp0aSI6Ikt2Mm9UTjlvN0ZHcVE0eVoiLCJzdWIiOjMsInBydiI6Ijg3ZTBhZjFlZjlmZDE1ODEyZmRlYzk3MTUzYTE0ZTBiMDQ3NTQ2YWEifQ.ng2RMzNnQ0GzIr-MgSSJ4As7HERlNxQ1XHmwd9Ees1Y",1]} 
[2019-08-28 17:02:33] production.INFO: User has logged out {"fd":27} 
[2019-08-28 17:02:36] production.INFO: New user has entered {"fd":28} 
[2019-08-28 17:02:36] production.INFO: new message {"fd":28,"data":{"action":"login","type":1,"token":"eyJ0eXAiOiJKV1QiLCJhbGciOiJIUzI1NiJ9.eyJpc3MiOiJodHRwOlwvXC8yMTkuMTA2LjIyMS4xODU6OTBcL3YxXC9zZXR0aW5nc1wvcG9wcyIsImlhdCI6MTU2NjAyNjA2OCwiZXhwIjoxNTY2MDI5NjY4LCJuYmYiOjE1NjYwMjYwNjgsImp0aSI6Ikt2Mm9UTjlvN0ZHcVE0eVoiLCJzdWIiOjMsInBydiI6Ijg3ZTBhZjFlZjlmZDE1ODEyZmRlYzk3MTUzYTE0ZTBiMDQ3NTQ2YWEifQ.ng2RMzNnQ0GzIr-MgSSJ4As7HERlNxQ1XHmwd9Ees1Y"}} 
[2019-08-28 17:02:36] production.ERROR: User authorization failed {"params":[28,"eyJ0eXAiOiJKV1QiLCJhbGciOiJIUzI1NiJ9.eyJpc3MiOiJodHRwOlwvXC8yMTkuMTA2LjIyMS4xODU6OTBcL3YxXC9zZXR0aW5nc1wvcG9wcyIsImlhdCI6MTU2NjAyNjA2OCwiZXhwIjoxNTY2MDI5NjY4LCJuYmYiOjE1NjYwMjYwNjgsImp0aSI6Ikt2Mm9UTjlvN0ZHcVE0eVoiLCJzdWIiOjMsInBydiI6Ijg3ZTBhZjFlZjlmZDE1ODEyZmRlYzk3MTUzYTE0ZTBiMDQ3NTQ2YWEifQ.ng2RMzNnQ0GzIr-MgSSJ4As7HERlNxQ1XHmwd9Ees1Y",1]} 
[2019-08-28 17:02:36] production.INFO: User has logged out {"fd":28} 
[2019-08-28 17:02:40] production.INFO: New user has entered {"fd":29} 
[2019-08-28 17:02:40] production.INFO: new message {"fd":29,"data":{"action":"login","type":1,"token":"eyJ0eXAiOiJKV1QiLCJhbGciOiJIUzI1NiJ9.eyJpc3MiOiJodHRwOlwvXC8yMTkuMTA2LjIyMS4xODU6OTBcL3YxXC9zZXR0aW5nc1wvcG9wcyIsImlhdCI6MTU2NjAyNjA2OCwiZXhwIjoxNTY2MDI5NjY4LCJuYmYiOjE1NjYwMjYwNjgsImp0aSI6Ikt2Mm9UTjlvN0ZHcVE0eVoiLCJzdWIiOjMsInBydiI6Ijg3ZTBhZjFlZjlmZDE1ODEyZmRlYzk3MTUzYTE0ZTBiMDQ3NTQ2YWEifQ.ng2RMzNnQ0GzIr-MgSSJ4As7HERlNxQ1XHmwd9Ees1Y"}} 
[2019-08-28 17:02:40] production.ERROR: User authorization failed {"params":[29,"eyJ0eXAiOiJKV1QiLCJhbGciOiJIUzI1NiJ9.eyJpc3MiOiJodHRwOlwvXC8yMTkuMTA2LjIyMS4xODU6OTBcL3YxXC9zZXR0aW5nc1wvcG9wcyIsImlhdCI6MTU2NjAyNjA2OCwiZXhwIjoxNTY2MDI5NjY4LCJuYmYiOjE1NjYwMjYwNjgsImp0aSI6Ikt2Mm9UTjlvN0ZHcVE0eVoiLCJzdWIiOjMsInBydiI6Ijg3ZTBhZjFlZjlmZDE1ODEyZmRlYzk3MTUzYTE0ZTBiMDQ3NTQ2YWEifQ.ng2RMzNnQ0GzIr-MgSSJ4As7HERlNxQ1XHmwd9Ees1Y",1]} 
[2019-08-28 17:02:40] production.INFO: User has logged out {"fd":29} 
[2019-08-28 17:02:43] production.INFO: New user has entered {"fd":30} 
[2019-08-28 17:02:43] production.INFO: new message {"fd":30,"data":{"action":"login","type":1,"token":"eyJ0eXAiOiJKV1QiLCJhbGciOiJIUzI1NiJ9.eyJpc3MiOiJodHRwOlwvXC8yMTkuMTA2LjIyMS4xODU6OTBcL3YxXC9zZXR0aW5nc1wvcG9wcyIsImlhdCI6MTU2NjAyNjA2OCwiZXhwIjoxNTY2MDI5NjY4LCJuYmYiOjE1NjYwMjYwNjgsImp0aSI6Ikt2Mm9UTjlvN0ZHcVE0eVoiLCJzdWIiOjMsInBydiI6Ijg3ZTBhZjFlZjlmZDE1ODEyZmRlYzk3MTUzYTE0ZTBiMDQ3NTQ2YWEifQ.ng2RMzNnQ0GzIr-MgSSJ4As7HERlNxQ1XHmwd9Ees1Y"}} 
[2019-08-28 17:02:43] production.ERROR: User authorization failed {"params":[30,"eyJ0eXAiOiJKV1QiLCJhbGciOiJIUzI1NiJ9.eyJpc3MiOiJodHRwOlwvXC8yMTkuMTA2LjIyMS4xODU6OTBcL3YxXC9zZXR0aW5nc1wvcG9wcyIsImlhdCI6MTU2NjAyNjA2OCwiZXhwIjoxNTY2MDI5NjY4LCJuYmYiOjE1NjYwMjYwNjgsImp0aSI6Ikt2Mm9UTjlvN0ZHcVE0eVoiLCJzdWIiOjMsInBydiI6Ijg3ZTBhZjFlZjlmZDE1ODEyZmRlYzk3MTUzYTE0ZTBiMDQ3NTQ2YWEifQ.ng2RMzNnQ0GzIr-MgSSJ4As7HERlNxQ1XHmwd9Ees1Y",1]} 
[2019-08-28 17:02:43] production.INFO: User has logged out {"fd":30} 
[2019-08-28 17:02:46] production.INFO: New user has entered {"fd":31} 
[2019-08-28 17:02:46] production.INFO: new message {"fd":31,"data":{"action":"login","type":1,"token":"eyJ0eXAiOiJKV1QiLCJhbGciOiJIUzI1NiJ9.eyJpc3MiOiJodHRwOlwvXC8yMTkuMTA2LjIyMS4xODU6OTBcL3YxXC9zZXR0aW5nc1wvcG9wcyIsImlhdCI6MTU2NjAyNjA2OCwiZXhwIjoxNTY2MDI5NjY4LCJuYmYiOjE1NjYwMjYwNjgsImp0aSI6Ikt2Mm9UTjlvN0ZHcVE0eVoiLCJzdWIiOjMsInBydiI6Ijg3ZTBhZjFlZjlmZDE1ODEyZmRlYzk3MTUzYTE0ZTBiMDQ3NTQ2YWEifQ.ng2RMzNnQ0GzIr-MgSSJ4As7HERlNxQ1XHmwd9Ees1Y"}} 
[2019-08-28 17:02:46] production.ERROR: User authorization failed {"params":[31,"eyJ0eXAiOiJKV1QiLCJhbGciOiJIUzI1NiJ9.eyJpc3MiOiJodHRwOlwvXC8yMTkuMTA2LjIyMS4xODU6OTBcL3YxXC9zZXR0aW5nc1wvcG9wcyIsImlhdCI6MTU2NjAyNjA2OCwiZXhwIjoxNTY2MDI5NjY4LCJuYmYiOjE1NjYwMjYwNjgsImp0aSI6Ikt2Mm9UTjlvN0ZHcVE0eVoiLCJzdWIiOjMsInBydiI6Ijg3ZTBhZjFlZjlmZDE1ODEyZmRlYzk3MTUzYTE0ZTBiMDQ3NTQ2YWEifQ.ng2RMzNnQ0GzIr-MgSSJ4As7HERlNxQ1XHmwd9Ees1Y",1]} 
[2019-08-28 17:02:46] production.INFO: User has logged out {"fd":31} 
[2019-08-28 17:02:50] production.INFO: New user has entered {"fd":32} 
[2019-08-28 17:02:50] production.INFO: new message {"fd":32,"data":{"action":"login","type":1,"token":"eyJ0eXAiOiJKV1QiLCJhbGciOiJIUzI1NiJ9.eyJpc3MiOiJodHRwOlwvXC8yMTkuMTA2LjIyMS4xODU6OTBcL3YxXC9zZXR0aW5nc1wvcG9wcyIsImlhdCI6MTU2NjAyNjA2OCwiZXhwIjoxNTY2MDI5NjY4LCJuYmYiOjE1NjYwMjYwNjgsImp0aSI6Ikt2Mm9UTjlvN0ZHcVE0eVoiLCJzdWIiOjMsInBydiI6Ijg3ZTBhZjFlZjlmZDE1ODEyZmRlYzk3MTUzYTE0ZTBiMDQ3NTQ2YWEifQ.ng2RMzNnQ0GzIr-MgSSJ4As7HERlNxQ1XHmwd9Ees1Y"}} 
[2019-08-28 17:02:50] production.ERROR: User authorization failed {"params":[32,"eyJ0eXAiOiJKV1QiLCJhbGciOiJIUzI1NiJ9.eyJpc3MiOiJodHRwOlwvXC8yMTkuMTA2LjIyMS4xODU6OTBcL3YxXC9zZXR0aW5nc1wvcG9wcyIsImlhdCI6MTU2NjAyNjA2OCwiZXhwIjoxNTY2MDI5NjY4LCJuYmYiOjE1NjYwMjYwNjgsImp0aSI6Ikt2Mm9UTjlvN0ZHcVE0eVoiLCJzdWIiOjMsInBydiI6Ijg3ZTBhZjFlZjlmZDE1ODEyZmRlYzk3MTUzYTE0ZTBiMDQ3NTQ2YWEifQ.ng2RMzNnQ0GzIr-MgSSJ4As7HERlNxQ1XHmwd9Ees1Y",1]} 
[2019-08-28 17:02:50] production.INFO: User has logged out {"fd":32} 
[2019-08-28 17:02:53] production.INFO: New user has entered {"fd":33} 
[2019-08-28 17:02:53] production.INFO: User has logged out {"fd":33} 
[2019-08-28 17:07:15] production.INFO: New user has entered {"fd":35} 
[2019-08-28 17:07:16] production.INFO: new message {"fd":35,"data":{"action":"login","type":0,"token":"eyJ0eXAiOiJKV1QiLCJhbGciOiJIUzI1NiJ9.eyJpc3MiOiJodHRwOlwvXC8yMTkuMTA2LjIyMS4xODU6OTBcL3YxXC90b2tlbnMiLCJpYXQiOjE1NjY5Nzk2MzUsImV4cCI6MTU2Njk4MzIzNSwibmJmIjoxNTY2OTc5NjM1LCJqdGkiOiJ3WXJuZlhGeUc0NFc4V1V3Iiwic3ViIjoxLCJwcnYiOiI4N2UwYWYxZWY5ZmQxNTgxMmZkZWM5NzE1M2ExNGUwYjA0NzU0NmFhIn0.gQNqPTBNZHuXxfSUvmpYtMg7q9DYdNRlPz_rJhsqYvc"}} 
[2019-08-28 17:07:30] production.INFO: User has logged out {"fd":35} 
[2019-08-28 17:07:30] production.INFO: New user has entered {"fd":38} 
[2019-08-28 17:07:30] production.INFO: new message {"fd":38,"data":{"action":"login","type":0,"token":"eyJ0eXAiOiJKV1QiLCJhbGciOiJIUzI1NiJ9.eyJpc3MiOiJodHRwOlwvXC8yMTkuMTA2LjIyMS4xODU6OTBcL3YxXC90b2tlbnMiLCJpYXQiOjE1NjY5Nzk2MzUsImV4cCI6MTU2Njk4MzIzNSwibmJmIjoxNTY2OTc5NjM1LCJqdGkiOiJ3WXJuZlhGeUc0NFc4V1V3Iiwic3ViIjoxLCJwcnYiOiI4N2UwYWYxZWY5ZmQxNTgxMmZkZWM5NzE1M2ExNGUwYjA0NzU0NmFhIn0.gQNqPTBNZHuXxfSUvmpYtMg7q9DYdNRlPz_rJhsqYvc"}} 
[2019-08-28 17:08:44] production.INFO: New user has entered {"fd":36} 
[2019-08-28 17:08:44] production.INFO: new message {"fd":36,"data":{"action":"login","type":1,"token":"eyJ0eXAiOiJKV1QiLCJhbGciOiJIUzI1NiJ9.eyJpc3MiOiJodHRwOlwvXC8yMTkuMTA2LjIyMS4xODU6OTBcL3YxXC9hbGxvdyIsImlhdCI6MTU2Njk3OTcyMywiZXhwIjoxNTY2OTgzMzIzLCJuYmYiOjE1NjY5Nzk3MjMsImp0aSI6IlFJT1pXSTFEVXlOY2hzNXgiLCJzdWIiOjMsInBydiI6Ijg3ZTBhZjFlZjlmZDE1ODEyZmRlYzk3MTUzYTE0ZTBiMDQ3NTQ2YWEifQ.k88TG8VPK8-CaRQL1VFxHNFTO0Q8gRYSF0-J9FEoA3U"}} 
[2019-08-28 17:08:49] production.INFO: User has logged out {"fd":36} 
[2019-08-28 17:08:49] production.INFO: New user has entered {"fd":40} 
[2019-08-28 17:08:49] production.INFO: new message {"fd":40,"data":{"action":"login","type":1,"token":"eyJ0eXAiOiJKV1QiLCJhbGciOiJIUzI1NiJ9.eyJpc3MiOiJodHRwOlwvXC8yMTkuMTA2LjIyMS4xODU6OTBcL3YxXC9hbGxvdyIsImlhdCI6MTU2Njk3OTcyMywiZXhwIjoxNTY2OTgzMzIzLCJuYmYiOjE1NjY5Nzk3MjMsImp0aSI6IlFJT1pXSTFEVXlOY2hzNXgiLCJzdWIiOjMsInBydiI6Ijg3ZTBhZjFlZjlmZDE1ODEyZmRlYzk3MTUzYTE0ZTBiMDQ3NTQ2YWEifQ.k88TG8VPK8-CaRQL1VFxHNFTO0Q8gRYSF0-J9FEoA3U"}} 
[2019-08-28 17:11:23] production.INFO: User has logged out {"fd":40} 
[2019-08-28 17:11:24] production.INFO: New user has entered {"fd":39} 
[2019-08-28 17:11:24] production.INFO: new message {"fd":39,"data":{"action":"login","type":1,"token":"eyJ0eXAiOiJKV1QiLCJhbGciOiJIUzI1NiJ9.eyJpc3MiOiJodHRwOlwvXC8yMTkuMTA2LjIyMS4xODU6OTBcL3YxXC9hbGxvdyIsImlhdCI6MTU2Njk3OTcyMywiZXhwIjoxNTY2OTgzMzIzLCJuYmYiOjE1NjY5Nzk3MjMsImp0aSI6IlFJT1pXSTFEVXlOY2hzNXgiLCJzdWIiOjMsInBydiI6Ijg3ZTBhZjFlZjlmZDE1ODEyZmRlYzk3MTUzYTE0ZTBiMDQ3NTQ2YWEifQ.k88TG8VPK8-CaRQL1VFxHNFTO0Q8gRYSF0-J9FEoA3U"}} 
[2019-08-28 17:11:34] production.INFO: User has logged out {"fd":39} 
[2019-08-28 17:12:28] production.INFO: New user has entered {"fd":42} 
[2019-08-28 17:12:28] production.INFO: new message {"fd":42,"data":{"action":"login","type":0,"token":"eyJ0eXAiOiJKV1QiLCJhbGciOiJIUzI1NiJ9.eyJpc3MiOiJodHRwOlwvXC8yMTkuMTA2LjIyMS4xODU6OTBcL3YxXC9zZXR0aW5nc1wvcG9wcyIsImlhdCI6MTU2NjAwNDcyMiwiZXhwIjoxNTY2MDM1MTk4LCJuYmYiOjE1NjYwMzE1OTgsImp0aSI6IkQ0dUZ2ZUFlR29XTTlQN3QiLCJzdWIiOjEsInBydiI6Ijg3ZTBhZjFlZjlmZDE1ODEyZmRlYzk3MTUzYTE0ZTBiMDQ3NTQ2YWEifQ.sM0jbuCUPWN8yARLyxu0JpVvaodiC04GovzkGILtbXQ"}} 
[2019-08-28 17:12:28] production.ERROR: User authorization failed {"params":[42,"eyJ0eXAiOiJKV1QiLCJhbGciOiJIUzI1NiJ9.eyJpc3MiOiJodHRwOlwvXC8yMTkuMTA2LjIyMS4xODU6OTBcL3YxXC9zZXR0aW5nc1wvcG9wcyIsImlhdCI6MTU2NjAwNDcyMiwiZXhwIjoxNTY2MDM1MTk4LCJuYmYiOjE1NjYwMzE1OTgsImp0aSI6IkQ0dUZ2ZUFlR29XTTlQN3QiLCJzdWIiOjEsInBydiI6Ijg3ZTBhZjFlZjlmZDE1ODEyZmRlYzk3MTUzYTE0ZTBiMDQ3NTQ2YWEifQ.sM0jbuCUPWN8yARLyxu0JpVvaodiC04GovzkGILtbXQ",0]} 
[2019-08-28 17:12:28] production.INFO: User has logged out {"fd":42} 
[2019-08-28 17:15:59] production.INFO: User has logged out {"fd":38} 
[2019-08-28 17:27:33] production.INFO: New user has entered {"fd":2} 
[2019-08-28 17:27:33] production.INFO: new message {"fd":2,"data":{"action":"login","type":1,"token":"eyJ0eXAiOiJKV1QiLCJhbGciOiJIUzI1NiJ9.eyJpc3MiOiJodHRwOlwvXC8yMTkuMTA2LjIyMS4xODU6OTBcL3YxXC9zZXR0aW5nc1wvcG9wcyIsImlhdCI6MTU2NjAxNTM2OSwiZXhwIjoxNTY2MDM0OTg5LCJuYmYiOjE1NjYwMzEzODksImp0aSI6IlVCTVpGZEFqd1E0SHYwR0EiLCJzdWIiOjE5LCJwcnYiOiI4N2UwYWYxZWY5ZmQxNTgxMmZkZWM5NzE1M2ExNGUwYjA0NzU0NmFhIn0.nC8M1Sc6T4OfuWcn7AjBo2CZlcYvy4yMDvVBf0GT5Jc"}} 
[2019-08-28 17:27:33] production.INFO: User has logged out {"fd":2} 
[2019-08-28 17:27:33] production.ERROR: User authorization failed {"params":[2,"eyJ0eXAiOiJKV1QiLCJhbGciOiJIUzI1NiJ9.eyJpc3MiOiJodHRwOlwvXC8yMTkuMTA2LjIyMS4xODU6OTBcL3YxXC9zZXR0aW5nc1wvcG9wcyIsImlhdCI6MTU2NjAxNTM2OSwiZXhwIjoxNTY2MDM0OTg5LCJuYmYiOjE1NjYwMzEzODksImp0aSI6IlVCTVpGZEFqd1E0SHYwR0EiLCJzdWIiOjE5LCJwcnYiOiI4N2UwYWYxZWY5ZmQxNTgxMmZkZWM5NzE1M2ExNGUwYjA0NzU0NmFhIn0.nC8M1Sc6T4OfuWcn7AjBo2CZlcYvy4yMDvVBf0GT5Jc",1]} 
[2019-08-28 17:42:01] production.INFO: New user has entered {"fd":8} 
[2019-08-28 17:42:01] production.INFO: new message {"fd":8,"data":{"action":"login","type":1,"token":"eyJ0eXAiOiJKV1QiLCJhbGciOiJIUzI1NiJ9.eyJpc3MiOiJodHRwOlwvXC8yMTkuMTA2LjIyMS4xODU6OTBcL3YxXC9hbGxvdyIsImlhdCI6MTU2Njk3OTcyMywiZXhwIjoxNTY2OTgzMzIzLCJuYmYiOjE1NjY5Nzk3MjMsImp0aSI6IlFJT1pXSTFEVXlOY2hzNXgiLCJzdWIiOjMsInBydiI6Ijg3ZTBhZjFlZjlmZDE1ODEyZmRlYzk3MTUzYTE0ZTBiMDQ3NTQ2YWEifQ.k88TG8VPK8-CaRQL1VFxHNFTO0Q8gRYSF0-J9FEoA3U"}} 
[2019-08-28 17:42:03] production.INFO: User has logged out {"fd":8} 
[2019-08-28 17:42:04] production.INFO: New user has entered {"fd":11} 
[2019-08-28 17:42:04] production.INFO: new message {"fd":11,"data":{"action":"login","type":1,"token":"eyJ0eXAiOiJKV1QiLCJhbGciOiJIUzI1NiJ9.eyJpc3MiOiJodHRwOlwvXC8yMTkuMTA2LjIyMS4xODU6OTBcL3YxXC9hbGxvdyIsImlhdCI6MTU2Njk3OTcyMywiZXhwIjoxNTY2OTgzMzIzLCJuYmYiOjE1NjY5Nzk3MjMsImp0aSI6IlFJT1pXSTFEVXlOY2hzNXgiLCJzdWIiOjMsInBydiI6Ijg3ZTBhZjFlZjlmZDE1ODEyZmRlYzk3MTUzYTE0ZTBiMDQ3NTQ2YWEifQ.k88TG8VPK8-CaRQL1VFxHNFTO0Q8gRYSF0-J9FEoA3U"}} 
[2019-08-28 17:42:07] production.INFO: User has logged out {"fd":11} 
[2019-08-28 17:42:07] production.INFO: New user has entered {"fd":12} 
[2019-08-28 17:42:07] production.INFO: new message {"fd":12,"data":{"action":"login","type":1,"token":"eyJ0eXAiOiJKV1QiLCJhbGciOiJIUzI1NiJ9.eyJpc3MiOiJodHRwOlwvXC8yMTkuMTA2LjIyMS4xODU6OTBcL3YxXC9hbGxvdyIsImlhdCI6MTU2Njk3OTcyMywiZXhwIjoxNTY2OTgzMzIzLCJuYmYiOjE1NjY5Nzk3MjMsImp0aSI6IlFJT1pXSTFEVXlOY2hzNXgiLCJzdWIiOjMsInBydiI6Ijg3ZTBhZjFlZjlmZDE1ODEyZmRlYzk3MTUzYTE0ZTBiMDQ3NTQ2YWEifQ.k88TG8VPK8-CaRQL1VFxHNFTO0Q8gRYSF0-J9FEoA3U"}} 
[2019-08-28 17:42:22] production.INFO: User has logged out {"fd":12} 
[2019-08-28 17:42:23] production.INFO: New user has entered {"fd":13} 
[2019-08-28 17:42:23] production.INFO: new message {"fd":13,"data":{"action":"login","type":1,"token":"eyJ0eXAiOiJKV1QiLCJhbGciOiJIUzI1NiJ9.eyJpc3MiOiJodHRwOlwvXC8yMTkuMTA2LjIyMS4xODU6OTBcL3YxXC9hbGxvdyIsImlhdCI6MTU2Njk3OTcyMywiZXhwIjoxNTY2OTgzMzIzLCJuYmYiOjE1NjY5Nzk3MjMsImp0aSI6IlFJT1pXSTFEVXlOY2hzNXgiLCJzdWIiOjMsInBydiI6Ijg3ZTBhZjFlZjlmZDE1ODEyZmRlYzk3MTUzYTE0ZTBiMDQ3NTQ2YWEifQ.k88TG8VPK8-CaRQL1VFxHNFTO0Q8gRYSF0-J9FEoA3U"}} 
[2019-08-28 17:42:25] production.INFO: User has logged out {"fd":13} 
[2019-08-28 17:42:50] production.INFO: New user has entered {"fd":14} 
[2019-08-28 17:42:50] production.INFO: new message {"fd":14,"data":{"action":"login","type":0,"token":"eyJ0eXAiOiJKV1QiLCJhbGciOiJIUzI1NiJ9.eyJpc3MiOiJodHRwOlwvXC8yMTkuMTA2LjIyMS4xODU6OTBcL3YxXC90b2tlbnMiLCJpYXQiOjE1NjU0MzgwMjMsImV4cCI6MTU2NTQ5ODMxMCwibmJmIjoxNTY1NDk0NzEwLCJqdGkiOiJvUlRSVmtReU9qdGE4R2F5Iiwic3ViIjoxLCJwcnYiOiI4N2UwYWYxZWY5ZmQxNTgxMmZkZWM5NzE1M2ExNGUwYjA0NzU0NmFhIn0.vIxp1sr1rovwI-cGRV_4IZ1EYQzNKBImyNSGQoZ4U14"}} 
[2019-08-28 17:42:51] production.INFO: User has logged out {"fd":14} 
[2019-08-28 17:42:51] production.ERROR: User authorization failed {"params":[14,"eyJ0eXAiOiJKV1QiLCJhbGciOiJIUzI1NiJ9.eyJpc3MiOiJodHRwOlwvXC8yMTkuMTA2LjIyMS4xODU6OTBcL3YxXC90b2tlbnMiLCJpYXQiOjE1NjU0MzgwMjMsImV4cCI6MTU2NTQ5ODMxMCwibmJmIjoxNTY1NDk0NzEwLCJqdGkiOiJvUlRSVmtReU9qdGE4R2F5Iiwic3ViIjoxLCJwcnYiOiI4N2UwYWYxZWY5ZmQxNTgxMmZkZWM5NzE1M2ExNGUwYjA0NzU0NmFhIn0.vIxp1sr1rovwI-cGRV_4IZ1EYQzNKBImyNSGQoZ4U14",0]} 
[2019-08-28 17:45:18] production.INFO: New user has entered {"fd":16} 
[2019-08-28 17:45:18] production.INFO: new message {"fd":16,"data":{"action":"login","type":0,"token":"eyJ0eXAiOiJKV1QiLCJhbGciOiJIUzI1NiJ9.eyJpc3MiOiJodHRwOlwvXC8yMTkuMTA2LjIyMS4xODU6OTBcL3YxXC90b2tlbnMiLCJpYXQiOjE1NjY5Nzk2MzUsImV4cCI6MTU2Njk4MzIzNSwibmJmIjoxNTY2OTc5NjM1LCJqdGkiOiJ3WXJuZlhGeUc0NFc4V1V3Iiwic3ViIjoxLCJwcnYiOiI4N2UwYWYxZWY5ZmQxNTgxMmZkZWM5NzE1M2ExNGUwYjA0NzU0NmFhIn0.gQNqPTBNZHuXxfSUvmpYtMg7q9DYdNRlPz_rJhsqYvc"}} 
[2019-08-28 17:45:43] production.INFO: New user has entered {"fd":18} 
[2019-08-28 17:45:44] production.INFO: new message {"fd":18,"data":{"action":"login","type":0,"token":"eyJ0eXAiOiJKV1QiLCJhbGciOiJIUzI1NiJ9.eyJpc3MiOiJodHRwOlwvXC8yMTkuMTA2LjIyMS4xODU6OTBcL3YxXC9kYXRhc1wvYWdlbnRzIiwiaWF0IjoxNTY2OTgxOTQzLCJleHAiOjE1NjY5ODU1NDMsIm5iZiI6MTU2Njk4MTk0MywianRpIjoicVBsTXBjTjk3TzEwa1JpMSIsInN1YiI6MSwicHJ2IjoiODdlMGFmMWVmOWZkMTU4MTJmZGVjOTcxNTNhMTRlMGIwNDc1NDZhYSJ9.IQbn8dugbO45hnPROJrFMD8EseLF8Ekq8tm8dsDz6P0"}} 
[2019-08-28 17:46:05] production.INFO: User has logged out {"fd":16} 
[2019-08-28 17:46:42] production.INFO: New user has entered {"fd":15} 
[2019-08-28 17:46:42] production.INFO: new message {"fd":15,"data":{"action":"login","type":0,"token":"eyJ0eXAiOiJKV1QiLCJhbGciOiJIUzI1NiJ9.eyJpc3MiOiJodHRwOlwvXC8yMTkuMTA2LjIyMS4xODU6OTBcL3YxXC90b2tlbnMiLCJpYXQiOjE1NjY5ODIwMDIsImV4cCI6MTU2Njk4NTYwMiwibmJmIjoxNTY2OTgyMDAyLCJqdGkiOiJxQWU2dHlZQ0dSREgzOEZGIiwic3ViIjoxLCJwcnYiOiI4N2UwYWYxZWY5ZmQxNTgxMmZkZWM5NzE1M2ExNGUwYjA0NzU0NmFhIn0.JlW7D6R6HEQW087hwAO2sG7mp3C58JiUqQ6UjmBWS8I"}} 
[2019-08-28 17:47:01] production.INFO: New user has entered {"fd":22} 
[2019-08-28 17:47:02] production.INFO: new message {"fd":22,"data":{"action":"login","type":1,"token":"eyJ0eXAiOiJKV1QiLCJhbGciOiJIUzI1NiJ9.eyJpc3MiOiJodHRwOlwvXC8yMTkuMTA2LjIyMS4xODU6OTBcL3YxXC9tZW1iZXJzIiwiaWF0IjoxNTY2OTgyMDIxLCJleHAiOjE1NjY5ODU2MjEsIm5iZiI6MTU2Njk4MjAyMSwianRpIjoiWlhMbGV3czZzNzVlMHZwdCIsInN1YiI6MywicHJ2IjoiODdlMGFmMWVmOWZkMTU4MTJmZGVjOTcxNTNhMTRlMGIwNDc1NDZhYSJ9.5lWH-KbCQL-_CBI0oC2KP0x3FXelcYx5m1JLCbf6SXo"}} 
[2019-08-28 17:48:26] production.INFO: New user has entered {"fd":25} 
[2019-08-28 17:48:26] production.INFO: new message {"fd":25,"data":{"action":"login","type":1,"token":"eyJ0eXAiOiJKV1QiLCJhbGciOiJIUzI1NiJ9.eyJpc3MiOiJodHRwOlwvXC8yMTkuMTA2LjIyMS4xODU6OTBcL3YxXC90b2tlbnMiLCJpYXQiOjE1NjY5ODIxMDUsImV4cCI6MTU2Njk4NTcwNSwibmJmIjoxNTY2OTgyMTA1LCJqdGkiOiJWQnhDRVJQNHcwaU5FY3d5Iiwic3ViIjo0LCJwcnYiOiI4N2UwYWYxZWY5ZmQxNTgxMmZkZWM5NzE1M2ExNGUwYjA0NzU0NmFhIn0.z_WRrvG91axWr2LsjBwa3dXyKAz3RsXeayPlFATQ9y4"}} 
[2019-08-28 17:50:07] production.INFO: User has logged out {"fd":22} 
[2019-08-28 17:50:08] production.INFO: New user has entered {"fd":24} 
[2019-08-28 17:50:08] production.INFO: new message {"fd":24,"data":{"action":"login","type":1,"token":"eyJ0eXAiOiJKV1QiLCJhbGciOiJIUzI1NiJ9.eyJpc3MiOiJodHRwOlwvXC8yMTkuMTA2LjIyMS4xODU6OTBcL3YxXC9tZW1iZXJzIiwiaWF0IjoxNTY2OTgyMDIxLCJleHAiOjE1NjY5ODU2MjEsIm5iZiI6MTU2Njk4MjAyMSwianRpIjoiWlhMbGV3czZzNzVlMHZwdCIsInN1YiI6MywicHJ2IjoiODdlMGFmMWVmOWZkMTU4MTJmZGVjOTcxNTNhMTRlMGIwNDc1NDZhYSJ9.5lWH-KbCQL-_CBI0oC2KP0x3FXelcYx5m1JLCbf6SXo"}} 
[2019-08-28 17:50:10] production.INFO: User has logged out {"fd":24} 
[2019-08-28 17:50:11] production.INFO: New user has entered {"fd":26} 
[2019-08-28 17:50:11] production.INFO: new message {"fd":26,"data":{"action":"login","type":1,"token":"eyJ0eXAiOiJKV1QiLCJhbGciOiJIUzI1NiJ9.eyJpc3MiOiJodHRwOlwvXC8yMTkuMTA2LjIyMS4xODU6OTBcL3YxXC9tZW1iZXJzIiwiaWF0IjoxNTY2OTgyMDIxLCJleHAiOjE1NjY5ODU2MjEsIm5iZiI6MTU2Njk4MjAyMSwianRpIjoiWlhMbGV3czZzNzVlMHZwdCIsInN1YiI6MywicHJ2IjoiODdlMGFmMWVmOWZkMTU4MTJmZGVjOTcxNTNhMTRlMGIwNDc1NDZhYSJ9.5lWH-KbCQL-_CBI0oC2KP0x3FXelcYx5m1JLCbf6SXo"}} 
[2019-08-28 17:50:13] production.INFO: User has logged out {"fd":26} 
[2019-08-28 17:50:14] production.INFO: New user has entered {"fd":27} 
[2019-08-28 17:50:14] production.INFO: new message {"fd":27,"data":{"action":"login","type":1,"token":"eyJ0eXAiOiJKV1QiLCJhbGciOiJIUzI1NiJ9.eyJpc3MiOiJodHRwOlwvXC8yMTkuMTA2LjIyMS4xODU6OTBcL3YxXC9tZW1iZXJzIiwiaWF0IjoxNTY2OTgyMDIxLCJleHAiOjE1NjY5ODU2MjEsIm5iZiI6MTU2Njk4MjAyMSwianRpIjoiWlhMbGV3czZzNzVlMHZwdCIsInN1YiI6MywicHJ2IjoiODdlMGFmMWVmOWZkMTU4MTJmZGVjOTcxNTNhMTRlMGIwNDc1NDZhYSJ9.5lWH-KbCQL-_CBI0oC2KP0x3FXelcYx5m1JLCbf6SXo"}} 
[2019-08-28 17:50:16] production.INFO: User has logged out {"fd":27} 
[2019-08-28 17:50:17] production.INFO: New user has entered {"fd":32} 
[2019-08-28 17:50:17] production.INFO: new message {"fd":32,"data":{"action":"login","type":1,"token":"eyJ0eXAiOiJKV1QiLCJhbGciOiJIUzI1NiJ9.eyJpc3MiOiJodHRwOlwvXC8yMTkuMTA2LjIyMS4xODU6OTBcL3YxXC9tZW1iZXJzIiwiaWF0IjoxNTY2OTgyMDIxLCJleHAiOjE1NjY5ODU2MjEsIm5iZiI6MTU2Njk4MjAyMSwianRpIjoiWlhMbGV3czZzNzVlMHZwdCIsInN1YiI6MywicHJ2IjoiODdlMGFmMWVmOWZkMTU4MTJmZGVjOTcxNTNhMTRlMGIwNDc1NDZhYSJ9.5lWH-KbCQL-_CBI0oC2KP0x3FXelcYx5m1JLCbf6SXo"}} 
[2019-08-28 17:50:18] production.INFO: User has logged out {"fd":25} 
[2019-08-28 17:50:18] production.INFO: New user has entered {"fd":30} 
[2019-08-28 17:50:18] production.INFO: new message {"fd":30,"data":{"action":"login","type":1,"token":"eyJ0eXAiOiJKV1QiLCJhbGciOiJIUzI1NiJ9.eyJpc3MiOiJodHRwOlwvXC8yMTkuMTA2LjIyMS4xODU6OTBcL3YxXC90b2tlbnMiLCJpYXQiOjE1NjY5ODIxMDUsImV4cCI6MTU2Njk4NTcwNSwibmJmIjoxNTY2OTgyMTA1LCJqdGkiOiJWQnhDRVJQNHcwaU5FY3d5Iiwic3ViIjo0LCJwcnYiOiI4N2UwYWYxZWY5ZmQxNTgxMmZkZWM5NzE1M2ExNGUwYjA0NzU0NmFhIn0.z_WRrvG91axWr2LsjBwa3dXyKAz3RsXeayPlFATQ9y4"}} 
[2019-08-28 17:50:20] production.INFO: User has logged out {"fd":30} 
[2019-08-28 17:50:20] production.INFO: New user has entered {"fd":29} 
[2019-08-28 17:50:21] production.INFO: new message {"fd":29,"data":{"action":"login","type":1,"token":"eyJ0eXAiOiJKV1QiLCJhbGciOiJIUzI1NiJ9.eyJpc3MiOiJodHRwOlwvXC8yMTkuMTA2LjIyMS4xODU6OTBcL3YxXC90b2tlbnMiLCJpYXQiOjE1NjY5ODIxMDUsImV4cCI6MTU2Njk4NTcwNSwibmJmIjoxNTY2OTgyMTA1LCJqdGkiOiJWQnhDRVJQNHcwaU5FY3d5Iiwic3ViIjo0LCJwcnYiOiI4N2UwYWYxZWY5ZmQxNTgxMmZkZWM5NzE1M2ExNGUwYjA0NzU0NmFhIn0.z_WRrvG91axWr2LsjBwa3dXyKAz3RsXeayPlFATQ9y4"}} 
[2019-08-28 17:50:23] production.INFO: User has logged out {"fd":29} 
[2019-08-28 17:50:23] production.INFO: New user has entered {"fd":31} 
[2019-08-28 17:50:23] production.INFO: new message {"fd":31,"data":{"action":"login","type":1,"token":"eyJ0eXAiOiJKV1QiLCJhbGciOiJIUzI1NiJ9.eyJpc3MiOiJodHRwOlwvXC8yMTkuMTA2LjIyMS4xODU6OTBcL3YxXC90b2tlbnMiLCJpYXQiOjE1NjY5ODIxMDUsImV4cCI6MTU2Njk4NTcwNSwibmJmIjoxNTY2OTgyMTA1LCJqdGkiOiJWQnhDRVJQNHcwaU5FY3d5Iiwic3ViIjo0LCJwcnYiOiI4N2UwYWYxZWY5ZmQxNTgxMmZkZWM5NzE1M2ExNGUwYjA0NzU0NmFhIn0.z_WRrvG91axWr2LsjBwa3dXyKAz3RsXeayPlFATQ9y4"}} 
[2019-08-28 17:50:25] production.INFO: User has logged out {"fd":31} 
[2019-08-28 17:50:25] production.INFO: New user has entered {"fd":33} 
[2019-08-28 17:50:25] production.INFO: new message {"fd":33,"data":{"action":"login","type":1,"token":"eyJ0eXAiOiJKV1QiLCJhbGciOiJIUzI1NiJ9.eyJpc3MiOiJodHRwOlwvXC8yMTkuMTA2LjIyMS4xODU6OTBcL3YxXC90b2tlbnMiLCJpYXQiOjE1NjY5ODIxMDUsImV4cCI6MTU2Njk4NTcwNSwibmJmIjoxNTY2OTgyMTA1LCJqdGkiOiJWQnhDRVJQNHcwaU5FY3d5Iiwic3ViIjo0LCJwcnYiOiI4N2UwYWYxZWY5ZmQxNTgxMmZkZWM5NzE1M2ExNGUwYjA0NzU0NmFhIn0.z_WRrvG91axWr2LsjBwa3dXyKAz3RsXeayPlFATQ9y4"}} 
[2019-08-28 17:50:26] production.INFO: User has logged out {"fd":33} 
[2019-08-28 17:50:26] production.INFO: New user has entered {"fd":28} 
[2019-08-28 17:50:26] production.INFO: new message {"fd":28,"data":{"action":"login","type":1,"token":"eyJ0eXAiOiJKV1QiLCJhbGciOiJIUzI1NiJ9.eyJpc3MiOiJodHRwOlwvXC8yMTkuMTA2LjIyMS4xODU6OTBcL3YxXC90b2tlbnMiLCJpYXQiOjE1NjY5ODIxMDUsImV4cCI6MTU2Njk4NTcwNSwibmJmIjoxNTY2OTgyMTA1LCJqdGkiOiJWQnhDRVJQNHcwaU5FY3d5Iiwic3ViIjo0LCJwcnYiOiI4N2UwYWYxZWY5ZmQxNTgxMmZkZWM5NzE1M2ExNGUwYjA0NzU0NmFhIn0.z_WRrvG91axWr2LsjBwa3dXyKAz3RsXeayPlFATQ9y4"}} 
[2019-08-28 17:50:27] production.INFO: User has logged out {"fd":28} 
[2019-08-28 17:50:28] production.INFO: New user has entered {"fd":35} 
[2019-08-28 17:50:28] production.INFO: new message {"fd":35,"data":{"action":"login","type":1,"token":"eyJ0eXAiOiJKV1QiLCJhbGciOiJIUzI1NiJ9.eyJpc3MiOiJodHRwOlwvXC8yMTkuMTA2LjIyMS4xODU6OTBcL3YxXC90b2tlbnMiLCJpYXQiOjE1NjY5ODIxMDUsImV4cCI6MTU2Njk4NTcwNSwibmJmIjoxNTY2OTgyMTA1LCJqdGkiOiJWQnhDRVJQNHcwaU5FY3d5Iiwic3ViIjo0LCJwcnYiOiI4N2UwYWYxZWY5ZmQxNTgxMmZkZWM5NzE1M2ExNGUwYjA0NzU0NmFhIn0.z_WRrvG91axWr2LsjBwa3dXyKAz3RsXeayPlFATQ9y4"}} 
[2019-08-28 17:50:33] production.INFO: User has logged out {"fd":32} 
[2019-08-28 17:50:34] production.INFO: New user has entered {"fd":21} 
[2019-08-28 17:50:34] production.INFO: new message {"fd":21,"data":{"action":"login","type":1,"token":"eyJ0eXAiOiJKV1QiLCJhbGciOiJIUzI1NiJ9.eyJpc3MiOiJodHRwOlwvXC8yMTkuMTA2LjIyMS4xODU6OTBcL3YxXC9tZW1iZXJzIiwiaWF0IjoxNTY2OTgyMDIxLCJleHAiOjE1NjY5ODU2MjEsIm5iZiI6MTU2Njk4MjAyMSwianRpIjoiWlhMbGV3czZzNzVlMHZwdCIsInN1YiI6MywicHJ2IjoiODdlMGFmMWVmOWZkMTU4MTJmZGVjOTcxNTNhMTRlMGIwNDc1NDZhYSJ9.5lWH-KbCQL-_CBI0oC2KP0x3FXelcYx5m1JLCbf6SXo"}} 
[2019-08-28 17:50:39] production.INFO: User has logged out {"fd":21} 
[2019-08-28 17:50:39] production.INFO: New user has entered {"fd":34} 
[2019-08-28 17:50:40] production.INFO: new message {"fd":34,"data":{"action":"login","type":1,"token":"eyJ0eXAiOiJKV1QiLCJhbGciOiJIUzI1NiJ9.eyJpc3MiOiJodHRwOlwvXC8yMTkuMTA2LjIyMS4xODU6OTBcL3YxXC9tZW1iZXJzIiwiaWF0IjoxNTY2OTgyMDIxLCJleHAiOjE1NjY5ODU2MjEsIm5iZiI6MTU2Njk4MjAyMSwianRpIjoiWlhMbGV3czZzNzVlMHZwdCIsInN1YiI6MywicHJ2IjoiODdlMGFmMWVmOWZkMTU4MTJmZGVjOTcxNTNhMTRlMGIwNDc1NDZhYSJ9.5lWH-KbCQL-_CBI0oC2KP0x3FXelcYx5m1JLCbf6SXo"}} 
[2019-08-28 17:58:24] production.INFO: User has logged out {"fd":35} 
[2019-08-28 17:58:25] production.INFO: New user has entered {"fd":37} 
[2019-08-28 17:58:25] production.INFO: new message {"fd":37,"data":{"action":"login","type":1,"token":"eyJ0eXAiOiJKV1QiLCJhbGciOiJIUzI1NiJ9.eyJpc3MiOiJodHRwOlwvXC8yMTkuMTA2LjIyMS4xODU6OTBcL3YxXC90b2tlbnMiLCJpYXQiOjE1NjY5ODIxMDUsImV4cCI6MTU2Njk4NTcwNSwibmJmIjoxNTY2OTgyMTA1LCJqdGkiOiJWQnhDRVJQNHcwaU5FY3d5Iiwic3ViIjo0LCJwcnYiOiI4N2UwYWYxZWY5ZmQxNTgxMmZkZWM5NzE1M2ExNGUwYjA0NzU0NmFhIn0.z_WRrvG91axWr2LsjBwa3dXyKAz3RsXeayPlFATQ9y4"}} 
[2019-08-28 18:04:24] production.INFO: User has logged out {"fd":34} 
[2019-08-28 18:04:24] production.INFO: New user has entered {"fd":23} 
[2019-08-28 18:04:25] production.INFO: new message {"fd":23,"data":{"action":"login","type":1,"token":"eyJ0eXAiOiJKV1QiLCJhbGciOiJIUzI1NiJ9.eyJpc3MiOiJodHRwOlwvXC8yMTkuMTA2LjIyMS4xODU6OTBcL3YxXC9tZW1iZXJzIiwiaWF0IjoxNTY2OTgyMDIxLCJleHAiOjE1NjY5ODU2MjEsIm5iZiI6MTU2Njk4MjAyMSwianRpIjoiWlhMbGV3czZzNzVlMHZwdCIsInN1YiI6MywicHJ2IjoiODdlMGFmMWVmOWZkMTU4MTJmZGVjOTcxNTNhMTRlMGIwNDc1NDZhYSJ9.5lWH-KbCQL-_CBI0oC2KP0x3FXelcYx5m1JLCbf6SXo"}} 
[2019-08-28 18:04:39] production.INFO: User has logged out {"fd":18} 
[2019-08-28 18:04:40] production.INFO: New user has entered {"fd":39} 
[2019-08-28 18:04:40] production.INFO: new message {"fd":39,"data":{"action":"login","type":0,"token":"eyJ0eXAiOiJKV1QiLCJhbGciOiJIUzI1NiJ9.eyJpc3MiOiJodHRwOlwvXC8yMTkuMTA2LjIyMS4xODU6OTBcL3YxXC9kYXRhc1wvYWdlbnRzIiwiaWF0IjoxNTY2OTgxOTQzLCJleHAiOjE1NjY5ODU1NDMsIm5iZiI6MTU2Njk4MTk0MywianRpIjoicVBsTXBjTjk3TzEwa1JpMSIsInN1YiI6MSwicHJ2IjoiODdlMGFmMWVmOWZkMTU4MTJmZGVjOTcxNTNhMTRlMGIwNDc1NDZhYSJ9.IQbn8dugbO45hnPROJrFMD8EseLF8Ekq8tm8dsDz6P0"}} 
[2019-08-28 18:04:46] production.INFO: User has logged out {"fd":39} 
[2019-08-28 18:04:47] production.INFO: New user has entered {"fd":9} 
[2019-08-28 18:04:47] production.INFO: new message {"fd":9,"data":{"action":"login","type":0,"token":"eyJ0eXAiOiJKV1QiLCJhbGciOiJIUzI1NiJ9.eyJpc3MiOiJodHRwOlwvXC8yMTkuMTA2LjIyMS4xODU6OTBcL3YxXC9kYXRhc1wvYWdlbnRzIiwiaWF0IjoxNTY2OTgxOTQzLCJleHAiOjE1NjY5ODU1NDMsIm5iZiI6MTU2Njk4MTk0MywianRpIjoicVBsTXBjTjk3TzEwa1JpMSIsInN1YiI6MSwicHJ2IjoiODdlMGFmMWVmOWZkMTU4MTJmZGVjOTcxNTNhMTRlMGIwNDc1NDZhYSJ9.IQbn8dugbO45hnPROJrFMD8EseLF8Ekq8tm8dsDz6P0"}} 
[2019-08-28 18:07:57] production.INFO: New user has entered {"fd":41} 
[2019-08-28 18:07:58] production.INFO: new message {"fd":41,"data":{"action":"login","type":1,"token":"eyJ0eXAiOiJKV1QiLCJhbGciOiJIUzI1NiJ9.eyJpc3MiOiJodHRwOlwvXC8yMTkuMTA2LjIyMS4xODU6OTBcL3YxXC90b2tlbnMiLCJpYXQiOjE1NjY5ODMyNzcsImV4cCI6MTU2Njk4Njg3NywibmJmIjoxNTY2OTgzMjc3LCJqdGkiOiJHUEVrRlBtWm4wbW9HaUdPIiwic3ViIjo1LCJwcnYiOiI4N2UwYWYxZWY5ZmQxNTgxMmZkZWM5NzE1M2ExNGUwYjA0NzU0NmFhIn0.jOxVxVhajMIZh2Fs71ALX4wCufFD_83CeXQihU38R_8"}} 
[2019-08-28 18:37:51] production.INFO: New user has entered {"fd":43} 
[2019-08-28 18:37:51] production.INFO: new message {"fd":43,"data":{"action":"login","type":0,"token":"eyJ0eXAiOiJKV1QiLCJhbGciOiJIUzI1NiJ9.eyJpc3MiOiJodHRwOlwvXC8yMTkuMTA2LjIyMS4xODU6OTBcL3YxXC9kYXRhc1wvYWdlbnRzIiwiaWF0IjoxNTY2OTg1MDcwLCJleHAiOjE1NjY5ODg2NzAsIm5iZiI6MTU2Njk4NTA3MCwianRpIjoiaXBKNHpobzE0MlI2Zk1FQyIsInN1YiI6MSwicHJ2IjoiODdlMGFmMWVmOWZkMTU4MTJmZGVjOTcxNTNhMTRlMGIwNDc1NDZhYSJ9.y8HzNwfEGYTwOxe_6Be-Q3zYSPGuv9RFHb5wi1YrdBM"}} 
[2019-08-28 19:49:06] production.INFO: User has logged out {"fd":37} 
[2019-08-28 23:04:15] production.INFO: New user has entered {"fd":44} 
[2019-08-28 23:04:15] production.INFO: new message {"fd":44,"data":{"action":"login","type":1,"token":"eyJ0eXAiOiJKV1QiLCJhbGciOiJIUzI1NiJ9.eyJpc3MiOiJodHRwOlwvXC8yMTkuMTA2LjIyMS4xODU6OTBcL3YxXC9hbGxvdyIsImlhdCI6MTU2NTkyOTM5MywiZXhwIjoxNTY1OTQ0NjAyLCJuYmYiOjE1NjU5NDEwMDIsImp0aSI6InVMODg0NzN5QWFyZ1JXWTEiLCJzdWIiOjQsInBydiI6Ijg3ZTBhZjFlZjlmZDE1ODEyZmRlYzk3MTUzYTE0ZTBiMDQ3NTQ2YWEifQ.GpSrV1SlCNZ7888RzI29r1ZOp4V_G8sCEjwWyyXG9ts"}} 
[2019-08-28 23:04:15] production.INFO: User has logged out {"fd":44} 
[2019-08-28 23:04:15] production.ERROR: User authorization failed {"params":[44,"eyJ0eXAiOiJKV1QiLCJhbGciOiJIUzI1NiJ9.eyJpc3MiOiJodHRwOlwvXC8yMTkuMTA2LjIyMS4xODU6OTBcL3YxXC9hbGxvdyIsImlhdCI6MTU2NTkyOTM5MywiZXhwIjoxNTY1OTQ0NjAyLCJuYmYiOjE1NjU5NDEwMDIsImp0aSI6InVMODg0NzN5QWFyZ1JXWTEiLCJzdWIiOjQsInBydiI6Ijg3ZTBhZjFlZjlmZDE1ODEyZmRlYzk3MTUzYTE0ZTBiMDQ3NTQ2YWEifQ.GpSrV1SlCNZ7888RzI29r1ZOp4V_G8sCEjwWyyXG9ts",1]} 
[2019-08-28 23:06:32] production.INFO: New user has entered {"fd":40} 
[2019-08-28 23:06:33] production.INFO: new message {"fd":40,"data":{"action":"login","type":1,"token":"eyJ0eXAiOiJKV1QiLCJhbGciOiJIUzI1NiJ9.eyJpc3MiOiJodHRwOlwvXC8yMTkuMTA2LjIyMS4xODU6OTBcL3YxXC90b2tlbnMiLCJpYXQiOjE1NjcwMDExOTEsImV4cCI6MTU2NzAwNDc5MSwibmJmIjoxNTY3MDAxMTkxLCJqdGkiOiI0MTFhQW05d2VKVHV5M2pCIiwic3ViIjo2LCJwcnYiOiI4N2UwYWYxZWY5ZmQxNTgxMmZkZWM5NzE1M2ExNGUwYjA0NzU0NmFhIn0.I32Aj4qWzkWEtrc0E3008ReinQqeo30CxaFje_Re1uY"}} 
[2019-08-28 23:06:43] production.INFO: New user has entered {"fd":51} 
[2019-08-28 23:06:45] production.INFO: new message {"fd":51,"data":{"action":"login","type":0,"token":"eyJ0eXAiOiJKV1QiLCJhbGciOiJIUzI1NiJ9.eyJpc3MiOiJodHRwOlwvXC8yMTkuMTA2LjIyMS4xODU6OTBcL3YxXC9kYXRhc1wvYWdlbnRzIiwiaWF0IjoxNTY2OTg1MDcwLCJleHAiOjE1NjY5ODg2NzAsIm5iZiI6MTU2Njk4NTA3MCwianRpIjoiaXBKNHpobzE0MlI2Zk1FQyIsInN1YiI6MSwicHJ2IjoiODdlMGFmMWVmOWZkMTU4MTJmZGVjOTcxNTNhMTRlMGIwNDc1NDZhYSJ9.y8HzNwfEGYTwOxe_6Be-Q3zYSPGuv9RFHb5wi1YrdBM"}} 
[2019-08-28 23:06:45] production.ERROR: User authorization failed {"params":[51,"eyJ0eXAiOiJKV1QiLCJhbGciOiJIUzI1NiJ9.eyJpc3MiOiJodHRwOlwvXC8yMTkuMTA2LjIyMS4xODU6OTBcL3YxXC9kYXRhc1wvYWdlbnRzIiwiaWF0IjoxNTY2OTg1MDcwLCJleHAiOjE1NjY5ODg2NzAsIm5iZiI6MTU2Njk4NTA3MCwianRpIjoiaXBKNHpobzE0MlI2Zk1FQyIsInN1YiI6MSwicHJ2IjoiODdlMGFmMWVmOWZkMTU4MTJmZGVjOTcxNTNhMTRlMGIwNDc1NDZhYSJ9.y8HzNwfEGYTwOxe_6Be-Q3zYSPGuv9RFHb5wi1YrdBM",0]} 
[2019-08-28 23:06:45] production.INFO: User has logged out {"fd":51} 
[2019-08-28 23:06:49] production.INFO: New user has entered {"fd":49} 
[2019-08-28 23:06:50] production.INFO: new message {"fd":49,"data":{"action":"login","type":0,"token":"eyJ0eXAiOiJKV1QiLCJhbGciOiJIUzI1NiJ9.eyJpc3MiOiJodHRwOlwvXC8yMTkuMTA2LjIyMS4xODU6OTBcL3YxXC9kYXRhc1wvYWdlbnRzIiwiaWF0IjoxNTY2OTg1MDcwLCJleHAiOjE1NjY5ODg2NzAsIm5iZiI6MTU2Njk4NTA3MCwianRpIjoiaXBKNHpobzE0MlI2Zk1FQyIsInN1YiI6MSwicHJ2IjoiODdlMGFmMWVmOWZkMTU4MTJmZGVjOTcxNTNhMTRlMGIwNDc1NDZhYSJ9.y8HzNwfEGYTwOxe_6Be-Q3zYSPGuv9RFHb5wi1YrdBM"}} 
[2019-08-28 23:06:50] production.INFO: User has logged out {"fd":49} 
[2019-08-28 23:06:50] production.ERROR: User authorization failed {"params":[49,"eyJ0eXAiOiJKV1QiLCJhbGciOiJIUzI1NiJ9.eyJpc3MiOiJodHRwOlwvXC8yMTkuMTA2LjIyMS4xODU6OTBcL3YxXC9kYXRhc1wvYWdlbnRzIiwiaWF0IjoxNTY2OTg1MDcwLCJleHAiOjE1NjY5ODg2NzAsIm5iZiI6MTU2Njk4NTA3MCwianRpIjoiaXBKNHpobzE0MlI2Zk1FQyIsInN1YiI6MSwicHJ2IjoiODdlMGFmMWVmOWZkMTU4MTJmZGVjOTcxNTNhMTRlMGIwNDc1NDZhYSJ9.y8HzNwfEGYTwOxe_6Be-Q3zYSPGuv9RFHb5wi1YrdBM",0]} 
[2019-08-28 23:06:59] production.INFO: New user has entered {"fd":52} 
[2019-08-28 23:06:59] production.INFO: new message {"fd":52,"data":{"action":"login","type":0,"token":"eyJ0eXAiOiJKV1QiLCJhbGciOiJIUzI1NiJ9.eyJpc3MiOiJodHRwOlwvXC8yMTkuMTA2LjIyMS4xODU6OTBcL3YxXC9kYXRhc1wvYWdlbnRzIiwiaWF0IjoxNTY2OTg1MDcwLCJleHAiOjE1NjY5ODg2NzAsIm5iZiI6MTU2Njk4NTA3MCwianRpIjoiaXBKNHpobzE0MlI2Zk1FQyIsInN1YiI6MSwicHJ2IjoiODdlMGFmMWVmOWZkMTU4MTJmZGVjOTcxNTNhMTRlMGIwNDc1NDZhYSJ9.y8HzNwfEGYTwOxe_6Be-Q3zYSPGuv9RFHb5wi1YrdBM"}} 
[2019-08-28 23:06:59] production.INFO: User has logged out {"fd":52} 
[2019-08-28 23:06:59] production.ERROR: User authorization failed {"params":[52,"eyJ0eXAiOiJKV1QiLCJhbGciOiJIUzI1NiJ9.eyJpc3MiOiJodHRwOlwvXC8yMTkuMTA2LjIyMS4xODU6OTBcL3YxXC9kYXRhc1wvYWdlbnRzIiwiaWF0IjoxNTY2OTg1MDcwLCJleHAiOjE1NjY5ODg2NzAsIm5iZiI6MTU2Njk4NTA3MCwianRpIjoiaXBKNHpobzE0MlI2Zk1FQyIsInN1YiI6MSwicHJ2IjoiODdlMGFmMWVmOWZkMTU4MTJmZGVjOTcxNTNhMTRlMGIwNDc1NDZhYSJ9.y8HzNwfEGYTwOxe_6Be-Q3zYSPGuv9RFHb5wi1YrdBM",0]} 
[2019-08-28 23:07:03] production.INFO: New user has entered {"fd":53} 
[2019-08-28 23:07:04] production.INFO: new message {"fd":53,"data":{"action":"login","type":0,"token":"eyJ0eXAiOiJKV1QiLCJhbGciOiJIUzI1NiJ9.eyJpc3MiOiJodHRwOlwvXC8yMTkuMTA2LjIyMS4xODU6OTBcL3YxXC9kYXRhc1wvYWdlbnRzIiwiaWF0IjoxNTY2OTg1MDcwLCJleHAiOjE1NjY5ODg2NzAsIm5iZiI6MTU2Njk4NTA3MCwianRpIjoiaXBKNHpobzE0MlI2Zk1FQyIsInN1YiI6MSwicHJ2IjoiODdlMGFmMWVmOWZkMTU4MTJmZGVjOTcxNTNhMTRlMGIwNDc1NDZhYSJ9.y8HzNwfEGYTwOxe_6Be-Q3zYSPGuv9RFHb5wi1YrdBM"}} 
[2019-08-28 23:07:04] production.INFO: User has logged out {"fd":53} 
[2019-08-28 23:07:04] production.ERROR: User authorization failed {"params":[53,"eyJ0eXAiOiJKV1QiLCJhbGciOiJIUzI1NiJ9.eyJpc3MiOiJodHRwOlwvXC8yMTkuMTA2LjIyMS4xODU6OTBcL3YxXC9kYXRhc1wvYWdlbnRzIiwiaWF0IjoxNTY2OTg1MDcwLCJleHAiOjE1NjY5ODg2NzAsIm5iZiI6MTU2Njk4NTA3MCwianRpIjoiaXBKNHpobzE0MlI2Zk1FQyIsInN1YiI6MSwicHJ2IjoiODdlMGFmMWVmOWZkMTU4MTJmZGVjOTcxNTNhMTRlMGIwNDc1NDZhYSJ9.y8HzNwfEGYTwOxe_6Be-Q3zYSPGuv9RFHb5wi1YrdBM",0]} 
[2019-08-28 23:07:23] production.INFO: New user has entered {"fd":55} 
[2019-08-28 23:07:24] production.INFO: new message {"fd":55,"data":{"action":"login","type":0,"token":"eyJ0eXAiOiJKV1QiLCJhbGciOiJIUzI1NiJ9.eyJpc3MiOiJodHRwOlwvXC8yMTkuMTA2LjIyMS4xODU6OTBcL3YxXC9kYXRhc1wvYWdlbnRzIiwiaWF0IjoxNTY2OTg1MDcwLCJleHAiOjE1NjY5ODg2NzAsIm5iZiI6MTU2Njk4NTA3MCwianRpIjoiaXBKNHpobzE0MlI2Zk1FQyIsInN1YiI6MSwicHJ2IjoiODdlMGFmMWVmOWZkMTU4MTJmZGVjOTcxNTNhMTRlMGIwNDc1NDZhYSJ9.y8HzNwfEGYTwOxe_6Be-Q3zYSPGuv9RFHb5wi1YrdBM"}} 
[2019-08-28 23:07:24] production.INFO: User has logged out {"fd":55} 
[2019-08-28 23:07:24] production.ERROR: User authorization failed {"params":[55,"eyJ0eXAiOiJKV1QiLCJhbGciOiJIUzI1NiJ9.eyJpc3MiOiJodHRwOlwvXC8yMTkuMTA2LjIyMS4xODU6OTBcL3YxXC9kYXRhc1wvYWdlbnRzIiwiaWF0IjoxNTY2OTg1MDcwLCJleHAiOjE1NjY5ODg2NzAsIm5iZiI6MTU2Njk4NTA3MCwianRpIjoiaXBKNHpobzE0MlI2Zk1FQyIsInN1YiI6MSwicHJ2IjoiODdlMGFmMWVmOWZkMTU4MTJmZGVjOTcxNTNhMTRlMGIwNDc1NDZhYSJ9.y8HzNwfEGYTwOxe_6Be-Q3zYSPGuv9RFHb5wi1YrdBM",0]} 
[2019-08-28 23:07:26] production.INFO: User has logged out {"fd":40} 
[2019-08-28 23:07:27] production.INFO: New user has entered {"fd":38} 
[2019-08-28 23:07:28] production.INFO: new message {"fd":38,"data":{"action":"login","type":1,"token":"eyJ0eXAiOiJKV1QiLCJhbGciOiJIUzI1NiJ9.eyJpc3MiOiJodHRwOlwvXC8yMTkuMTA2LjIyMS4xODU6OTBcL3YxXC90b2tlbnMiLCJpYXQiOjE1NjcwMDExOTEsImV4cCI6MTU2NzAwNDc5MSwibmJmIjoxNTY3MDAxMTkxLCJqdGkiOiI0MTFhQW05d2VKVHV5M2pCIiwic3ViIjo2LCJwcnYiOiI4N2UwYWYxZWY5ZmQxNTgxMmZkZWM5NzE1M2ExNGUwYjA0NzU0NmFhIn0.I32Aj4qWzkWEtrc0E3008ReinQqeo30CxaFje_Re1uY"}} 
[2019-08-28 23:07:28] production.INFO: New user has entered {"fd":56} 
[2019-08-28 23:07:28] production.INFO: new message {"fd":56,"data":{"action":"login","type":0,"token":"eyJ0eXAiOiJKV1QiLCJhbGciOiJIUzI1NiJ9.eyJpc3MiOiJodHRwOlwvXC8yMTkuMTA2LjIyMS4xODU6OTBcL3YxXC9kYXRhc1wvYWdlbnRzIiwiaWF0IjoxNTY2OTg1MDcwLCJleHAiOjE1NjY5ODg2NzAsIm5iZiI6MTU2Njk4NTA3MCwianRpIjoiaXBKNHpobzE0MlI2Zk1FQyIsInN1YiI6MSwicHJ2IjoiODdlMGFmMWVmOWZkMTU4MTJmZGVjOTcxNTNhMTRlMGIwNDc1NDZhYSJ9.y8HzNwfEGYTwOxe_6Be-Q3zYSPGuv9RFHb5wi1YrdBM"}} 
[2019-08-28 23:07:28] production.INFO: User has logged out {"fd":56} 
[2019-08-28 23:07:28] production.ERROR: User authorization failed {"params":[56,"eyJ0eXAiOiJKV1QiLCJhbGciOiJIUzI1NiJ9.eyJpc3MiOiJodHRwOlwvXC8yMTkuMTA2LjIyMS4xODU6OTBcL3YxXC9kYXRhc1wvYWdlbnRzIiwiaWF0IjoxNTY2OTg1MDcwLCJleHAiOjE1NjY5ODg2NzAsIm5iZiI6MTU2Njk4NTA3MCwianRpIjoiaXBKNHpobzE0MlI2Zk1FQyIsInN1YiI6MSwicHJ2IjoiODdlMGFmMWVmOWZkMTU4MTJmZGVjOTcxNTNhMTRlMGIwNDc1NDZhYSJ9.y8HzNwfEGYTwOxe_6Be-Q3zYSPGuv9RFHb5wi1YrdBM",0]} 
[2019-08-28 23:07:37] production.INFO: New user has entered {"fd":50} 
[2019-08-28 23:07:37] production.INFO: new message {"fd":50,"data":{"action":"login","type":0,"token":"eyJ0eXAiOiJKV1QiLCJhbGciOiJIUzI1NiJ9.eyJpc3MiOiJodHRwOlwvXC8yMTkuMTA2LjIyMS4xODU6OTBcL3YxXC9kYXRhc1wvYWdlbnRzIiwiaWF0IjoxNTY2OTg1MDcwLCJleHAiOjE1NjY5ODg2NzAsIm5iZiI6MTU2Njk4NTA3MCwianRpIjoiaXBKNHpobzE0MlI2Zk1FQyIsInN1YiI6MSwicHJ2IjoiODdlMGFmMWVmOWZkMTU4MTJmZGVjOTcxNTNhMTRlMGIwNDc1NDZhYSJ9.y8HzNwfEGYTwOxe_6Be-Q3zYSPGuv9RFHb5wi1YrdBM"}} 
[2019-08-28 23:07:37] production.INFO: User has logged out {"fd":50} 
[2019-08-28 23:07:37] production.ERROR: User authorization failed {"params":[50,"eyJ0eXAiOiJKV1QiLCJhbGciOiJIUzI1NiJ9.eyJpc3MiOiJodHRwOlwvXC8yMTkuMTA2LjIyMS4xODU6OTBcL3YxXC9kYXRhc1wvYWdlbnRzIiwiaWF0IjoxNTY2OTg1MDcwLCJleHAiOjE1NjY5ODg2NzAsIm5iZiI6MTU2Njk4NTA3MCwianRpIjoiaXBKNHpobzE0MlI2Zk1FQyIsInN1YiI6MSwicHJ2IjoiODdlMGFmMWVmOWZkMTU4MTJmZGVjOTcxNTNhMTRlMGIwNDc1NDZhYSJ9.y8HzNwfEGYTwOxe_6Be-Q3zYSPGuv9RFHb5wi1YrdBM",0]} 
[2019-08-28 23:07:46] production.INFO: New user has entered {"fd":36} 
[2019-08-28 23:07:46] production.INFO: new message {"fd":36,"data":{"action":"login","type":0,"token":"eyJ0eXAiOiJKV1QiLCJhbGciOiJIUzI1NiJ9.eyJpc3MiOiJodHRwOlwvXC8yMTkuMTA2LjIyMS4xODU6OTBcL3YxXC9kYXRhc1wvYWdlbnRzIiwiaWF0IjoxNTY2OTg1MDcwLCJleHAiOjE1NjY5ODg2NzAsIm5iZiI6MTU2Njk4NTA3MCwianRpIjoiaXBKNHpobzE0MlI2Zk1FQyIsInN1YiI6MSwicHJ2IjoiODdlMGFmMWVmOWZkMTU4MTJmZGVjOTcxNTNhMTRlMGIwNDc1NDZhYSJ9.y8HzNwfEGYTwOxe_6Be-Q3zYSPGuv9RFHb5wi1YrdBM"}} 
[2019-08-28 23:07:46] production.ERROR: User authorization failed {"params":[36,"eyJ0eXAiOiJKV1QiLCJhbGciOiJIUzI1NiJ9.eyJpc3MiOiJodHRwOlwvXC8yMTkuMTA2LjIyMS4xODU6OTBcL3YxXC9kYXRhc1wvYWdlbnRzIiwiaWF0IjoxNTY2OTg1MDcwLCJleHAiOjE1NjY5ODg2NzAsIm5iZiI6MTU2Njk4NTA3MCwianRpIjoiaXBKNHpobzE0MlI2Zk1FQyIsInN1YiI6MSwicHJ2IjoiODdlMGFmMWVmOWZkMTU4MTJmZGVjOTcxNTNhMTRlMGIwNDc1NDZhYSJ9.y8HzNwfEGYTwOxe_6Be-Q3zYSPGuv9RFHb5wi1YrdBM",0]} 
[2019-08-28 23:07:46] production.INFO: User has logged out {"fd":36} 
[2019-08-28 23:07:51] production.INFO: New user has entered {"fd":57} 
[2019-08-28 23:07:51] production.INFO: new message {"fd":57,"data":{"action":"login","type":0,"token":"eyJ0eXAiOiJKV1QiLCJhbGciOiJIUzI1NiJ9.eyJpc3MiOiJodHRwOlwvXC8yMTkuMTA2LjIyMS4xODU6OTBcL3YxXC9kYXRhc1wvYWdlbnRzIiwiaWF0IjoxNTY2OTg1MDcwLCJleHAiOjE1NjY5ODg2NzAsIm5iZiI6MTU2Njk4NTA3MCwianRpIjoiaXBKNHpobzE0MlI2Zk1FQyIsInN1YiI6MSwicHJ2IjoiODdlMGFmMWVmOWZkMTU4MTJmZGVjOTcxNTNhMTRlMGIwNDc1NDZhYSJ9.y8HzNwfEGYTwOxe_6Be-Q3zYSPGuv9RFHb5wi1YrdBM"}} 
[2019-08-28 23:07:51] production.ERROR: User authorization failed {"params":[57,"eyJ0eXAiOiJKV1QiLCJhbGciOiJIUzI1NiJ9.eyJpc3MiOiJodHRwOlwvXC8yMTkuMTA2LjIyMS4xODU6OTBcL3YxXC9kYXRhc1wvYWdlbnRzIiwiaWF0IjoxNTY2OTg1MDcwLCJleHAiOjE1NjY5ODg2NzAsIm5iZiI6MTU2Njk4NTA3MCwianRpIjoiaXBKNHpobzE0MlI2Zk1FQyIsInN1YiI6MSwicHJ2IjoiODdlMGFmMWVmOWZkMTU4MTJmZGVjOTcxNTNhMTRlMGIwNDc1NDZhYSJ9.y8HzNwfEGYTwOxe_6Be-Q3zYSPGuv9RFHb5wi1YrdBM",0]} 
[2019-08-28 23:07:51] production.INFO: User has logged out {"fd":57} 
[2019-08-28 23:07:55] production.INFO: New user has entered {"fd":58} 
[2019-08-28 23:07:56] production.INFO: new message {"fd":58,"data":{"action":"login","type":0,"token":"eyJ0eXAiOiJKV1QiLCJhbGciOiJIUzI1NiJ9.eyJpc3MiOiJodHRwOlwvXC8yMTkuMTA2LjIyMS4xODU6OTBcL3YxXC9kYXRhc1wvYWdlbnRzIiwiaWF0IjoxNTY2OTg1MDcwLCJleHAiOjE1NjY5ODg2NzAsIm5iZiI6MTU2Njk4NTA3MCwianRpIjoiaXBKNHpobzE0MlI2Zk1FQyIsInN1YiI6MSwicHJ2IjoiODdlMGFmMWVmOWZkMTU4MTJmZGVjOTcxNTNhMTRlMGIwNDc1NDZhYSJ9.y8HzNwfEGYTwOxe_6Be-Q3zYSPGuv9RFHb5wi1YrdBM"}} 
[2019-08-28 23:07:56] production.ERROR: User authorization failed {"params":[58,"eyJ0eXAiOiJKV1QiLCJhbGciOiJIUzI1NiJ9.eyJpc3MiOiJodHRwOlwvXC8yMTkuMTA2LjIyMS4xODU6OTBcL3YxXC9kYXRhc1wvYWdlbnRzIiwiaWF0IjoxNTY2OTg1MDcwLCJleHAiOjE1NjY5ODg2NzAsIm5iZiI6MTU2Njk4NTA3MCwianRpIjoiaXBKNHpobzE0MlI2Zk1FQyIsInN1YiI6MSwicHJ2IjoiODdlMGFmMWVmOWZkMTU4MTJmZGVjOTcxNTNhMTRlMGIwNDc1NDZhYSJ9.y8HzNwfEGYTwOxe_6Be-Q3zYSPGuv9RFHb5wi1YrdBM",0]} 
[2019-08-28 23:07:56] production.INFO: User has logged out {"fd":58} 
[2019-08-28 23:08:04] production.INFO: New user has entered {"fd":59} 
[2019-08-28 23:08:04] production.INFO: new message {"fd":59,"data":{"action":"login","type":0,"token":"eyJ0eXAiOiJKV1QiLCJhbGciOiJIUzI1NiJ9.eyJpc3MiOiJodHRwOlwvXC8yMTkuMTA2LjIyMS4xODU6OTBcL3YxXC9kYXRhc1wvYWdlbnRzIiwiaWF0IjoxNTY2OTg1MDcwLCJleHAiOjE1NjY5ODg2NzAsIm5iZiI6MTU2Njk4NTA3MCwianRpIjoiaXBKNHpobzE0MlI2Zk1FQyIsInN1YiI6MSwicHJ2IjoiODdlMGFmMWVmOWZkMTU4MTJmZGVjOTcxNTNhMTRlMGIwNDc1NDZhYSJ9.y8HzNwfEGYTwOxe_6Be-Q3zYSPGuv9RFHb5wi1YrdBM"}} 
[2019-08-28 23:08:04] production.ERROR: User authorization failed {"params":[59,"eyJ0eXAiOiJKV1QiLCJhbGciOiJIUzI1NiJ9.eyJpc3MiOiJodHRwOlwvXC8yMTkuMTA2LjIyMS4xODU6OTBcL3YxXC9kYXRhc1wvYWdlbnRzIiwiaWF0IjoxNTY2OTg1MDcwLCJleHAiOjE1NjY5ODg2NzAsIm5iZiI6MTU2Njk4NTA3MCwianRpIjoiaXBKNHpobzE0MlI2Zk1FQyIsInN1YiI6MSwicHJ2IjoiODdlMGFmMWVmOWZkMTU4MTJmZGVjOTcxNTNhMTRlMGIwNDc1NDZhYSJ9.y8HzNwfEGYTwOxe_6Be-Q3zYSPGuv9RFHb5wi1YrdBM",0]} 
[2019-08-28 23:08:04] production.INFO: User has logged out {"fd":59} 
[2019-08-28 23:08:13] production.INFO: New user has entered {"fd":61} 
[2019-08-28 23:08:13] production.INFO: new message {"fd":61,"data":{"action":"login","type":0,"token":"eyJ0eXAiOiJKV1QiLCJhbGciOiJIUzI1NiJ9.eyJpc3MiOiJodHRwOlwvXC8yMTkuMTA2LjIyMS4xODU6OTBcL3YxXC9kYXRhc1wvYWdlbnRzIiwiaWF0IjoxNTY2OTg1MDcwLCJleHAiOjE1NjY5ODg2NzAsIm5iZiI6MTU2Njk4NTA3MCwianRpIjoiaXBKNHpobzE0MlI2Zk1FQyIsInN1YiI6MSwicHJ2IjoiODdlMGFmMWVmOWZkMTU4MTJmZGVjOTcxNTNhMTRlMGIwNDc1NDZhYSJ9.y8HzNwfEGYTwOxe_6Be-Q3zYSPGuv9RFHb5wi1YrdBM"}} 
[2019-08-28 23:08:13] production.ERROR: User authorization failed {"params":[61,"eyJ0eXAiOiJKV1QiLCJhbGciOiJIUzI1NiJ9.eyJpc3MiOiJodHRwOlwvXC8yMTkuMTA2LjIyMS4xODU6OTBcL3YxXC9kYXRhc1wvYWdlbnRzIiwiaWF0IjoxNTY2OTg1MDcwLCJleHAiOjE1NjY5ODg2NzAsIm5iZiI6MTU2Njk4NTA3MCwianRpIjoiaXBKNHpobzE0MlI2Zk1FQyIsInN1YiI6MSwicHJ2IjoiODdlMGFmMWVmOWZkMTU4MTJmZGVjOTcxNTNhMTRlMGIwNDc1NDZhYSJ9.y8HzNwfEGYTwOxe_6Be-Q3zYSPGuv9RFHb5wi1YrdBM",0]} 
[2019-08-28 23:08:13] production.INFO: User has logged out {"fd":61} 
[2019-08-28 23:08:23] production.INFO: New user has entered {"fd":60} 
[2019-08-28 23:08:23] production.INFO: new message {"fd":60,"data":{"action":"login","type":0,"token":"eyJ0eXAiOiJKV1QiLCJhbGciOiJIUzI1NiJ9.eyJpc3MiOiJodHRwOlwvXC8yMTkuMTA2LjIyMS4xODU6OTBcL3YxXC9kYXRhc1wvYWdlbnRzIiwiaWF0IjoxNTY2OTg1MDcwLCJleHAiOjE1NjY5ODg2NzAsIm5iZiI6MTU2Njk4NTA3MCwianRpIjoiaXBKNHpobzE0MlI2Zk1FQyIsInN1YiI6MSwicHJ2IjoiODdlMGFmMWVmOWZkMTU4MTJmZGVjOTcxNTNhMTRlMGIwNDc1NDZhYSJ9.y8HzNwfEGYTwOxe_6Be-Q3zYSPGuv9RFHb5wi1YrdBM"}} 
[2019-08-28 23:08:23] production.ERROR: User authorization failed {"params":[60,"eyJ0eXAiOiJKV1QiLCJhbGciOiJIUzI1NiJ9.eyJpc3MiOiJodHRwOlwvXC8yMTkuMTA2LjIyMS4xODU6OTBcL3YxXC9kYXRhc1wvYWdlbnRzIiwiaWF0IjoxNTY2OTg1MDcwLCJleHAiOjE1NjY5ODg2NzAsIm5iZiI6MTU2Njk4NTA3MCwianRpIjoiaXBKNHpobzE0MlI2Zk1FQyIsInN1YiI6MSwicHJ2IjoiODdlMGFmMWVmOWZkMTU4MTJmZGVjOTcxNTNhMTRlMGIwNDc1NDZhYSJ9.y8HzNwfEGYTwOxe_6Be-Q3zYSPGuv9RFHb5wi1YrdBM",0]} 
[2019-08-28 23:08:23] production.INFO: User has logged out {"fd":60} 
[2019-08-28 23:08:32] production.INFO: New user has entered {"fd":62} 
[2019-08-28 23:08:32] production.INFO: new message {"fd":62,"data":{"action":"login","type":0,"token":"eyJ0eXAiOiJKV1QiLCJhbGciOiJIUzI1NiJ9.eyJpc3MiOiJodHRwOlwvXC8yMTkuMTA2LjIyMS4xODU6OTBcL3YxXC9kYXRhc1wvYWdlbnRzIiwiaWF0IjoxNTY2OTg1MDcwLCJleHAiOjE1NjY5ODg2NzAsIm5iZiI6MTU2Njk4NTA3MCwianRpIjoiaXBKNHpobzE0MlI2Zk1FQyIsInN1YiI6MSwicHJ2IjoiODdlMGFmMWVmOWZkMTU4MTJmZGVjOTcxNTNhMTRlMGIwNDc1NDZhYSJ9.y8HzNwfEGYTwOxe_6Be-Q3zYSPGuv9RFHb5wi1YrdBM"}} 
[2019-08-28 23:08:32] production.ERROR: User authorization failed {"params":[62,"eyJ0eXAiOiJKV1QiLCJhbGciOiJIUzI1NiJ9.eyJpc3MiOiJodHRwOlwvXC8yMTkuMTA2LjIyMS4xODU6OTBcL3YxXC9kYXRhc1wvYWdlbnRzIiwiaWF0IjoxNTY2OTg1MDcwLCJleHAiOjE1NjY5ODg2NzAsIm5iZiI6MTU2Njk4NTA3MCwianRpIjoiaXBKNHpobzE0MlI2Zk1FQyIsInN1YiI6MSwicHJ2IjoiODdlMGFmMWVmOWZkMTU4MTJmZGVjOTcxNTNhMTRlMGIwNDc1NDZhYSJ9.y8HzNwfEGYTwOxe_6Be-Q3zYSPGuv9RFHb5wi1YrdBM",0]} 
[2019-08-28 23:08:32] production.INFO: User has logged out {"fd":62} 
[2019-08-28 23:08:41] production.INFO: New user has entered {"fd":63} 
[2019-08-28 23:08:42] production.INFO: new message {"fd":63,"data":{"action":"login","type":0,"token":"eyJ0eXAiOiJKV1QiLCJhbGciOiJIUzI1NiJ9.eyJpc3MiOiJodHRwOlwvXC8yMTkuMTA2LjIyMS4xODU6OTBcL3YxXC9kYXRhc1wvYWdlbnRzIiwiaWF0IjoxNTY2OTg1MDcwLCJleHAiOjE1NjY5ODg2NzAsIm5iZiI6MTU2Njk4NTA3MCwianRpIjoiaXBKNHpobzE0MlI2Zk1FQyIsInN1YiI6MSwicHJ2IjoiODdlMGFmMWVmOWZkMTU4MTJmZGVjOTcxNTNhMTRlMGIwNDc1NDZhYSJ9.y8HzNwfEGYTwOxe_6Be-Q3zYSPGuv9RFHb5wi1YrdBM"}} 
[2019-08-28 23:08:42] production.ERROR: User authorization failed {"params":[63,"eyJ0eXAiOiJKV1QiLCJhbGciOiJIUzI1NiJ9.eyJpc3MiOiJodHRwOlwvXC8yMTkuMTA2LjIyMS4xODU6OTBcL3YxXC9kYXRhc1wvYWdlbnRzIiwiaWF0IjoxNTY2OTg1MDcwLCJleHAiOjE1NjY5ODg2NzAsIm5iZiI6MTU2Njk4NTA3MCwianRpIjoiaXBKNHpobzE0MlI2Zk1FQyIsInN1YiI6MSwicHJ2IjoiODdlMGFmMWVmOWZkMTU4MTJmZGVjOTcxNTNhMTRlMGIwNDc1NDZhYSJ9.y8HzNwfEGYTwOxe_6Be-Q3zYSPGuv9RFHb5wi1YrdBM",0]} 
[2019-08-28 23:08:42] production.INFO: User has logged out {"fd":63} 
[2019-08-28 23:08:47] production.INFO: New user has entered {"fd":64} 
[2019-08-28 23:08:47] production.INFO: new message {"fd":64,"data":{"action":"login","type":0,"token":"eyJ0eXAiOiJKV1QiLCJhbGciOiJIUzI1NiJ9.eyJpc3MiOiJodHRwOlwvXC8yMTkuMTA2LjIyMS4xODU6OTBcL3YxXC9kYXRhc1wvYWdlbnRzIiwiaWF0IjoxNTY2OTg1MDcwLCJleHAiOjE1NjY5ODg2NzAsIm5iZiI6MTU2Njk4NTA3MCwianRpIjoiaXBKNHpobzE0MlI2Zk1FQyIsInN1YiI6MSwicHJ2IjoiODdlMGFmMWVmOWZkMTU4MTJmZGVjOTcxNTNhMTRlMGIwNDc1NDZhYSJ9.y8HzNwfEGYTwOxe_6Be-Q3zYSPGuv9RFHb5wi1YrdBM"}} 
[2019-08-28 23:08:47] production.ERROR: User authorization failed {"params":[64,"eyJ0eXAiOiJKV1QiLCJhbGciOiJIUzI1NiJ9.eyJpc3MiOiJodHRwOlwvXC8yMTkuMTA2LjIyMS4xODU6OTBcL3YxXC9kYXRhc1wvYWdlbnRzIiwiaWF0IjoxNTY2OTg1MDcwLCJleHAiOjE1NjY5ODg2NzAsIm5iZiI6MTU2Njk4NTA3MCwianRpIjoiaXBKNHpobzE0MlI2Zk1FQyIsInN1YiI6MSwicHJ2IjoiODdlMGFmMWVmOWZkMTU4MTJmZGVjOTcxNTNhMTRlMGIwNDc1NDZhYSJ9.y8HzNwfEGYTwOxe_6Be-Q3zYSPGuv9RFHb5wi1YrdBM",0]} 
[2019-08-28 23:08:47] production.INFO: User has logged out {"fd":64} 
[2019-08-28 23:08:56] production.INFO: New user has entered {"fd":65} 
[2019-08-28 23:08:56] production.INFO: new message {"fd":65,"data":{"action":"login","type":0,"token":"eyJ0eXAiOiJKV1QiLCJhbGciOiJIUzI1NiJ9.eyJpc3MiOiJodHRwOlwvXC8yMTkuMTA2LjIyMS4xODU6OTBcL3YxXC9kYXRhc1wvYWdlbnRzIiwiaWF0IjoxNTY2OTg1MDcwLCJleHAiOjE1NjY5ODg2NzAsIm5iZiI6MTU2Njk4NTA3MCwianRpIjoiaXBKNHpobzE0MlI2Zk1FQyIsInN1YiI6MSwicHJ2IjoiODdlMGFmMWVmOWZkMTU4MTJmZGVjOTcxNTNhMTRlMGIwNDc1NDZhYSJ9.y8HzNwfEGYTwOxe_6Be-Q3zYSPGuv9RFHb5wi1YrdBM"}} 
[2019-08-28 23:08:56] production.ERROR: User authorization failed {"params":[65,"eyJ0eXAiOiJKV1QiLCJhbGciOiJIUzI1NiJ9.eyJpc3MiOiJodHRwOlwvXC8yMTkuMTA2LjIyMS4xODU6OTBcL3YxXC9kYXRhc1wvYWdlbnRzIiwiaWF0IjoxNTY2OTg1MDcwLCJleHAiOjE1NjY5ODg2NzAsIm5iZiI6MTU2Njk4NTA3MCwianRpIjoiaXBKNHpobzE0MlI2Zk1FQyIsInN1YiI6MSwicHJ2IjoiODdlMGFmMWVmOWZkMTU4MTJmZGVjOTcxNTNhMTRlMGIwNDc1NDZhYSJ9.y8HzNwfEGYTwOxe_6Be-Q3zYSPGuv9RFHb5wi1YrdBM",0]} 
[2019-08-28 23:08:56] production.INFO: User has logged out {"fd":65} 
[2019-08-28 23:09:00] production.INFO: New user has entered {"fd":66} 
[2019-08-28 23:09:01] production.INFO: new message {"fd":66,"data":{"action":"login","type":0,"token":"eyJ0eXAiOiJKV1QiLCJhbGciOiJIUzI1NiJ9.eyJpc3MiOiJodHRwOlwvXC8yMTkuMTA2LjIyMS4xODU6OTBcL3YxXC9kYXRhc1wvYWdlbnRzIiwiaWF0IjoxNTY2OTg1MDcwLCJleHAiOjE1NjY5ODg2NzAsIm5iZiI6MTU2Njk4NTA3MCwianRpIjoiaXBKNHpobzE0MlI2Zk1FQyIsInN1YiI6MSwicHJ2IjoiODdlMGFmMWVmOWZkMTU4MTJmZGVjOTcxNTNhMTRlMGIwNDc1NDZhYSJ9.y8HzNwfEGYTwOxe_6Be-Q3zYSPGuv9RFHb5wi1YrdBM"}} 
[2019-08-28 23:09:01] production.ERROR: User authorization failed {"params":[66,"eyJ0eXAiOiJKV1QiLCJhbGciOiJIUzI1NiJ9.eyJpc3MiOiJodHRwOlwvXC8yMTkuMTA2LjIyMS4xODU6OTBcL3YxXC9kYXRhc1wvYWdlbnRzIiwiaWF0IjoxNTY2OTg1MDcwLCJleHAiOjE1NjY5ODg2NzAsIm5iZiI6MTU2Njk4NTA3MCwianRpIjoiaXBKNHpobzE0MlI2Zk1FQyIsInN1YiI6MSwicHJ2IjoiODdlMGFmMWVmOWZkMTU4MTJmZGVjOTcxNTNhMTRlMGIwNDc1NDZhYSJ9.y8HzNwfEGYTwOxe_6Be-Q3zYSPGuv9RFHb5wi1YrdBM",0]} 
[2019-08-28 23:09:01] production.INFO: User has logged out {"fd":66} 
[2019-08-28 23:09:12] production.INFO: New user has entered {"fd":69} 
[2019-08-28 23:09:12] production.INFO: new message {"fd":69,"data":{"action":"login","type":0,"token":"eyJ0eXAiOiJKV1QiLCJhbGciOiJIUzI1NiJ9.eyJpc3MiOiJodHRwOlwvXC8yMTkuMTA2LjIyMS4xODU6OTBcL3YxXC9kYXRhc1wvYWdlbnRzIiwiaWF0IjoxNTY2OTg1MDcwLCJleHAiOjE1NjY5ODg2NzAsIm5iZiI6MTU2Njk4NTA3MCwianRpIjoiaXBKNHpobzE0MlI2Zk1FQyIsInN1YiI6MSwicHJ2IjoiODdlMGFmMWVmOWZkMTU4MTJmZGVjOTcxNTNhMTRlMGIwNDc1NDZhYSJ9.y8HzNwfEGYTwOxe_6Be-Q3zYSPGuv9RFHb5wi1YrdBM"}} 
[2019-08-28 23:09:12] production.ERROR: User authorization failed {"params":[69,"eyJ0eXAiOiJKV1QiLCJhbGciOiJIUzI1NiJ9.eyJpc3MiOiJodHRwOlwvXC8yMTkuMTA2LjIyMS4xODU6OTBcL3YxXC9kYXRhc1wvYWdlbnRzIiwiaWF0IjoxNTY2OTg1MDcwLCJleHAiOjE1NjY5ODg2NzAsIm5iZiI6MTU2Njk4NTA3MCwianRpIjoiaXBKNHpobzE0MlI2Zk1FQyIsInN1YiI6MSwicHJ2IjoiODdlMGFmMWVmOWZkMTU4MTJmZGVjOTcxNTNhMTRlMGIwNDc1NDZhYSJ9.y8HzNwfEGYTwOxe_6Be-Q3zYSPGuv9RFHb5wi1YrdBM",0]} 
[2019-08-28 23:09:12] production.INFO: User has logged out {"fd":69} 
[2019-08-28 23:09:21] production.INFO: New user has entered {"fd":70} 
[2019-08-28 23:09:22] production.INFO: new message {"fd":70,"data":{"action":"login","type":0,"token":"eyJ0eXAiOiJKV1QiLCJhbGciOiJIUzI1NiJ9.eyJpc3MiOiJodHRwOlwvXC8yMTkuMTA2LjIyMS4xODU6OTBcL3YxXC9kYXRhc1wvYWdlbnRzIiwiaWF0IjoxNTY2OTg1MDcwLCJleHAiOjE1NjY5ODg2NzAsIm5iZiI6MTU2Njk4NTA3MCwianRpIjoiaXBKNHpobzE0MlI2Zk1FQyIsInN1YiI6MSwicHJ2IjoiODdlMGFmMWVmOWZkMTU4MTJmZGVjOTcxNTNhMTRlMGIwNDc1NDZhYSJ9.y8HzNwfEGYTwOxe_6Be-Q3zYSPGuv9RFHb5wi1YrdBM"}} 
[2019-08-28 23:09:22] production.ERROR: User authorization failed {"params":[70,"eyJ0eXAiOiJKV1QiLCJhbGciOiJIUzI1NiJ9.eyJpc3MiOiJodHRwOlwvXC8yMTkuMTA2LjIyMS4xODU6OTBcL3YxXC9kYXRhc1wvYWdlbnRzIiwiaWF0IjoxNTY2OTg1MDcwLCJleHAiOjE1NjY5ODg2NzAsIm5iZiI6MTU2Njk4NTA3MCwianRpIjoiaXBKNHpobzE0MlI2Zk1FQyIsInN1YiI6MSwicHJ2IjoiODdlMGFmMWVmOWZkMTU4MTJmZGVjOTcxNTNhMTRlMGIwNDc1NDZhYSJ9.y8HzNwfEGYTwOxe_6Be-Q3zYSPGuv9RFHb5wi1YrdBM",0]} 
[2019-08-28 23:09:22] production.INFO: User has logged out {"fd":70} 
[2019-08-28 23:09:27] production.INFO: New user has entered {"fd":68} 
[2019-08-28 23:09:28] production.INFO: new message {"fd":68,"data":{"action":"login","type":0,"token":"eyJ0eXAiOiJKV1QiLCJhbGciOiJIUzI1NiJ9.eyJpc3MiOiJodHRwOlwvXC8yMTkuMTA2LjIyMS4xODU6OTBcL3YxXC9kYXRhc1wvYWdlbnRzIiwiaWF0IjoxNTY2OTg1MDcwLCJleHAiOjE1NjY5ODg2NzAsIm5iZiI6MTU2Njk4NTA3MCwianRpIjoiaXBKNHpobzE0MlI2Zk1FQyIsInN1YiI6MSwicHJ2IjoiODdlMGFmMWVmOWZkMTU4MTJmZGVjOTcxNTNhMTRlMGIwNDc1NDZhYSJ9.y8HzNwfEGYTwOxe_6Be-Q3zYSPGuv9RFHb5wi1YrdBM"}} 
[2019-08-28 23:09:28] production.ERROR: User authorization failed {"params":[68,"eyJ0eXAiOiJKV1QiLCJhbGciOiJIUzI1NiJ9.eyJpc3MiOiJodHRwOlwvXC8yMTkuMTA2LjIyMS4xODU6OTBcL3YxXC9kYXRhc1wvYWdlbnRzIiwiaWF0IjoxNTY2OTg1MDcwLCJleHAiOjE1NjY5ODg2NzAsIm5iZiI6MTU2Njk4NTA3MCwianRpIjoiaXBKNHpobzE0MlI2Zk1FQyIsInN1YiI6MSwicHJ2IjoiODdlMGFmMWVmOWZkMTU4MTJmZGVjOTcxNTNhMTRlMGIwNDc1NDZhYSJ9.y8HzNwfEGYTwOxe_6Be-Q3zYSPGuv9RFHb5wi1YrdBM",0]} 
[2019-08-28 23:09:28] production.INFO: User has logged out {"fd":68} 
[2019-08-28 23:09:37] production.INFO: New user has entered {"fd":71} 
[2019-08-28 23:09:38] production.INFO: new message {"fd":71,"data":{"action":"login","type":0,"token":"eyJ0eXAiOiJKV1QiLCJhbGciOiJIUzI1NiJ9.eyJpc3MiOiJodHRwOlwvXC8yMTkuMTA2LjIyMS4xODU6OTBcL3YxXC9kYXRhc1wvYWdlbnRzIiwiaWF0IjoxNTY2OTg1MDcwLCJleHAiOjE1NjY5ODg2NzAsIm5iZiI6MTU2Njk4NTA3MCwianRpIjoiaXBKNHpobzE0MlI2Zk1FQyIsInN1YiI6MSwicHJ2IjoiODdlMGFmMWVmOWZkMTU4MTJmZGVjOTcxNTNhMTRlMGIwNDc1NDZhYSJ9.y8HzNwfEGYTwOxe_6Be-Q3zYSPGuv9RFHb5wi1YrdBM"}} 
[2019-08-28 23:09:38] production.ERROR: User authorization failed {"params":[71,"eyJ0eXAiOiJKV1QiLCJhbGciOiJIUzI1NiJ9.eyJpc3MiOiJodHRwOlwvXC8yMTkuMTA2LjIyMS4xODU6OTBcL3YxXC9kYXRhc1wvYWdlbnRzIiwiaWF0IjoxNTY2OTg1MDcwLCJleHAiOjE1NjY5ODg2NzAsIm5iZiI6MTU2Njk4NTA3MCwianRpIjoiaXBKNHpobzE0MlI2Zk1FQyIsInN1YiI6MSwicHJ2IjoiODdlMGFmMWVmOWZkMTU4MTJmZGVjOTcxNTNhMTRlMGIwNDc1NDZhYSJ9.y8HzNwfEGYTwOxe_6Be-Q3zYSPGuv9RFHb5wi1YrdBM",0]} 
[2019-08-28 23:09:38] production.INFO: User has logged out {"fd":71} 
[2019-08-28 23:09:46] production.INFO: New user has entered {"fd":67} 
[2019-08-28 23:09:47] production.INFO: new message {"fd":67,"data":{"action":"login","type":0,"token":"eyJ0eXAiOiJKV1QiLCJhbGciOiJIUzI1NiJ9.eyJpc3MiOiJodHRwOlwvXC8yMTkuMTA2LjIyMS4xODU6OTBcL3YxXC9kYXRhc1wvYWdlbnRzIiwiaWF0IjoxNTY2OTg1MDcwLCJleHAiOjE1NjY5ODg2NzAsIm5iZiI6MTU2Njk4NTA3MCwianRpIjoiaXBKNHpobzE0MlI2Zk1FQyIsInN1YiI6MSwicHJ2IjoiODdlMGFmMWVmOWZkMTU4MTJmZGVjOTcxNTNhMTRlMGIwNDc1NDZhYSJ9.y8HzNwfEGYTwOxe_6Be-Q3zYSPGuv9RFHb5wi1YrdBM"}} 
[2019-08-28 23:09:47] production.ERROR: User authorization failed {"params":[67,"eyJ0eXAiOiJKV1QiLCJhbGciOiJIUzI1NiJ9.eyJpc3MiOiJodHRwOlwvXC8yMTkuMTA2LjIyMS4xODU6OTBcL3YxXC9kYXRhc1wvYWdlbnRzIiwiaWF0IjoxNTY2OTg1MDcwLCJleHAiOjE1NjY5ODg2NzAsIm5iZiI6MTU2Njk4NTA3MCwianRpIjoiaXBKNHpobzE0MlI2Zk1FQyIsInN1YiI6MSwicHJ2IjoiODdlMGFmMWVmOWZkMTU4MTJmZGVjOTcxNTNhMTRlMGIwNDc1NDZhYSJ9.y8HzNwfEGYTwOxe_6Be-Q3zYSPGuv9RFHb5wi1YrdBM",0]} 
[2019-08-28 23:09:47] production.INFO: User has logged out {"fd":67} 
[2019-08-28 23:09:52] production.INFO: New user has entered {"fd":72} 
[2019-08-28 23:09:52] production.INFO: new message {"fd":72,"data":{"action":"login","type":0,"token":"eyJ0eXAiOiJKV1QiLCJhbGciOiJIUzI1NiJ9.eyJpc3MiOiJodHRwOlwvXC8yMTkuMTA2LjIyMS4xODU6OTBcL3YxXC9kYXRhc1wvYWdlbnRzIiwiaWF0IjoxNTY2OTg1MDcwLCJleHAiOjE1NjY5ODg2NzAsIm5iZiI6MTU2Njk4NTA3MCwianRpIjoiaXBKNHpobzE0MlI2Zk1FQyIsInN1YiI6MSwicHJ2IjoiODdlMGFmMWVmOWZkMTU4MTJmZGVjOTcxNTNhMTRlMGIwNDc1NDZhYSJ9.y8HzNwfEGYTwOxe_6Be-Q3zYSPGuv9RFHb5wi1YrdBM"}} 
[2019-08-28 23:09:52] production.ERROR: User authorization failed {"params":[72,"eyJ0eXAiOiJKV1QiLCJhbGciOiJIUzI1NiJ9.eyJpc3MiOiJodHRwOlwvXC8yMTkuMTA2LjIyMS4xODU6OTBcL3YxXC9kYXRhc1wvYWdlbnRzIiwiaWF0IjoxNTY2OTg1MDcwLCJleHAiOjE1NjY5ODg2NzAsIm5iZiI6MTU2Njk4NTA3MCwianRpIjoiaXBKNHpobzE0MlI2Zk1FQyIsInN1YiI6MSwicHJ2IjoiODdlMGFmMWVmOWZkMTU4MTJmZGVjOTcxNTNhMTRlMGIwNDc1NDZhYSJ9.y8HzNwfEGYTwOxe_6Be-Q3zYSPGuv9RFHb5wi1YrdBM",0]} 
[2019-08-28 23:09:52] production.INFO: User has logged out {"fd":72} 
[2019-08-28 23:10:02] production.INFO: New user has entered {"fd":73} 
[2019-08-28 23:10:03] production.INFO: new message {"fd":73,"data":{"action":"login","type":0,"token":"eyJ0eXAiOiJKV1QiLCJhbGciOiJIUzI1NiJ9.eyJpc3MiOiJodHRwOlwvXC8yMTkuMTA2LjIyMS4xODU6OTBcL3YxXC9kYXRhc1wvYWdlbnRzIiwiaWF0IjoxNTY2OTg1MDcwLCJleHAiOjE1NjY5ODg2NzAsIm5iZiI6MTU2Njk4NTA3MCwianRpIjoiaXBKNHpobzE0MlI2Zk1FQyIsInN1YiI6MSwicHJ2IjoiODdlMGFmMWVmOWZkMTU4MTJmZGVjOTcxNTNhMTRlMGIwNDc1NDZhYSJ9.y8HzNwfEGYTwOxe_6Be-Q3zYSPGuv9RFHb5wi1YrdBM"}} 
[2019-08-28 23:10:03] production.ERROR: User authorization failed {"params":[73,"eyJ0eXAiOiJKV1QiLCJhbGciOiJIUzI1NiJ9.eyJpc3MiOiJodHRwOlwvXC8yMTkuMTA2LjIyMS4xODU6OTBcL3YxXC9kYXRhc1wvYWdlbnRzIiwiaWF0IjoxNTY2OTg1MDcwLCJleHAiOjE1NjY5ODg2NzAsIm5iZiI6MTU2Njk4NTA3MCwianRpIjoiaXBKNHpobzE0MlI2Zk1FQyIsInN1YiI6MSwicHJ2IjoiODdlMGFmMWVmOWZkMTU4MTJmZGVjOTcxNTNhMTRlMGIwNDc1NDZhYSJ9.y8HzNwfEGYTwOxe_6Be-Q3zYSPGuv9RFHb5wi1YrdBM",0]} 
[2019-08-28 23:10:03] production.INFO: User has logged out {"fd":73} 
[2019-08-28 23:10:07] production.INFO: New user has entered {"fd":75} 
[2019-08-28 23:10:07] production.INFO: new message {"fd":75,"data":{"action":"login","type":0,"token":"eyJ0eXAiOiJKV1QiLCJhbGciOiJIUzI1NiJ9.eyJpc3MiOiJodHRwOlwvXC8yMTkuMTA2LjIyMS4xODU6OTBcL3YxXC9kYXRhc1wvYWdlbnRzIiwiaWF0IjoxNTY2OTg1MDcwLCJleHAiOjE1NjY5ODg2NzAsIm5iZiI6MTU2Njk4NTA3MCwianRpIjoiaXBKNHpobzE0MlI2Zk1FQyIsInN1YiI6MSwicHJ2IjoiODdlMGFmMWVmOWZkMTU4MTJmZGVjOTcxNTNhMTRlMGIwNDc1NDZhYSJ9.y8HzNwfEGYTwOxe_6Be-Q3zYSPGuv9RFHb5wi1YrdBM"}} 
[2019-08-28 23:10:07] production.ERROR: User authorization failed {"params":[75,"eyJ0eXAiOiJKV1QiLCJhbGciOiJIUzI1NiJ9.eyJpc3MiOiJodHRwOlwvXC8yMTkuMTA2LjIyMS4xODU6OTBcL3YxXC9kYXRhc1wvYWdlbnRzIiwiaWF0IjoxNTY2OTg1MDcwLCJleHAiOjE1NjY5ODg2NzAsIm5iZiI6MTU2Njk4NTA3MCwianRpIjoiaXBKNHpobzE0MlI2Zk1FQyIsInN1YiI6MSwicHJ2IjoiODdlMGFmMWVmOWZkMTU4MTJmZGVjOTcxNTNhMTRlMGIwNDc1NDZhYSJ9.y8HzNwfEGYTwOxe_6Be-Q3zYSPGuv9RFHb5wi1YrdBM",0]} 
[2019-08-28 23:10:07] production.INFO: User has logged out {"fd":75} 
[2019-08-28 23:10:12] production.INFO: New user has entered {"fd":76} 
[2019-08-28 23:10:12] production.INFO: new message {"fd":76,"data":{"action":"login","type":0,"token":"eyJ0eXAiOiJKV1QiLCJhbGciOiJIUzI1NiJ9.eyJpc3MiOiJodHRwOlwvXC8yMTkuMTA2LjIyMS4xODU6OTBcL3YxXC9kYXRhc1wvYWdlbnRzIiwiaWF0IjoxNTY2OTg1MDcwLCJleHAiOjE1NjY5ODg2NzAsIm5iZiI6MTU2Njk4NTA3MCwianRpIjoiaXBKNHpobzE0MlI2Zk1FQyIsInN1YiI6MSwicHJ2IjoiODdlMGFmMWVmOWZkMTU4MTJmZGVjOTcxNTNhMTRlMGIwNDc1NDZhYSJ9.y8HzNwfEGYTwOxe_6Be-Q3zYSPGuv9RFHb5wi1YrdBM"}} 
[2019-08-28 23:10:12] production.ERROR: User authorization failed {"params":[76,"eyJ0eXAiOiJKV1QiLCJhbGciOiJIUzI1NiJ9.eyJpc3MiOiJodHRwOlwvXC8yMTkuMTA2LjIyMS4xODU6OTBcL3YxXC9kYXRhc1wvYWdlbnRzIiwiaWF0IjoxNTY2OTg1MDcwLCJleHAiOjE1NjY5ODg2NzAsIm5iZiI6MTU2Njk4NTA3MCwianRpIjoiaXBKNHpobzE0MlI2Zk1FQyIsInN1YiI6MSwicHJ2IjoiODdlMGFmMWVmOWZkMTU4MTJmZGVjOTcxNTNhMTRlMGIwNDc1NDZhYSJ9.y8HzNwfEGYTwOxe_6Be-Q3zYSPGuv9RFHb5wi1YrdBM",0]} 
[2019-08-28 23:10:12] production.INFO: User has logged out {"fd":76} 
[2019-08-28 23:10:22] production.INFO: New user has entered {"fd":77} 
[2019-08-28 23:10:23] production.INFO: new message {"fd":77,"data":{"action":"login","type":0,"token":"eyJ0eXAiOiJKV1QiLCJhbGciOiJIUzI1NiJ9.eyJpc3MiOiJodHRwOlwvXC8yMTkuMTA2LjIyMS4xODU6OTBcL3YxXC9kYXRhc1wvYWdlbnRzIiwiaWF0IjoxNTY2OTg1MDcwLCJleHAiOjE1NjY5ODg2NzAsIm5iZiI6MTU2Njk4NTA3MCwianRpIjoiaXBKNHpobzE0MlI2Zk1FQyIsInN1YiI6MSwicHJ2IjoiODdlMGFmMWVmOWZkMTU4MTJmZGVjOTcxNTNhMTRlMGIwNDc1NDZhYSJ9.y8HzNwfEGYTwOxe_6Be-Q3zYSPGuv9RFHb5wi1YrdBM"}} 
[2019-08-28 23:10:23] production.ERROR: User authorization failed {"params":[77,"eyJ0eXAiOiJKV1QiLCJhbGciOiJIUzI1NiJ9.eyJpc3MiOiJodHRwOlwvXC8yMTkuMTA2LjIyMS4xODU6OTBcL3YxXC9kYXRhc1wvYWdlbnRzIiwiaWF0IjoxNTY2OTg1MDcwLCJleHAiOjE1NjY5ODg2NzAsIm5iZiI6MTU2Njk4NTA3MCwianRpIjoiaXBKNHpobzE0MlI2Zk1FQyIsInN1YiI6MSwicHJ2IjoiODdlMGFmMWVmOWZkMTU4MTJmZGVjOTcxNTNhMTRlMGIwNDc1NDZhYSJ9.y8HzNwfEGYTwOxe_6Be-Q3zYSPGuv9RFHb5wi1YrdBM",0]} 
[2019-08-28 23:10:23] production.INFO: User has logged out {"fd":77} 
[2019-08-28 23:10:27] production.INFO: New user has entered {"fd":74} 
[2019-08-28 23:10:28] production.INFO: new message {"fd":74,"data":{"action":"login","type":0,"token":"eyJ0eXAiOiJKV1QiLCJhbGciOiJIUzI1NiJ9.eyJpc3MiOiJodHRwOlwvXC8yMTkuMTA2LjIyMS4xODU6OTBcL3YxXC9kYXRhc1wvYWdlbnRzIiwiaWF0IjoxNTY2OTg1MDcwLCJleHAiOjE1NjY5ODg2NzAsIm5iZiI6MTU2Njk4NTA3MCwianRpIjoiaXBKNHpobzE0MlI2Zk1FQyIsInN1YiI6MSwicHJ2IjoiODdlMGFmMWVmOWZkMTU4MTJmZGVjOTcxNTNhMTRlMGIwNDc1NDZhYSJ9.y8HzNwfEGYTwOxe_6Be-Q3zYSPGuv9RFHb5wi1YrdBM"}} 
[2019-08-28 23:10:28] production.ERROR: User authorization failed {"params":[74,"eyJ0eXAiOiJKV1QiLCJhbGciOiJIUzI1NiJ9.eyJpc3MiOiJodHRwOlwvXC8yMTkuMTA2LjIyMS4xODU6OTBcL3YxXC9kYXRhc1wvYWdlbnRzIiwiaWF0IjoxNTY2OTg1MDcwLCJleHAiOjE1NjY5ODg2NzAsIm5iZiI6MTU2Njk4NTA3MCwianRpIjoiaXBKNHpobzE0MlI2Zk1FQyIsInN1YiI6MSwicHJ2IjoiODdlMGFmMWVmOWZkMTU4MTJmZGVjOTcxNTNhMTRlMGIwNDc1NDZhYSJ9.y8HzNwfEGYTwOxe_6Be-Q3zYSPGuv9RFHb5wi1YrdBM",0]} 
[2019-08-28 23:10:28] production.INFO: User has logged out {"fd":74} 
[2019-08-28 23:10:36] production.INFO: New user has entered {"fd":78} 
[2019-08-28 23:10:37] production.INFO: new message {"fd":78,"data":{"action":"login","type":0,"token":"eyJ0eXAiOiJKV1QiLCJhbGciOiJIUzI1NiJ9.eyJpc3MiOiJodHRwOlwvXC8yMTkuMTA2LjIyMS4xODU6OTBcL3YxXC9kYXRhc1wvYWdlbnRzIiwiaWF0IjoxNTY2OTg1MDcwLCJleHAiOjE1NjY5ODg2NzAsIm5iZiI6MTU2Njk4NTA3MCwianRpIjoiaXBKNHpobzE0MlI2Zk1FQyIsInN1YiI6MSwicHJ2IjoiODdlMGFmMWVmOWZkMTU4MTJmZGVjOTcxNTNhMTRlMGIwNDc1NDZhYSJ9.y8HzNwfEGYTwOxe_6Be-Q3zYSPGuv9RFHb5wi1YrdBM"}} 
[2019-08-28 23:10:37] production.ERROR: User authorization failed {"params":[78,"eyJ0eXAiOiJKV1QiLCJhbGciOiJIUzI1NiJ9.eyJpc3MiOiJodHRwOlwvXC8yMTkuMTA2LjIyMS4xODU6OTBcL3YxXC9kYXRhc1wvYWdlbnRzIiwiaWF0IjoxNTY2OTg1MDcwLCJleHAiOjE1NjY5ODg2NzAsIm5iZiI6MTU2Njk4NTA3MCwianRpIjoiaXBKNHpobzE0MlI2Zk1FQyIsInN1YiI6MSwicHJ2IjoiODdlMGFmMWVmOWZkMTU4MTJmZGVjOTcxNTNhMTRlMGIwNDc1NDZhYSJ9.y8HzNwfEGYTwOxe_6Be-Q3zYSPGuv9RFHb5wi1YrdBM",0]} 
[2019-08-28 23:10:37] production.INFO: User has logged out {"fd":78} 
[2019-08-28 23:10:46] production.INFO: New user has entered {"fd":79} 
[2019-08-28 23:10:47] production.INFO: new message {"fd":79,"data":{"action":"login","type":0,"token":"eyJ0eXAiOiJKV1QiLCJhbGciOiJIUzI1NiJ9.eyJpc3MiOiJodHRwOlwvXC8yMTkuMTA2LjIyMS4xODU6OTBcL3YxXC9kYXRhc1wvYWdlbnRzIiwiaWF0IjoxNTY2OTg1MDcwLCJleHAiOjE1NjY5ODg2NzAsIm5iZiI6MTU2Njk4NTA3MCwianRpIjoiaXBKNHpobzE0MlI2Zk1FQyIsInN1YiI6MSwicHJ2IjoiODdlMGFmMWVmOWZkMTU4MTJmZGVjOTcxNTNhMTRlMGIwNDc1NDZhYSJ9.y8HzNwfEGYTwOxe_6Be-Q3zYSPGuv9RFHb5wi1YrdBM"}} 
[2019-08-28 23:10:47] production.ERROR: User authorization failed {"params":[79,"eyJ0eXAiOiJKV1QiLCJhbGciOiJIUzI1NiJ9.eyJpc3MiOiJodHRwOlwvXC8yMTkuMTA2LjIyMS4xODU6OTBcL3YxXC9kYXRhc1wvYWdlbnRzIiwiaWF0IjoxNTY2OTg1MDcwLCJleHAiOjE1NjY5ODg2NzAsIm5iZiI6MTU2Njk4NTA3MCwianRpIjoiaXBKNHpobzE0MlI2Zk1FQyIsInN1YiI6MSwicHJ2IjoiODdlMGFmMWVmOWZkMTU4MTJmZGVjOTcxNTNhMTRlMGIwNDc1NDZhYSJ9.y8HzNwfEGYTwOxe_6Be-Q3zYSPGuv9RFHb5wi1YrdBM",0]} 
[2019-08-28 23:10:47] production.INFO: User has logged out {"fd":79} 
[2019-08-28 23:10:55] production.INFO: New user has entered {"fd":80} 
[2019-08-28 23:10:55] production.INFO: new message {"fd":80,"data":{"action":"login","type":0,"token":"eyJ0eXAiOiJKV1QiLCJhbGciOiJIUzI1NiJ9.eyJpc3MiOiJodHRwOlwvXC8yMTkuMTA2LjIyMS4xODU6OTBcL3YxXC9kYXRhc1wvYWdlbnRzIiwiaWF0IjoxNTY2OTg1MDcwLCJleHAiOjE1NjY5ODg2NzAsIm5iZiI6MTU2Njk4NTA3MCwianRpIjoiaXBKNHpobzE0MlI2Zk1FQyIsInN1YiI6MSwicHJ2IjoiODdlMGFmMWVmOWZkMTU4MTJmZGVjOTcxNTNhMTRlMGIwNDc1NDZhYSJ9.y8HzNwfEGYTwOxe_6Be-Q3zYSPGuv9RFHb5wi1YrdBM"}} 
[2019-08-28 23:10:55] production.ERROR: User authorization failed {"params":[80,"eyJ0eXAiOiJKV1QiLCJhbGciOiJIUzI1NiJ9.eyJpc3MiOiJodHRwOlwvXC8yMTkuMTA2LjIyMS4xODU6OTBcL3YxXC9kYXRhc1wvYWdlbnRzIiwiaWF0IjoxNTY2OTg1MDcwLCJleHAiOjE1NjY5ODg2NzAsIm5iZiI6MTU2Njk4NTA3MCwianRpIjoiaXBKNHpobzE0MlI2Zk1FQyIsInN1YiI6MSwicHJ2IjoiODdlMGFmMWVmOWZkMTU4MTJmZGVjOTcxNTNhMTRlMGIwNDc1NDZhYSJ9.y8HzNwfEGYTwOxe_6Be-Q3zYSPGuv9RFHb5wi1YrdBM",0]} 
[2019-08-28 23:10:55] production.INFO: User has logged out {"fd":80} 
[2019-08-28 23:11:04] production.INFO: New user has entered {"fd":81} 
[2019-08-28 23:11:04] production.INFO: new message {"fd":81,"data":{"action":"login","type":0,"token":"eyJ0eXAiOiJKV1QiLCJhbGciOiJIUzI1NiJ9.eyJpc3MiOiJodHRwOlwvXC8yMTkuMTA2LjIyMS4xODU6OTBcL3YxXC9kYXRhc1wvYWdlbnRzIiwiaWF0IjoxNTY2OTg1MDcwLCJleHAiOjE1NjY5ODg2NzAsIm5iZiI6MTU2Njk4NTA3MCwianRpIjoiaXBKNHpobzE0MlI2Zk1FQyIsInN1YiI6MSwicHJ2IjoiODdlMGFmMWVmOWZkMTU4MTJmZGVjOTcxNTNhMTRlMGIwNDc1NDZhYSJ9.y8HzNwfEGYTwOxe_6Be-Q3zYSPGuv9RFHb5wi1YrdBM"}} 
[2019-08-28 23:11:04] production.ERROR: User authorization failed {"params":[81,"eyJ0eXAiOiJKV1QiLCJhbGciOiJIUzI1NiJ9.eyJpc3MiOiJodHRwOlwvXC8yMTkuMTA2LjIyMS4xODU6OTBcL3YxXC9kYXRhc1wvYWdlbnRzIiwiaWF0IjoxNTY2OTg1MDcwLCJleHAiOjE1NjY5ODg2NzAsIm5iZiI6MTU2Njk4NTA3MCwianRpIjoiaXBKNHpobzE0MlI2Zk1FQyIsInN1YiI6MSwicHJ2IjoiODdlMGFmMWVmOWZkMTU4MTJmZGVjOTcxNTNhMTRlMGIwNDc1NDZhYSJ9.y8HzNwfEGYTwOxe_6Be-Q3zYSPGuv9RFHb5wi1YrdBM",0]} 
[2019-08-28 23:11:04] production.INFO: User has logged out {"fd":81} 
[2019-08-28 23:11:12] production.INFO: New user has entered {"fd":83} 
[2019-08-28 23:11:13] production.INFO: new message {"fd":83,"data":{"action":"login","type":0,"token":"eyJ0eXAiOiJKV1QiLCJhbGciOiJIUzI1NiJ9.eyJpc3MiOiJodHRwOlwvXC8yMTkuMTA2LjIyMS4xODU6OTBcL3YxXC9kYXRhc1wvYWdlbnRzIiwiaWF0IjoxNTY2OTg1MDcwLCJleHAiOjE1NjY5ODg2NzAsIm5iZiI6MTU2Njk4NTA3MCwianRpIjoiaXBKNHpobzE0MlI2Zk1FQyIsInN1YiI6MSwicHJ2IjoiODdlMGFmMWVmOWZkMTU4MTJmZGVjOTcxNTNhMTRlMGIwNDc1NDZhYSJ9.y8HzNwfEGYTwOxe_6Be-Q3zYSPGuv9RFHb5wi1YrdBM"}} 
[2019-08-28 23:11:13] production.ERROR: User authorization failed {"params":[83,"eyJ0eXAiOiJKV1QiLCJhbGciOiJIUzI1NiJ9.eyJpc3MiOiJodHRwOlwvXC8yMTkuMTA2LjIyMS4xODU6OTBcL3YxXC9kYXRhc1wvYWdlbnRzIiwiaWF0IjoxNTY2OTg1MDcwLCJleHAiOjE1NjY5ODg2NzAsIm5iZiI6MTU2Njk4NTA3MCwianRpIjoiaXBKNHpobzE0MlI2Zk1FQyIsInN1YiI6MSwicHJ2IjoiODdlMGFmMWVmOWZkMTU4MTJmZGVjOTcxNTNhMTRlMGIwNDc1NDZhYSJ9.y8HzNwfEGYTwOxe_6Be-Q3zYSPGuv9RFHb5wi1YrdBM",0]} 
[2019-08-28 23:11:13] production.INFO: User has logged out {"fd":83} 
[2019-08-28 23:11:21] production.INFO: New user has entered {"fd":84} 
[2019-08-28 23:11:22] production.INFO: new message {"fd":84,"data":{"action":"login","type":0,"token":"eyJ0eXAiOiJKV1QiLCJhbGciOiJIUzI1NiJ9.eyJpc3MiOiJodHRwOlwvXC8yMTkuMTA2LjIyMS4xODU6OTBcL3YxXC9kYXRhc1wvYWdlbnRzIiwiaWF0IjoxNTY2OTg1MDcwLCJleHAiOjE1NjY5ODg2NzAsIm5iZiI6MTU2Njk4NTA3MCwianRpIjoiaXBKNHpobzE0MlI2Zk1FQyIsInN1YiI6MSwicHJ2IjoiODdlMGFmMWVmOWZkMTU4MTJmZGVjOTcxNTNhMTRlMGIwNDc1NDZhYSJ9.y8HzNwfEGYTwOxe_6Be-Q3zYSPGuv9RFHb5wi1YrdBM"}} 
[2019-08-28 23:11:22] production.ERROR: User authorization failed {"params":[84,"eyJ0eXAiOiJKV1QiLCJhbGciOiJIUzI1NiJ9.eyJpc3MiOiJodHRwOlwvXC8yMTkuMTA2LjIyMS4xODU6OTBcL3YxXC9kYXRhc1wvYWdlbnRzIiwiaWF0IjoxNTY2OTg1MDcwLCJleHAiOjE1NjY5ODg2NzAsIm5iZiI6MTU2Njk4NTA3MCwianRpIjoiaXBKNHpobzE0MlI2Zk1FQyIsInN1YiI6MSwicHJ2IjoiODdlMGFmMWVmOWZkMTU4MTJmZGVjOTcxNTNhMTRlMGIwNDc1NDZhYSJ9.y8HzNwfEGYTwOxe_6Be-Q3zYSPGuv9RFHb5wi1YrdBM",0]} 
[2019-08-28 23:11:22] production.INFO: User has logged out {"fd":84} 
[2019-08-28 23:11:26] production.INFO: New user has entered {"fd":85} 
[2019-08-28 23:11:26] production.INFO: new message {"fd":85,"data":{"action":"login","type":0,"token":"eyJ0eXAiOiJKV1QiLCJhbGciOiJIUzI1NiJ9.eyJpc3MiOiJodHRwOlwvXC8yMTkuMTA2LjIyMS4xODU6OTBcL3YxXC9kYXRhc1wvYWdlbnRzIiwiaWF0IjoxNTY2OTg1MDcwLCJleHAiOjE1NjY5ODg2NzAsIm5iZiI6MTU2Njk4NTA3MCwianRpIjoiaXBKNHpobzE0MlI2Zk1FQyIsInN1YiI6MSwicHJ2IjoiODdlMGFmMWVmOWZkMTU4MTJmZGVjOTcxNTNhMTRlMGIwNDc1NDZhYSJ9.y8HzNwfEGYTwOxe_6Be-Q3zYSPGuv9RFHb5wi1YrdBM"}} 
[2019-08-28 23:11:26] production.ERROR: User authorization failed {"params":[85,"eyJ0eXAiOiJKV1QiLCJhbGciOiJIUzI1NiJ9.eyJpc3MiOiJodHRwOlwvXC8yMTkuMTA2LjIyMS4xODU6OTBcL3YxXC9kYXRhc1wvYWdlbnRzIiwiaWF0IjoxNTY2OTg1MDcwLCJleHAiOjE1NjY5ODg2NzAsIm5iZiI6MTU2Njk4NTA3MCwianRpIjoiaXBKNHpobzE0MlI2Zk1FQyIsInN1YiI6MSwicHJ2IjoiODdlMGFmMWVmOWZkMTU4MTJmZGVjOTcxNTNhMTRlMGIwNDc1NDZhYSJ9.y8HzNwfEGYTwOxe_6Be-Q3zYSPGuv9RFHb5wi1YrdBM",0]} 
[2019-08-28 23:11:26] production.INFO: User has logged out {"fd":85} 
[2019-08-28 23:16:05] production.INFO: User has logged out {"fd":38} 
[2019-08-28 23:17:14] production.INFO: User has logged out {"fd":43} 
[2019-08-28 23:18:11] production.INFO: New user has entered {"fd":88} 
[2019-08-28 23:18:12] production.INFO: new message {"fd":88,"data":{"action":"login","type":1,"token":"eyJ0eXAiOiJKV1QiLCJhbGciOiJIUzI1NiJ9.eyJpc3MiOiJodHRwOlwvXC8yMTkuMTA2LjIyMS4xODU6OTBcL3YxXC90b2tlbnMiLCJpYXQiOjE1NjcwMDExOTEsImV4cCI6MTU2NzAwNDc5MSwibmJmIjoxNTY3MDAxMTkxLCJqdGkiOiI0MTFhQW05d2VKVHV5M2pCIiwic3ViIjo2LCJwcnYiOiI4N2UwYWYxZWY5ZmQxNTgxMmZkZWM5NzE1M2ExNGUwYjA0NzU0NmFhIn0.I32Aj4qWzkWEtrc0E3008ReinQqeo30CxaFje_Re1uY"}} 
[2019-08-28 23:22:53] production.INFO: User has logged out {"fd":88} 
[2019-08-28 23:50:07] production.INFO: User has logged out {"fd":23} 
