[2019-08-28 17:12:29] production.ERROR: Tymon\JWTAuth\Exceptions\TokenExpiredException: Token has expired and can no longer be refreshed in /www/api/vendor/tymon/jwt-auth/src/Claims/IssuedAt.php:59
Stack trace:
#0 [internal function]: Tymon\JWTAuth\Claims\IssuedAt->validateRefresh('1440')
#1 /www/api/vendor/tymon/jwt-auth/src/Claims/Collection.php(62): call_user_func_array(Array, Array)
#2 /www/api/vendor/illuminate/support/Collection.php(419): Tymon\JWTAuth\Claims\Collection->Tymon\JWTAuth\Claims\{closure}(Object(Tymon\JWTAuth\Claims\IssuedAt), 'iat')
#3 /www/api/vendor/tymon/jwt-auth/src/Claims/Collection.php(64): Illuminate\Support\Collection->each(Object(Closure))
#4 /www/api/vendor/tymon/jwt-auth/src/Validators/PayloadValidator.php(97): Tymon\JWTAuth\Claims\Collection->validate('refresh', '1440')
#5 /www/api/vendor/tymon/jwt-auth/src/Validators/PayloadValidator.php(51): Tymon\JWTAuth\Validators\PayloadValidator->validateRefresh(Object(Tymon\JWTAuth\Claims\Collection))
#6 /www/api/vendor/tymon/jwt-auth/src/Payload.php(46): Tymon\JWTAuth\Validators\PayloadValidator->check(Object(Tymon\JWTAuth\Claims\Collection))
#7 /www/api/vendor/tymon/jwt-auth/src/Factory.php(185): Tymon\JWTAuth\Payload->__construct(Object(Tymon\JWTAuth\Claims\Collection), Object(Tymon\JWTAuth\Validators\PayloadValidator), true)
#8 /www/api/vendor/tymon/jwt-auth/src/Factory.php(87): Tymon\JWTAuth\Factory->withClaims(Object(Tymon\JWTAuth\Claims\Collection))
#9 /www/api/vendor/tymon/jwt-auth/src/Manager.php(106): Tymon\JWTAuth\Factory->make()
#10 /www/api/vendor/tymon/jwt-auth/src/Manager.php(128): Tymon\JWTAuth\Manager->decode(Object(Tymon\JWTAuth\Token))
#11 /www/api/vendor/tymon/jwt-auth/src/JWT.php(106): Tymon\JWTAuth\Manager->refresh(Object(Tymon\JWTAuth\Token), false, false)
#12 /www/api/app/Http/Controllers/TokenController.php(201): Tymon\JWTAuth\JWT->refresh()
#13 [internal function]: App\Http\Controllers\TokenController->update(Object(Illuminate\Http\Request))
#14 /www/api/vendor/illuminate/container/BoundMethod.php(29): call_user_func_array(Array, Array)
#15 /www/api/vendor/illuminate/container/BoundMethod.php(87): Illuminate\Container\BoundMethod::Illuminate\Container\{closure}()
#16 /www/api/vendor/illuminate/container/BoundMethod.php(31): Illuminate\Container\BoundMethod::callBoundMethod(Object(Laravel\Lumen\Application), Array, Object(Closure))
#17 /www/api/vendor/illuminate/container/Container.php(572): Illuminate\Container\BoundMethod::call(Object(Laravel\Lumen\Application), Array, Array, NULL)
#18 /www/api/vendor/laravel/lumen-framework/src/Concerns/RoutesRequests.php(378): Illuminate\Container\Container->call(Array, Array)
#19 /www/api/vendor/laravel/lumen-framework/src/Concerns/RoutesRequests.php(344): Laravel\Lumen\Application->callControllerCallable(Array, Array)
#20 /www/api/vendor/laravel/lumen-framework/src/Concerns/RoutesRequests.php(318): Laravel\Lumen\Application->callLumenController(Object(App\Http\Controllers\TokenController), 'update', Array)
#21 /www/api/vendor/laravel/lumen-framework/src/Concerns/RoutesRequests.php(280): Laravel\Lumen\Application->callControllerAction(Array)
#22 /www/api/vendor/laravel/lumen-framework/src/Concerns/RoutesRequests.php(265): Laravel\Lumen\Application->callActionOnArrayBasedRoute(Array)
#23 /www/api/vendor/laravel/lumen-framework/src/Concerns/RoutesRequests.php(165): Laravel\Lumen\Application->handleFoundRoute(Array)
#24 [internal function]: Laravel\Lumen\Application->Laravel\Lumen\Concerns\{closure}(Object(Illuminate\Http\Request))
#25 /www/api/vendor/laravel/lumen-framework/src/Routing/Pipeline.php(52): call_user_func(Object(Closure), Object(Illuminate\Http\Request))
#26 /www/api/app/Http/Middleware/Result.php(44): Laravel\Lumen\Routing\Pipeline->Laravel\Lumen\Routing\{closure}(Object(Illuminate\Http\Request))
#27 /www/api/vendor/illuminate/pipeline/Pipeline.php(163): App\Http\Middleware\Result->handle(Object(Illuminate\Http\Request), Object(Closure))
#28 [internal function]: Illuminate\Pipeline\Pipeline->Illuminate\Pipeline\{closure}(Object(Illuminate\Http\Request))
#29 /www/api/vendor/laravel/lumen-framework/src/Routing/Pipeline.php(32): call_user_func(Object(Closure), Object(Illuminate\Http\Request))
#30 /www/api/vendor/illuminate/pipeline/Pipeline.php(104): Laravel\Lumen\Routing\Pipeline->Laravel\Lumen\Routing\{closure}(Object(Illuminate\Http\Request))
#31 /www/api/vendor/laravel/lumen-framework/src/Concerns/RoutesRequests.php(415): Illuminate\Pipeline\Pipeline->then(Object(Closure))
#32 /www/api/vendor/laravel/lumen-framework/src/Concerns/RoutesRequests.php(171): Laravel\Lumen\Application->sendThroughPipeline(Array, Object(Closure))
#33 /www/api/vendor/hhxsv5/laravel-s/src/Illuminate/Laravel.php(161): Laravel\Lumen\Application->dispatch(Object(Illuminate\Http\Request))
#34 /www/api/vendor/hhxsv5/laravel-s/src/LaravelS.php(195): Hhxsv5\LaravelS\Illuminate\Laravel->handleDynamic(Object(Illuminate\Http\Request))
#35 /www/api/vendor/hhxsv5/laravel-s/src/LaravelS.php(144): Hhxsv5\LaravelS\LaravelS->handleDynamicResource(Object(Hhxsv5\LaravelS\Illuminate\Laravel), Object(Illuminate\Http\Request), Object(Swoole\Http\Response))
#36 [internal function]: Hhxsv5\LaravelS\LaravelS->onRequest(Object(Swoole\Http\Request), Object(Swoole\Http\Response))
#37 /www/api/vendor/hhxsv5/laravel-s/src/Swoole/Server.php(361): Swoole\Server->start()
#38 /www/api/vendor/hhxsv5/laravel-s/src/Console/Portal.php(132): Hhxsv5\LaravelS\Swoole\Server->run()
#39 /www/api/vendor/hhxsv5/laravel-s/src/Console/Portal.php(56): Hhxsv5\LaravelS\Console\Portal->start()
#40 /www/api/vendor/symfony/console/Command/Command.php(255): Hhxsv5\LaravelS\Console\Portal->execute(Object(Symfony\Component\Console\Input\ArgvInput), Object(Symfony\Component\Console\Output\ConsoleOutput))
#41 /www/api/bin/laravels(10): Symfony\Component\Console\Command\Command->run(Object(Symfony\Component\Console\Input\ArgvInput), Object(Symfony\Component\Console\Output\ConsoleOutput))
#42 {main} {"exception":"[object] (Tymon\\JWTAuth\\Exceptions\\TokenExpiredException(code: 0): Token has expired and can no longer be refreshed at /www/api/vendor/tymon/jwt-auth/src/Claims/IssuedAt.php:59)
[stacktrace]
#0 [internal function]: Tymon\\JWTAuth\\Claims\\IssuedAt->validateRefresh('1440')
#1 /www/api/vendor/tymon/jwt-auth/src/Claims/Collection.php(62): call_user_func_array(Array, Array)
#2 /www/api/vendor/illuminate/support/Collection.php(419): Tymon\\JWTAuth\\Claims\\Collection->Tymon\\JWTAuth\\Claims\\{closure}(Object(Tymon\\JWTAuth\\Claims\\IssuedAt), 'iat')
#3 /www/api/vendor/tymon/jwt-auth/src/Claims/Collection.php(64): Illuminate\\Support\\Collection->each(Object(Closure))
#4 /www/api/vendor/tymon/jwt-auth/src/Validators/PayloadValidator.php(97): Tymon\\JWTAuth\\Claims\\Collection->validate('refresh', '1440')
#5 /www/api/vendor/tymon/jwt-auth/src/Validators/PayloadValidator.php(51): Tymon\\JWTAuth\\Validators\\PayloadValidator->validateRefresh(Object(Tymon\\JWTAuth\\Claims\\Collection))
#6 /www/api/vendor/tymon/jwt-auth/src/Payload.php(46): Tymon\\JWTAuth\\Validators\\PayloadValidator->check(Object(Tymon\\JWTAuth\\Claims\\Collection))
#7 /www/api/vendor/tymon/jwt-auth/src/Factory.php(185): Tymon\\JWTAuth\\Payload->__construct(Object(Tymon\\JWTAuth\\Claims\\Collection), Object(Tymon\\JWTAuth\\Validators\\PayloadValidator), true)
#8 /www/api/vendor/tymon/jwt-auth/src/Factory.php(87): Tymon\\JWTAuth\\Factory->withClaims(Object(Tymon\\JWTAuth\\Claims\\Collection))
#9 /www/api/vendor/tymon/jwt-auth/src/Manager.php(106): Tymon\\JWTAuth\\Factory->make()
#10 /www/api/vendor/tymon/jwt-auth/src/Manager.php(128): Tymon\\JWTAuth\\Manager->decode(Object(Tymon\\JWTAuth\\Token))
#11 /www/api/vendor/tymon/jwt-auth/src/JWT.php(106): Tymon\\JWTAuth\\Manager->refresh(Object(Tymon\\JWTAuth\\Token), false, false)
#12 /www/api/app/Http/Controllers/TokenController.php(201): Tymon\\JWTAuth\\JWT->refresh()
#13 [internal function]: App\\Http\\Controllers\\TokenController->update(Object(Illuminate\\Http\\Request))
#14 /www/api/vendor/illuminate/container/BoundMethod.php(29): call_user_func_array(Array, Array)
#15 /www/api/vendor/illuminate/container/BoundMethod.php(87): Illuminate\\Container\\BoundMethod::Illuminate\\Container\\{closure}()
#16 /www/api/vendor/illuminate/container/BoundMethod.php(31): Illuminate\\Container\\BoundMethod::callBoundMethod(Object(Laravel\\Lumen\\Application), Array, Object(Closure))
#17 /www/api/vendor/illuminate/container/Container.php(572): Illuminate\\Container\\BoundMethod::call(Object(Laravel\\Lumen\\Application), Array, Array, NULL)
#18 /www/api/vendor/laravel/lumen-framework/src/Concerns/RoutesRequests.php(378): Illuminate\\Container\\Container->call(Array, Array)
#19 /www/api/vendor/laravel/lumen-framework/src/Concerns/RoutesRequests.php(344): Laravel\\Lumen\\Application->callControllerCallable(Array, Array)
#20 /www/api/vendor/laravel/lumen-framework/src/Concerns/RoutesRequests.php(318): Laravel\\Lumen\\Application->callLumenController(Object(App\\Http\\Controllers\\TokenController), 'update', Array)
#21 /www/api/vendor/laravel/lumen-framework/src/Concerns/RoutesRequests.php(280): Laravel\\Lumen\\Application->callControllerAction(Array)
#22 /www/api/vendor/laravel/lumen-framework/src/Concerns/RoutesRequests.php(265): Laravel\\Lumen\\Application->callActionOnArrayBasedRoute(Array)
#23 /www/api/vendor/laravel/lumen-framework/src/Concerns/RoutesRequests.php(165): Laravel\\Lumen\\Application->handleFoundRoute(Array)
#24 [internal function]: Laravel\\Lumen\\Application->Laravel\\Lumen\\Concerns\\{closure}(Object(Illuminate\\Http\\Request))
#25 /www/api/vendor/laravel/lumen-framework/src/Routing/Pipeline.php(52): call_user_func(Object(Closure), Object(Illuminate\\Http\\Request))
#26 /www/api/app/Http/Middleware/Result.php(44): Laravel\\Lumen\\Routing\\Pipeline->Laravel\\Lumen\\Routing\\{closure}(Object(Illuminate\\Http\\Request))
#27 /www/api/vendor/illuminate/pipeline/Pipeline.php(163): App\\Http\\Middleware\\Result->handle(Object(Illuminate\\Http\\Request), Object(Closure))
#28 [internal function]: Illuminate\\Pipeline\\Pipeline->Illuminate\\Pipeline\\{closure}(Object(Illuminate\\Http\\Request))
#29 /www/api/vendor/laravel/lumen-framework/src/Routing/Pipeline.php(32): call_user_func(Object(Closure), Object(Illuminate\\Http\\Request))
#30 /www/api/vendor/illuminate/pipeline/Pipeline.php(104): Laravel\\Lumen\\Routing\\Pipeline->Laravel\\Lumen\\Routing\\{closure}(Object(Illuminate\\Http\\Request))
#31 /www/api/vendor/laravel/lumen-framework/src/Concerns/RoutesRequests.php(415): Illuminate\\Pipeline\\Pipeline->then(Object(Closure))
#32 /www/api/vendor/laravel/lumen-framework/src/Concerns/RoutesRequests.php(171): Laravel\\Lumen\\Application->sendThroughPipeline(Array, Object(Closure))
#33 /www/api/vendor/hhxsv5/laravel-s/src/Illuminate/Laravel.php(161): Laravel\\Lumen\\Application->dispatch(Object(Illuminate\\Http\\Request))
#34 /www/api/vendor/hhxsv5/laravel-s/src/LaravelS.php(195): Hhxsv5\\LaravelS\\Illuminate\\Laravel->handleDynamic(Object(Illuminate\\Http\\Request))
#35 /www/api/vendor/hhxsv5/laravel-s/src/LaravelS.php(144): Hhxsv5\\LaravelS\\LaravelS->handleDynamicResource(Object(Hhxsv5\\LaravelS\\Illuminate\\Laravel), Object(Illuminate\\Http\\Request), Object(Swoole\\Http\\Response))
#36 [internal function]: Hhxsv5\\LaravelS\\LaravelS->onRequest(Object(Swoole\\Http\\Request), Object(Swoole\\Http\\Response))
#37 /www/api/vendor/hhxsv5/laravel-s/src/Swoole/Server.php(361): Swoole\\Server->start()
#38 /www/api/vendor/hhxsv5/laravel-s/src/Console/Portal.php(132): Hhxsv5\\LaravelS\\Swoole\\Server->run()
#39 /www/api/vendor/hhxsv5/laravel-s/src/Console/Portal.php(56): Hhxsv5\\LaravelS\\Console\\Portal->start()
#40 /www/api/vendor/symfony/console/Command/Command.php(255): Hhxsv5\\LaravelS\\Console\\Portal->execute(Object(Symfony\\Component\\Console\\Input\\ArgvInput), Object(Symfony\\Component\\Console\\Output\\ConsoleOutput))
#41 /www/api/bin/laravels(10): Symfony\\Component\\Console\\Command\\Command->run(Object(Symfony\\Component\\Console\\Input\\ArgvInput), Object(Symfony\\Component\\Console\\Output\\ConsoleOutput))
#42 {main}
"} 
[2019-08-28 17:27:36] production.ERROR: Tymon\JWTAuth\Exceptions\TokenExpiredException: Token has expired and can no longer be refreshed in /www/api/vendor/tymon/jwt-auth/src/Claims/IssuedAt.php:59
Stack trace:
#0 [internal function]: Tymon\JWTAuth\Claims\IssuedAt->validateRefresh('1440')
#1 /www/api/vendor/tymon/jwt-auth/src/Claims/Collection.php(62): call_user_func_array(Array, Array)
#2 /www/api/vendor/illuminate/support/Collection.php(419): Tymon\JWTAuth\Claims\Collection->Tymon\JWTAuth\Claims\{closure}(Object(Tymon\JWTAuth\Claims\IssuedAt), 'iat')
#3 /www/api/vendor/tymon/jwt-auth/src/Claims/Collection.php(64): Illuminate\Support\Collection->each(Object(Closure))
#4 /www/api/vendor/tymon/jwt-auth/src/Validators/PayloadValidator.php(97): Tymon\JWTAuth\Claims\Collection->validate('refresh', '1440')
#5 /www/api/vendor/tymon/jwt-auth/src/Validators/PayloadValidator.php(51): Tymon\JWTAuth\Validators\PayloadValidator->validateRefresh(Object(Tymon\JWTAuth\Claims\Collection))
#6 /www/api/vendor/tymon/jwt-auth/src/Payload.php(46): Tymon\JWTAuth\Validators\PayloadValidator->check(Object(Tymon\JWTAuth\Claims\Collection))
#7 /www/api/vendor/tymon/jwt-auth/src/Factory.php(185): Tymon\JWTAuth\Payload->__construct(Object(Tymon\JWTAuth\Claims\Collection), Object(Tymon\JWTAuth\Validators\PayloadValidator), true)
#8 /www/api/vendor/tymon/jwt-auth/src/Factory.php(87): Tymon\JWTAuth\Factory->withClaims(Object(Tymon\JWTAuth\Claims\Collection))
#9 /www/api/vendor/tymon/jwt-auth/src/Manager.php(106): Tymon\JWTAuth\Factory->make()
#10 /www/api/vendor/tymon/jwt-auth/src/Manager.php(128): Tymon\JWTAuth\Manager->decode(Object(Tymon\JWTAuth\Token))
#11 /www/api/vendor/tymon/jwt-auth/src/JWT.php(106): Tymon\JWTAuth\Manager->refresh(Object(Tymon\JWTAuth\Token), false, false)
#12 /www/api/app/Http/Controllers/TokenController.php(201): Tymon\JWTAuth\JWT->refresh()
#13 [internal function]: App\Http\Controllers\TokenController->update(Object(Illuminate\Http\Request))
#14 /www/api/vendor/illuminate/container/BoundMethod.php(29): call_user_func_array(Array, Array)
#15 /www/api/vendor/illuminate/container/BoundMethod.php(87): Illuminate\Container\BoundMethod::Illuminate\Container\{closure}()
#16 /www/api/vendor/illuminate/container/BoundMethod.php(31): Illuminate\Container\BoundMethod::callBoundMethod(Object(Laravel\Lumen\Application), Array, Object(Closure))
#17 /www/api/vendor/illuminate/container/Container.php(572): Illuminate\Container\BoundMethod::call(Object(Laravel\Lumen\Application), Array, Array, NULL)
#18 /www/api/vendor/laravel/lumen-framework/src/Concerns/RoutesRequests.php(378): Illuminate\Container\Container->call(Array, Array)
#19 /www/api/vendor/laravel/lumen-framework/src/Concerns/RoutesRequests.php(344): Laravel\Lumen\Application->callControllerCallable(Array, Array)
#20 /www/api/vendor/laravel/lumen-framework/src/Concerns/RoutesRequests.php(318): Laravel\Lumen\Application->callLumenController(Object(App\Http\Controllers\TokenController), 'update', Array)
#21 /www/api/vendor/laravel/lumen-framework/src/Concerns/RoutesRequests.php(280): Laravel\Lumen\Application->callControllerAction(Array)
#22 /www/api/vendor/laravel/lumen-framework/src/Concerns/RoutesRequests.php(265): Laravel\Lumen\Application->callActionOnArrayBasedRoute(Array)
#23 /www/api/vendor/laravel/lumen-framework/src/Concerns/RoutesRequests.php(165): Laravel\Lumen\Application->handleFoundRoute(Array)
#24 [internal function]: Laravel\Lumen\Application->Laravel\Lumen\Concerns\{closure}(Object(Illuminate\Http\Request))
#25 /www/api/vendor/laravel/lumen-framework/src/Routing/Pipeline.php(52): call_user_func(Object(Closure), Object(Illuminate\Http\Request))
#26 /www/api/app/Http/Middleware/Result.php(44): Laravel\Lumen\Routing\Pipeline->Laravel\Lumen\Routing\{closure}(Object(Illuminate\Http\Request))
#27 /www/api/vendor/illuminate/pipeline/Pipeline.php(163): App\Http\Middleware\Result->handle(Object(Illuminate\Http\Request), Object(Closure))
#28 [internal function]: Illuminate\Pipeline\Pipeline->Illuminate\Pipeline\{closure}(Object(Illuminate\Http\Request))
#29 /www/api/vendor/laravel/lumen-framework/src/Routing/Pipeline.php(32): call_user_func(Object(Closure), Object(Illuminate\Http\Request))
#30 /www/api/vendor/illuminate/pipeline/Pipeline.php(104): Laravel\Lumen\Routing\Pipeline->Laravel\Lumen\Routing\{closure}(Object(Illuminate\Http\Request))
#31 /www/api/vendor/laravel/lumen-framework/src/Concerns/RoutesRequests.php(415): Illuminate\Pipeline\Pipeline->then(Object(Closure))
#32 /www/api/vendor/laravel/lumen-framework/src/Concerns/RoutesRequests.php(171): Laravel\Lumen\Application->sendThroughPipeline(Array, Object(Closure))
#33 /www/api/vendor/hhxsv5/laravel-s/src/Illuminate/Laravel.php(161): Laravel\Lumen\Application->dispatch(Object(Illuminate\Http\Request))
#34 /www/api/vendor/hhxsv5/laravel-s/src/LaravelS.php(195): Hhxsv5\LaravelS\Illuminate\Laravel->handleDynamic(Object(Illuminate\Http\Request))
#35 /www/api/vendor/hhxsv5/laravel-s/src/LaravelS.php(144): Hhxsv5\LaravelS\LaravelS->handleDynamicResource(Object(Hhxsv5\LaravelS\Illuminate\Laravel), Object(Illuminate\Http\Request), Object(Swoole\Http\Response))
#36 [internal function]: Hhxsv5\LaravelS\LaravelS->onRequest(Object(Swoole\Http\Request), Object(Swoole\Http\Response))
#37 /www/api/vendor/hhxsv5/laravel-s/src/Swoole/Server.php(361): Swoole\Server->start()
#38 /www/api/vendor/hhxsv5/laravel-s/src/Console/Portal.php(132): Hhxsv5\LaravelS\Swoole\Server->run()
#39 /www/api/vendor/hhxsv5/laravel-s/src/Console/Portal.php(56): Hhxsv5\LaravelS\Console\Portal->start()
#40 /www/api/vendor/symfony/console/Command/Command.php(255): Hhxsv5\LaravelS\Console\Portal->execute(Object(Symfony\Component\Console\Input\ArgvInput), Object(Symfony\Component\Console\Output\ConsoleOutput))
#41 /www/api/bin/laravels(10): Symfony\Component\Console\Command\Command->run(Object(Symfony\Component\Console\Input\ArgvInput), Object(Symfony\Component\Console\Output\ConsoleOutput))
#42 {main} {"exception":"[object] (Tymon\\JWTAuth\\Exceptions\\TokenExpiredException(code: 0): Token has expired and can no longer be refreshed at /www/api/vendor/tymon/jwt-auth/src/Claims/IssuedAt.php:59)
[stacktrace]
#0 [internal function]: Tymon\\JWTAuth\\Claims\\IssuedAt->validateRefresh('1440')
#1 /www/api/vendor/tymon/jwt-auth/src/Claims/Collection.php(62): call_user_func_array(Array, Array)
#2 /www/api/vendor/illuminate/support/Collection.php(419): Tymon\\JWTAuth\\Claims\\Collection->Tymon\\JWTAuth\\Claims\\{closure}(Object(Tymon\\JWTAuth\\Claims\\IssuedAt), 'iat')
#3 /www/api/vendor/tymon/jwt-auth/src/Claims/Collection.php(64): Illuminate\\Support\\Collection->each(Object(Closure))
#4 /www/api/vendor/tymon/jwt-auth/src/Validators/PayloadValidator.php(97): Tymon\\JWTAuth\\Claims\\Collection->validate('refresh', '1440')
#5 /www/api/vendor/tymon/jwt-auth/src/Validators/PayloadValidator.php(51): Tymon\\JWTAuth\\Validators\\PayloadValidator->validateRefresh(Object(Tymon\\JWTAuth\\Claims\\Collection))
#6 /www/api/vendor/tymon/jwt-auth/src/Payload.php(46): Tymon\\JWTAuth\\Validators\\PayloadValidator->check(Object(Tymon\\JWTAuth\\Claims\\Collection))
#7 /www/api/vendor/tymon/jwt-auth/src/Factory.php(185): Tymon\\JWTAuth\\Payload->__construct(Object(Tymon\\JWTAuth\\Claims\\Collection), Object(Tymon\\JWTAuth\\Validators\\PayloadValidator), true)
#8 /www/api/vendor/tymon/jwt-auth/src/Factory.php(87): Tymon\\JWTAuth\\Factory->withClaims(Object(Tymon\\JWTAuth\\Claims\\Collection))
#9 /www/api/vendor/tymon/jwt-auth/src/Manager.php(106): Tymon\\JWTAuth\\Factory->make()
#10 /www/api/vendor/tymon/jwt-auth/src/Manager.php(128): Tymon\\JWTAuth\\Manager->decode(Object(Tymon\\JWTAuth\\Token))
#11 /www/api/vendor/tymon/jwt-auth/src/JWT.php(106): Tymon\\JWTAuth\\Manager->refresh(Object(Tymon\\JWTAuth\\Token), false, false)
#12 /www/api/app/Http/Controllers/TokenController.php(201): Tymon\\JWTAuth\\JWT->refresh()
#13 [internal function]: App\\Http\\Controllers\\TokenController->update(Object(Illuminate\\Http\\Request))
#14 /www/api/vendor/illuminate/container/BoundMethod.php(29): call_user_func_array(Array, Array)
#15 /www/api/vendor/illuminate/container/BoundMethod.php(87): Illuminate\\Container\\BoundMethod::Illuminate\\Container\\{closure}()
#16 /www/api/vendor/illuminate/container/BoundMethod.php(31): Illuminate\\Container\\BoundMethod::callBoundMethod(Object(Laravel\\Lumen\\Application), Array, Object(Closure))
#17 /www/api/vendor/illuminate/container/Container.php(572): Illuminate\\Container\\BoundMethod::call(Object(Laravel\\Lumen\\Application), Array, Array, NULL)
#18 /www/api/vendor/laravel/lumen-framework/src/Concerns/RoutesRequests.php(378): Illuminate\\Container\\Container->call(Array, Array)
#19 /www/api/vendor/laravel/lumen-framework/src/Concerns/RoutesRequests.php(344): Laravel\\Lumen\\Application->callControllerCallable(Array, Array)
#20 /www/api/vendor/laravel/lumen-framework/src/Concerns/RoutesRequests.php(318): Laravel\\Lumen\\Application->callLumenController(Object(App\\Http\\Controllers\\TokenController), 'update', Array)
#21 /www/api/vendor/laravel/lumen-framework/src/Concerns/RoutesRequests.php(280): Laravel\\Lumen\\Application->callControllerAction(Array)
#22 /www/api/vendor/laravel/lumen-framework/src/Concerns/RoutesRequests.php(265): Laravel\\Lumen\\Application->callActionOnArrayBasedRoute(Array)
#23 /www/api/vendor/laravel/lumen-framework/src/Concerns/RoutesRequests.php(165): Laravel\\Lumen\\Application->handleFoundRoute(Array)
#24 [internal function]: Laravel\\Lumen\\Application->Laravel\\Lumen\\Concerns\\{closure}(Object(Illuminate\\Http\\Request))
#25 /www/api/vendor/laravel/lumen-framework/src/Routing/Pipeline.php(52): call_user_func(Object(Closure), Object(Illuminate\\Http\\Request))
#26 /www/api/app/Http/Middleware/Result.php(44): Laravel\\Lumen\\Routing\\Pipeline->Laravel\\Lumen\\Routing\\{closure}(Object(Illuminate\\Http\\Request))
#27 /www/api/vendor/illuminate/pipeline/Pipeline.php(163): App\\Http\\Middleware\\Result->handle(Object(Illuminate\\Http\\Request), Object(Closure))
#28 [internal function]: Illuminate\\Pipeline\\Pipeline->Illuminate\\Pipeline\\{closure}(Object(Illuminate\\Http\\Request))
#29 /www/api/vendor/laravel/lumen-framework/src/Routing/Pipeline.php(32): call_user_func(Object(Closure), Object(Illuminate\\Http\\Request))
#30 /www/api/vendor/illuminate/pipeline/Pipeline.php(104): Laravel\\Lumen\\Routing\\Pipeline->Laravel\\Lumen\\Routing\\{closure}(Object(Illuminate\\Http\\Request))
#31 /www/api/vendor/laravel/lumen-framework/src/Concerns/RoutesRequests.php(415): Illuminate\\Pipeline\\Pipeline->then(Object(Closure))
#32 /www/api/vendor/laravel/lumen-framework/src/Concerns/RoutesRequests.php(171): Laravel\\Lumen\\Application->sendThroughPipeline(Array, Object(Closure))
#33 /www/api/vendor/hhxsv5/laravel-s/src/Illuminate/Laravel.php(161): Laravel\\Lumen\\Application->dispatch(Object(Illuminate\\Http\\Request))
#34 /www/api/vendor/hhxsv5/laravel-s/src/LaravelS.php(195): Hhxsv5\\LaravelS\\Illuminate\\Laravel->handleDynamic(Object(Illuminate\\Http\\Request))
#35 /www/api/vendor/hhxsv5/laravel-s/src/LaravelS.php(144): Hhxsv5\\LaravelS\\LaravelS->handleDynamicResource(Object(Hhxsv5\\LaravelS\\Illuminate\\Laravel), Object(Illuminate\\Http\\Request), Object(Swoole\\Http\\Response))
#36 [internal function]: Hhxsv5\\LaravelS\\LaravelS->onRequest(Object(Swoole\\Http\\Request), Object(Swoole\\Http\\Response))
#37 /www/api/vendor/hhxsv5/laravel-s/src/Swoole/Server.php(361): Swoole\\Server->start()
#38 /www/api/vendor/hhxsv5/laravel-s/src/Console/Portal.php(132): Hhxsv5\\LaravelS\\Swoole\\Server->run()
#39 /www/api/vendor/hhxsv5/laravel-s/src/Console/Portal.php(56): Hhxsv5\\LaravelS\\Console\\Portal->start()
#40 /www/api/vendor/symfony/console/Command/Command.php(255): Hhxsv5\\LaravelS\\Console\\Portal->execute(Object(Symfony\\Component\\Console\\Input\\ArgvInput), Object(Symfony\\Component\\Console\\Output\\ConsoleOutput))
#41 /www/api/bin/laravels(10): Symfony\\Component\\Console\\Command\\Command->run(Object(Symfony\\Component\\Console\\Input\\ArgvInput), Object(Symfony\\Component\\Console\\Output\\ConsoleOutput))
#42 {main}
"} 
[2019-08-28 17:42:52] production.ERROR: Tymon\JWTAuth\Exceptions\TokenExpiredException: Token has expired and can no longer be refreshed in /www/api/vendor/tymon/jwt-auth/src/Claims/IssuedAt.php:59
Stack trace:
#0 [internal function]: Tymon\JWTAuth\Claims\IssuedAt->validateRefresh('1440')
#1 /www/api/vendor/tymon/jwt-auth/src/Claims/Collection.php(62): call_user_func_array(Array, Array)
#2 /www/api/vendor/illuminate/support/Collection.php(419): Tymon\JWTAuth\Claims\Collection->Tymon\JWTAuth\Claims\{closure}(Object(Tymon\JWTAuth\Claims\IssuedAt), 'iat')
#3 /www/api/vendor/tymon/jwt-auth/src/Claims/Collection.php(64): Illuminate\Support\Collection->each(Object(Closure))
#4 /www/api/vendor/tymon/jwt-auth/src/Validators/PayloadValidator.php(97): Tymon\JWTAuth\Claims\Collection->validate('refresh', '1440')
#5 /www/api/vendor/tymon/jwt-auth/src/Validators/PayloadValidator.php(51): Tymon\JWTAuth\Validators\PayloadValidator->validateRefresh(Object(Tymon\JWTAuth\Claims\Collection))
#6 /www/api/vendor/tymon/jwt-auth/src/Payload.php(46): Tymon\JWTAuth\Validators\PayloadValidator->check(Object(Tymon\JWTAuth\Claims\Collection))
#7 /www/api/vendor/tymon/jwt-auth/src/Factory.php(185): Tymon\JWTAuth\Payload->__construct(Object(Tymon\JWTAuth\Claims\Collection), Object(Tymon\JWTAuth\Validators\PayloadValidator), true)
#8 /www/api/vendor/tymon/jwt-auth/src/Factory.php(87): Tymon\JWTAuth\Factory->withClaims(Object(Tymon\JWTAuth\Claims\Collection))
#9 /www/api/vendor/tymon/jwt-auth/src/Manager.php(106): Tymon\JWTAuth\Factory->make()
#10 /www/api/vendor/tymon/jwt-auth/src/Manager.php(128): Tymon\JWTAuth\Manager->decode(Object(Tymon\JWTAuth\Token))
#11 /www/api/vendor/tymon/jwt-auth/src/JWT.php(106): Tymon\JWTAuth\Manager->refresh(Object(Tymon\JWTAuth\Token), false, false)
#12 /www/api/app/Http/Controllers/TokenController.php(201): Tymon\JWTAuth\JWT->refresh()
#13 [internal function]: App\Http\Controllers\TokenController->update(Object(Illuminate\Http\Request))
#14 /www/api/vendor/illuminate/container/BoundMethod.php(29): call_user_func_array(Array, Array)
#15 /www/api/vendor/illuminate/container/BoundMethod.php(87): Illuminate\Container\BoundMethod::Illuminate\Container\{closure}()
#16 /www/api/vendor/illuminate/container/BoundMethod.php(31): Illuminate\Container\BoundMethod::callBoundMethod(Object(Laravel\Lumen\Application), Array, Object(Closure))
#17 /www/api/vendor/illuminate/container/Container.php(572): Illuminate\Container\BoundMethod::call(Object(Laravel\Lumen\Application), Array, Array, NULL)
#18 /www/api/vendor/laravel/lumen-framework/src/Concerns/RoutesRequests.php(378): Illuminate\Container\Container->call(Array, Array)
#19 /www/api/vendor/laravel/lumen-framework/src/Concerns/RoutesRequests.php(344): Laravel\Lumen\Application->callControllerCallable(Array, Array)
#20 /www/api/vendor/laravel/lumen-framework/src/Concerns/RoutesRequests.php(318): Laravel\Lumen\Application->callLumenController(Object(App\Http\Controllers\TokenController), 'update', Array)
#21 /www/api/vendor/laravel/lumen-framework/src/Concerns/RoutesRequests.php(280): Laravel\Lumen\Application->callControllerAction(Array)
#22 /www/api/vendor/laravel/lumen-framework/src/Concerns/RoutesRequests.php(265): Laravel\Lumen\Application->callActionOnArrayBasedRoute(Array)
#23 /www/api/vendor/laravel/lumen-framework/src/Concerns/RoutesRequests.php(165): Laravel\Lumen\Application->handleFoundRoute(Array)
#24 [internal function]: Laravel\Lumen\Application->Laravel\Lumen\Concerns\{closure}(Object(Illuminate\Http\Request))
#25 /www/api/vendor/laravel/lumen-framework/src/Routing/Pipeline.php(52): call_user_func(Object(Closure), Object(Illuminate\Http\Request))
#26 /www/api/app/Http/Middleware/Result.php(44): Laravel\Lumen\Routing\Pipeline->Laravel\Lumen\Routing\{closure}(Object(Illuminate\Http\Request))
#27 /www/api/vendor/illuminate/pipeline/Pipeline.php(163): App\Http\Middleware\Result->handle(Object(Illuminate\Http\Request), Object(Closure))
#28 [internal function]: Illuminate\Pipeline\Pipeline->Illuminate\Pipeline\{closure}(Object(Illuminate\Http\Request))
#29 /www/api/vendor/laravel/lumen-framework/src/Routing/Pipeline.php(32): call_user_func(Object(Closure), Object(Illuminate\Http\Request))
#30 /www/api/vendor/illuminate/pipeline/Pipeline.php(104): Laravel\Lumen\Routing\Pipeline->Laravel\Lumen\Routing\{closure}(Object(Illuminate\Http\Request))
#31 /www/api/vendor/laravel/lumen-framework/src/Concerns/RoutesRequests.php(415): Illuminate\Pipeline\Pipeline->then(Object(Closure))
#32 /www/api/vendor/laravel/lumen-framework/src/Concerns/RoutesRequests.php(171): Laravel\Lumen\Application->sendThroughPipeline(Array, Object(Closure))
#33 /www/api/vendor/hhxsv5/laravel-s/src/Illuminate/Laravel.php(161): Laravel\Lumen\Application->dispatch(Object(Illuminate\Http\Request))
#34 /www/api/vendor/hhxsv5/laravel-s/src/LaravelS.php(195): Hhxsv5\LaravelS\Illuminate\Laravel->handleDynamic(Object(Illuminate\Http\Request))
#35 /www/api/vendor/hhxsv5/laravel-s/src/LaravelS.php(144): Hhxsv5\LaravelS\LaravelS->handleDynamicResource(Object(Hhxsv5\LaravelS\Illuminate\Laravel), Object(Illuminate\Http\Request), Object(Swoole\Http\Response))
#36 [internal function]: Hhxsv5\LaravelS\LaravelS->onRequest(Object(Swoole\Http\Request), Object(Swoole\Http\Response))
#37 /www/api/vendor/hhxsv5/laravel-s/src/Swoole/Server.php(361): Swoole\Server->start()
#38 /www/api/vendor/hhxsv5/laravel-s/src/Console/Portal.php(132): Hhxsv5\LaravelS\Swoole\Server->run()
#39 /www/api/vendor/hhxsv5/laravel-s/src/Console/Portal.php(56): Hhxsv5\LaravelS\Console\Portal->start()
#40 /www/api/vendor/symfony/console/Command/Command.php(255): Hhxsv5\LaravelS\Console\Portal->execute(Object(Symfony\Component\Console\Input\ArgvInput), Object(Symfony\Component\Console\Output\ConsoleOutput))
#41 /www/api/bin/laravels(10): Symfony\Component\Console\Command\Command->run(Object(Symfony\Component\Console\Input\ArgvInput), Object(Symfony\Component\Console\Output\ConsoleOutput))
#42 {main} {"exception":"[object] (Tymon\\JWTAuth\\Exceptions\\TokenExpiredException(code: 0): Token has expired and can no longer be refreshed at /www/api/vendor/tymon/jwt-auth/src/Claims/IssuedAt.php:59)
[stacktrace]
#0 [internal function]: Tymon\\JWTAuth\\Claims\\IssuedAt->validateRefresh('1440')
#1 /www/api/vendor/tymon/jwt-auth/src/Claims/Collection.php(62): call_user_func_array(Array, Array)
#2 /www/api/vendor/illuminate/support/Collection.php(419): Tymon\\JWTAuth\\Claims\\Collection->Tymon\\JWTAuth\\Claims\\{closure}(Object(Tymon\\JWTAuth\\Claims\\IssuedAt), 'iat')
#3 /www/api/vendor/tymon/jwt-auth/src/Claims/Collection.php(64): Illuminate\\Support\\Collection->each(Object(Closure))
#4 /www/api/vendor/tymon/jwt-auth/src/Validators/PayloadValidator.php(97): Tymon\\JWTAuth\\Claims\\Collection->validate('refresh', '1440')
#5 /www/api/vendor/tymon/jwt-auth/src/Validators/PayloadValidator.php(51): Tymon\\JWTAuth\\Validators\\PayloadValidator->validateRefresh(Object(Tymon\\JWTAuth\\Claims\\Collection))
#6 /www/api/vendor/tymon/jwt-auth/src/Payload.php(46): Tymon\\JWTAuth\\Validators\\PayloadValidator->check(Object(Tymon\\JWTAuth\\Claims\\Collection))
#7 /www/api/vendor/tymon/jwt-auth/src/Factory.php(185): Tymon\\JWTAuth\\Payload->__construct(Object(Tymon\\JWTAuth\\Claims\\Collection), Object(Tymon\\JWTAuth\\Validators\\PayloadValidator), true)
#8 /www/api/vendor/tymon/jwt-auth/src/Factory.php(87): Tymon\\JWTAuth\\Factory->withClaims(Object(Tymon\\JWTAuth\\Claims\\Collection))
#9 /www/api/vendor/tymon/jwt-auth/src/Manager.php(106): Tymon\\JWTAuth\\Factory->make()
#10 /www/api/vendor/tymon/jwt-auth/src/Manager.php(128): Tymon\\JWTAuth\\Manager->decode(Object(Tymon\\JWTAuth\\Token))
#11 /www/api/vendor/tymon/jwt-auth/src/JWT.php(106): Tymon\\JWTAuth\\Manager->refresh(Object(Tymon\\JWTAuth\\Token), false, false)
#12 /www/api/app/Http/Controllers/TokenController.php(201): Tymon\\JWTAuth\\JWT->refresh()
#13 [internal function]: App\\Http\\Controllers\\TokenController->update(Object(Illuminate\\Http\\Request))
#14 /www/api/vendor/illuminate/container/BoundMethod.php(29): call_user_func_array(Array, Array)
#15 /www/api/vendor/illuminate/container/BoundMethod.php(87): Illuminate\\Container\\BoundMethod::Illuminate\\Container\\{closure}()
#16 /www/api/vendor/illuminate/container/BoundMethod.php(31): Illuminate\\Container\\BoundMethod::callBoundMethod(Object(Laravel\\Lumen\\Application), Array, Object(Closure))
#17 /www/api/vendor/illuminate/container/Container.php(572): Illuminate\\Container\\BoundMethod::call(Object(Laravel\\Lumen\\Application), Array, Array, NULL)
#18 /www/api/vendor/laravel/lumen-framework/src/Concerns/RoutesRequests.php(378): Illuminate\\Container\\Container->call(Array, Array)
#19 /www/api/vendor/laravel/lumen-framework/src/Concerns/RoutesRequests.php(344): Laravel\\Lumen\\Application->callControllerCallable(Array, Array)
#20 /www/api/vendor/laravel/lumen-framework/src/Concerns/RoutesRequests.php(318): Laravel\\Lumen\\Application->callLumenController(Object(App\\Http\\Controllers\\TokenController), 'update', Array)
#21 /www/api/vendor/laravel/lumen-framework/src/Concerns/RoutesRequests.php(280): Laravel\\Lumen\\Application->callControllerAction(Array)
#22 /www/api/vendor/laravel/lumen-framework/src/Concerns/RoutesRequests.php(265): Laravel\\Lumen\\Application->callActionOnArrayBasedRoute(Array)
#23 /www/api/vendor/laravel/lumen-framework/src/Concerns/RoutesRequests.php(165): Laravel\\Lumen\\Application->handleFoundRoute(Array)
#24 [internal function]: Laravel\\Lumen\\Application->Laravel\\Lumen\\Concerns\\{closure}(Object(Illuminate\\Http\\Request))
#25 /www/api/vendor/laravel/lumen-framework/src/Routing/Pipeline.php(52): call_user_func(Object(Closure), Object(Illuminate\\Http\\Request))
#26 /www/api/app/Http/Middleware/Result.php(44): Laravel\\Lumen\\Routing\\Pipeline->Laravel\\Lumen\\Routing\\{closure}(Object(Illuminate\\Http\\Request))
#27 /www/api/vendor/illuminate/pipeline/Pipeline.php(163): App\\Http\\Middleware\\Result->handle(Object(Illuminate\\Http\\Request), Object(Closure))
#28 [internal function]: Illuminate\\Pipeline\\Pipeline->Illuminate\\Pipeline\\{closure}(Object(Illuminate\\Http\\Request))
#29 /www/api/vendor/laravel/lumen-framework/src/Routing/Pipeline.php(32): call_user_func(Object(Closure), Object(Illuminate\\Http\\Request))
#30 /www/api/vendor/illuminate/pipeline/Pipeline.php(104): Laravel\\Lumen\\Routing\\Pipeline->Laravel\\Lumen\\Routing\\{closure}(Object(Illuminate\\Http\\Request))
#31 /www/api/vendor/laravel/lumen-framework/src/Concerns/RoutesRequests.php(415): Illuminate\\Pipeline\\Pipeline->then(Object(Closure))
#32 /www/api/vendor/laravel/lumen-framework/src/Concerns/RoutesRequests.php(171): Laravel\\Lumen\\Application->sendThroughPipeline(Array, Object(Closure))
#33 /www/api/vendor/hhxsv5/laravel-s/src/Illuminate/Laravel.php(161): Laravel\\Lumen\\Application->dispatch(Object(Illuminate\\Http\\Request))
#34 /www/api/vendor/hhxsv5/laravel-s/src/LaravelS.php(195): Hhxsv5\\LaravelS\\Illuminate\\Laravel->handleDynamic(Object(Illuminate\\Http\\Request))
#35 /www/api/vendor/hhxsv5/laravel-s/src/LaravelS.php(144): Hhxsv5\\LaravelS\\LaravelS->handleDynamicResource(Object(Hhxsv5\\LaravelS\\Illuminate\\Laravel), Object(Illuminate\\Http\\Request), Object(Swoole\\Http\\Response))
#36 [internal function]: Hhxsv5\\LaravelS\\LaravelS->onRequest(Object(Swoole\\Http\\Request), Object(Swoole\\Http\\Response))
#37 /www/api/vendor/hhxsv5/laravel-s/src/Swoole/Server.php(361): Swoole\\Server->start()
#38 /www/api/vendor/hhxsv5/laravel-s/src/Console/Portal.php(132): Hhxsv5\\LaravelS\\Swoole\\Server->run()
#39 /www/api/vendor/hhxsv5/laravel-s/src/Console/Portal.php(56): Hhxsv5\\LaravelS\\Console\\Portal->start()
#40 /www/api/vendor/symfony/console/Command/Command.php(255): Hhxsv5\\LaravelS\\Console\\Portal->execute(Object(Symfony\\Component\\Console\\Input\\ArgvInput), Object(Symfony\\Component\\Console\\Output\\ConsoleOutput))
#41 /www/api/bin/laravels(10): Symfony\\Component\\Console\\Command\\Command->run(Object(Symfony\\Component\\Console\\Input\\ArgvInput), Object(Symfony\\Component\\Console\\Output\\ConsoleOutput))
#42 {main}
"} 
[2019-08-28 23:04:18] production.ERROR: Tymon\JWTAuth\Exceptions\TokenExpiredException: Token has expired and can no longer be refreshed in /www/api/vendor/tymon/jwt-auth/src/Claims/IssuedAt.php:59
Stack trace:
#0 [internal function]: Tymon\JWTAuth\Claims\IssuedAt->validateRefresh('1440')
#1 /www/api/vendor/tymon/jwt-auth/src/Claims/Collection.php(62): call_user_func_array(Array, Array)
#2 /www/api/vendor/illuminate/support/Collection.php(419): Tymon\JWTAuth\Claims\Collection->Tymon\JWTAuth\Claims\{closure}(Object(Tymon\JWTAuth\Claims\IssuedAt), 'iat')
#3 /www/api/vendor/tymon/jwt-auth/src/Claims/Collection.php(64): Illuminate\Support\Collection->each(Object(Closure))
#4 /www/api/vendor/tymon/jwt-auth/src/Validators/PayloadValidator.php(97): Tymon\JWTAuth\Claims\Collection->validate('refresh', '1440')
#5 /www/api/vendor/tymon/jwt-auth/src/Validators/PayloadValidator.php(51): Tymon\JWTAuth\Validators\PayloadValidator->validateRefresh(Object(Tymon\JWTAuth\Claims\Collection))
#6 /www/api/vendor/tymon/jwt-auth/src/Payload.php(46): Tymon\JWTAuth\Validators\PayloadValidator->check(Object(Tymon\JWTAuth\Claims\Collection))
#7 /www/api/vendor/tymon/jwt-auth/src/Factory.php(185): Tymon\JWTAuth\Payload->__construct(Object(Tymon\JWTAuth\Claims\Collection), Object(Tymon\JWTAuth\Validators\PayloadValidator), true)
#8 /www/api/vendor/tymon/jwt-auth/src/Factory.php(87): Tymon\JWTAuth\Factory->withClaims(Object(Tymon\JWTAuth\Claims\Collection))
#9 /www/api/vendor/tymon/jwt-auth/src/Manager.php(106): Tymon\JWTAuth\Factory->make()
#10 /www/api/vendor/tymon/jwt-auth/src/Manager.php(128): Tymon\JWTAuth\Manager->decode(Object(Tymon\JWTAuth\Token))
#11 /www/api/vendor/tymon/jwt-auth/src/JWT.php(106): Tymon\JWTAuth\Manager->refresh(Object(Tymon\JWTAuth\Token), false, false)
#12 /www/api/app/Http/Controllers/TokenController.php(201): Tymon\JWTAuth\JWT->refresh()
#13 [internal function]: App\Http\Controllers\TokenController->update(Object(Illuminate\Http\Request))
#14 /www/api/vendor/illuminate/container/BoundMethod.php(29): call_user_func_array(Array, Array)
#15 /www/api/vendor/illuminate/container/BoundMethod.php(87): Illuminate\Container\BoundMethod::Illuminate\Container\{closure}()
#16 /www/api/vendor/illuminate/container/BoundMethod.php(31): Illuminate\Container\BoundMethod::callBoundMethod(Object(Laravel\Lumen\Application), Array, Object(Closure))
#17 /www/api/vendor/illuminate/container/Container.php(572): Illuminate\Container\BoundMethod::call(Object(Laravel\Lumen\Application), Array, Array, NULL)
#18 /www/api/vendor/laravel/lumen-framework/src/Concerns/RoutesRequests.php(378): Illuminate\Container\Container->call(Array, Array)
#19 /www/api/vendor/laravel/lumen-framework/src/Concerns/RoutesRequests.php(344): Laravel\Lumen\Application->callControllerCallable(Array, Array)
#20 /www/api/vendor/laravel/lumen-framework/src/Concerns/RoutesRequests.php(318): Laravel\Lumen\Application->callLumenController(Object(App\Http\Controllers\TokenController), 'update', Array)
#21 /www/api/vendor/laravel/lumen-framework/src/Concerns/RoutesRequests.php(280): Laravel\Lumen\Application->callControllerAction(Array)
#22 /www/api/vendor/laravel/lumen-framework/src/Concerns/RoutesRequests.php(265): Laravel\Lumen\Application->callActionOnArrayBasedRoute(Array)
#23 /www/api/vendor/laravel/lumen-framework/src/Concerns/RoutesRequests.php(165): Laravel\Lumen\Application->handleFoundRoute(Array)
#24 [internal function]: Laravel\Lumen\Application->Laravel\Lumen\Concerns\{closure}(Object(Illuminate\Http\Request))
#25 /www/api/vendor/laravel/lumen-framework/src/Routing/Pipeline.php(52): call_user_func(Object(Closure), Object(Illuminate\Http\Request))
#26 /www/api/app/Http/Middleware/Result.php(44): Laravel\Lumen\Routing\Pipeline->Laravel\Lumen\Routing\{closure}(Object(Illuminate\Http\Request))
#27 /www/api/vendor/illuminate/pipeline/Pipeline.php(163): App\Http\Middleware\Result->handle(Object(Illuminate\Http\Request), Object(Closure))
#28 [internal function]: Illuminate\Pipeline\Pipeline->Illuminate\Pipeline\{closure}(Object(Illuminate\Http\Request))
#29 /www/api/vendor/laravel/lumen-framework/src/Routing/Pipeline.php(32): call_user_func(Object(Closure), Object(Illuminate\Http\Request))
#30 /www/api/vendor/illuminate/pipeline/Pipeline.php(104): Laravel\Lumen\Routing\Pipeline->Laravel\Lumen\Routing\{closure}(Object(Illuminate\Http\Request))
#31 /www/api/vendor/laravel/lumen-framework/src/Concerns/RoutesRequests.php(415): Illuminate\Pipeline\Pipeline->then(Object(Closure))
#32 /www/api/vendor/laravel/lumen-framework/src/Concerns/RoutesRequests.php(171): Laravel\Lumen\Application->sendThroughPipeline(Array, Object(Closure))
#33 /www/api/vendor/hhxsv5/laravel-s/src/Illuminate/Laravel.php(161): Laravel\Lumen\Application->dispatch(Object(Illuminate\Http\Request))
#34 /www/api/vendor/hhxsv5/laravel-s/src/LaravelS.php(195): Hhxsv5\LaravelS\Illuminate\Laravel->handleDynamic(Object(Illuminate\Http\Request))
#35 /www/api/vendor/hhxsv5/laravel-s/src/LaravelS.php(144): Hhxsv5\LaravelS\LaravelS->handleDynamicResource(Object(Hhxsv5\LaravelS\Illuminate\Laravel), Object(Illuminate\Http\Request), Object(Swoole\Http\Response))
#36 [internal function]: Hhxsv5\LaravelS\LaravelS->onRequest(Object(Swoole\Http\Request), Object(Swoole\Http\Response))
#37 /www/api/vendor/hhxsv5/laravel-s/src/Swoole/Server.php(361): Swoole\Server->start()
#38 /www/api/vendor/hhxsv5/laravel-s/src/Console/Portal.php(132): Hhxsv5\LaravelS\Swoole\Server->run()
#39 /www/api/vendor/hhxsv5/laravel-s/src/Console/Portal.php(56): Hhxsv5\LaravelS\Console\Portal->start()
#40 /www/api/vendor/symfony/console/Command/Command.php(255): Hhxsv5\LaravelS\Console\Portal->execute(Object(Symfony\Component\Console\Input\ArgvInput), Object(Symfony\Component\Console\Output\ConsoleOutput))
#41 /www/api/bin/laravels(10): Symfony\Component\Console\Command\Command->run(Object(Symfony\Component\Console\Input\ArgvInput), Object(Symfony\Component\Console\Output\ConsoleOutput))
#42 {main} {"exception":"[object] (Tymon\\JWTAuth\\Exceptions\\TokenExpiredException(code: 0): Token has expired and can no longer be refreshed at /www/api/vendor/tymon/jwt-auth/src/Claims/IssuedAt.php:59)
[stacktrace]
#0 [internal function]: Tymon\\JWTAuth\\Claims\\IssuedAt->validateRefresh('1440')
#1 /www/api/vendor/tymon/jwt-auth/src/Claims/Collection.php(62): call_user_func_array(Array, Array)
#2 /www/api/vendor/illuminate/support/Collection.php(419): Tymon\\JWTAuth\\Claims\\Collection->Tymon\\JWTAuth\\Claims\\{closure}(Object(Tymon\\JWTAuth\\Claims\\IssuedAt), 'iat')
#3 /www/api/vendor/tymon/jwt-auth/src/Claims/Collection.php(64): Illuminate\\Support\\Collection->each(Object(Closure))
#4 /www/api/vendor/tymon/jwt-auth/src/Validators/PayloadValidator.php(97): Tymon\\JWTAuth\\Claims\\Collection->validate('refresh', '1440')
#5 /www/api/vendor/tymon/jwt-auth/src/Validators/PayloadValidator.php(51): Tymon\\JWTAuth\\Validators\\PayloadValidator->validateRefresh(Object(Tymon\\JWTAuth\\Claims\\Collection))
#6 /www/api/vendor/tymon/jwt-auth/src/Payload.php(46): Tymon\\JWTAuth\\Validators\\PayloadValidator->check(Object(Tymon\\JWTAuth\\Claims\\Collection))
#7 /www/api/vendor/tymon/jwt-auth/src/Factory.php(185): Tymon\\JWTAuth\\Payload->__construct(Object(Tymon\\JWTAuth\\Claims\\Collection), Object(Tymon\\JWTAuth\\Validators\\PayloadValidator), true)
#8 /www/api/vendor/tymon/jwt-auth/src/Factory.php(87): Tymon\\JWTAuth\\Factory->withClaims(Object(Tymon\\JWTAuth\\Claims\\Collection))
#9 /www/api/vendor/tymon/jwt-auth/src/Manager.php(106): Tymon\\JWTAuth\\Factory->make()
#10 /www/api/vendor/tymon/jwt-auth/src/Manager.php(128): Tymon\\JWTAuth\\Manager->decode(Object(Tymon\\JWTAuth\\Token))
#11 /www/api/vendor/tymon/jwt-auth/src/JWT.php(106): Tymon\\JWTAuth\\Manager->refresh(Object(Tymon\\JWTAuth\\Token), false, false)
#12 /www/api/app/Http/Controllers/TokenController.php(201): Tymon\\JWTAuth\\JWT->refresh()
#13 [internal function]: App\\Http\\Controllers\\TokenController->update(Object(Illuminate\\Http\\Request))
#14 /www/api/vendor/illuminate/container/BoundMethod.php(29): call_user_func_array(Array, Array)
#15 /www/api/vendor/illuminate/container/BoundMethod.php(87): Illuminate\\Container\\BoundMethod::Illuminate\\Container\\{closure}()
#16 /www/api/vendor/illuminate/container/BoundMethod.php(31): Illuminate\\Container\\BoundMethod::callBoundMethod(Object(Laravel\\Lumen\\Application), Array, Object(Closure))
#17 /www/api/vendor/illuminate/container/Container.php(572): Illuminate\\Container\\BoundMethod::call(Object(Laravel\\Lumen\\Application), Array, Array, NULL)
#18 /www/api/vendor/laravel/lumen-framework/src/Concerns/RoutesRequests.php(378): Illuminate\\Container\\Container->call(Array, Array)
#19 /www/api/vendor/laravel/lumen-framework/src/Concerns/RoutesRequests.php(344): Laravel\\Lumen\\Application->callControllerCallable(Array, Array)
#20 /www/api/vendor/laravel/lumen-framework/src/Concerns/RoutesRequests.php(318): Laravel\\Lumen\\Application->callLumenController(Object(App\\Http\\Controllers\\TokenController), 'update', Array)
#21 /www/api/vendor/laravel/lumen-framework/src/Concerns/RoutesRequests.php(280): Laravel\\Lumen\\Application->callControllerAction(Array)
#22 /www/api/vendor/laravel/lumen-framework/src/Concerns/RoutesRequests.php(265): Laravel\\Lumen\\Application->callActionOnArrayBasedRoute(Array)
#23 /www/api/vendor/laravel/lumen-framework/src/Concerns/RoutesRequests.php(165): Laravel\\Lumen\\Application->handleFoundRoute(Array)
#24 [internal function]: Laravel\\Lumen\\Application->Laravel\\Lumen\\Concerns\\{closure}(Object(Illuminate\\Http\\Request))
#25 /www/api/vendor/laravel/lumen-framework/src/Routing/Pipeline.php(52): call_user_func(Object(Closure), Object(Illuminate\\Http\\Request))
#26 /www/api/app/Http/Middleware/Result.php(44): Laravel\\Lumen\\Routing\\Pipeline->Laravel\\Lumen\\Routing\\{closure}(Object(Illuminate\\Http\\Request))
#27 /www/api/vendor/illuminate/pipeline/Pipeline.php(163): App\\Http\\Middleware\\Result->handle(Object(Illuminate\\Http\\Request), Object(Closure))
#28 [internal function]: Illuminate\\Pipeline\\Pipeline->Illuminate\\Pipeline\\{closure}(Object(Illuminate\\Http\\Request))
#29 /www/api/vendor/laravel/lumen-framework/src/Routing/Pipeline.php(32): call_user_func(Object(Closure), Object(Illuminate\\Http\\Request))
#30 /www/api/vendor/illuminate/pipeline/Pipeline.php(104): Laravel\\Lumen\\Routing\\Pipeline->Laravel\\Lumen\\Routing\\{closure}(Object(Illuminate\\Http\\Request))
#31 /www/api/vendor/laravel/lumen-framework/src/Concerns/RoutesRequests.php(415): Illuminate\\Pipeline\\Pipeline->then(Object(Closure))
#32 /www/api/vendor/laravel/lumen-framework/src/Concerns/RoutesRequests.php(171): Laravel\\Lumen\\Application->sendThroughPipeline(Array, Object(Closure))
#33 /www/api/vendor/hhxsv5/laravel-s/src/Illuminate/Laravel.php(161): Laravel\\Lumen\\Application->dispatch(Object(Illuminate\\Http\\Request))
#34 /www/api/vendor/hhxsv5/laravel-s/src/LaravelS.php(195): Hhxsv5\\LaravelS\\Illuminate\\Laravel->handleDynamic(Object(Illuminate\\Http\\Request))
#35 /www/api/vendor/hhxsv5/laravel-s/src/LaravelS.php(144): Hhxsv5\\LaravelS\\LaravelS->handleDynamicResource(Object(Hhxsv5\\LaravelS\\Illuminate\\Laravel), Object(Illuminate\\Http\\Request), Object(Swoole\\Http\\Response))
#36 [internal function]: Hhxsv5\\LaravelS\\LaravelS->onRequest(Object(Swoole\\Http\\Request), Object(Swoole\\Http\\Response))
#37 /www/api/vendor/hhxsv5/laravel-s/src/Swoole/Server.php(361): Swoole\\Server->start()
#38 /www/api/vendor/hhxsv5/laravel-s/src/Console/Portal.php(132): Hhxsv5\\LaravelS\\Swoole\\Server->run()
#39 /www/api/vendor/hhxsv5/laravel-s/src/Console/Portal.php(56): Hhxsv5\\LaravelS\\Console\\Portal->start()
#40 /www/api/vendor/symfony/console/Command/Command.php(255): Hhxsv5\\LaravelS\\Console\\Portal->execute(Object(Symfony\\Component\\Console\\Input\\ArgvInput), Object(Symfony\\Component\\Console\\Output\\ConsoleOutput))
#41 /www/api/bin/laravels(10): Symfony\\Component\\Console\\Command\\Command->run(Object(Symfony\\Component\\Console\\Input\\ArgvInput), Object(Symfony\\Component\\Console\\Output\\ConsoleOutput))
#42 {main}
"} 
[2019-08-29 17:55:06] production.ERROR: Tymon\JWTAuth\Exceptions\TokenExpiredException: Token has expired and can no longer be refreshed in /www/api/vendor/tymon/jwt-auth/src/Claims/IssuedAt.php:59
Stack trace:
#0 [internal function]: Tymon\JWTAuth\Claims\IssuedAt->validateRefresh('1440')
#1 /www/api/vendor/tymon/jwt-auth/src/Claims/Collection.php(62): call_user_func_array(Array, Array)
#2 /www/api/vendor/illuminate/support/Collection.php(419): Tymon\JWTAuth\Claims\Collection->Tymon\JWTAuth\Claims\{closure}(Object(Tymon\JWTAuth\Claims\IssuedAt), 'iat')
#3 /www/api/vendor/tymon/jwt-auth/src/Claims/Collection.php(64): Illuminate\Support\Collection->each(Object(Closure))
#4 /www/api/vendor/tymon/jwt-auth/src/Validators/PayloadValidator.php(97): Tymon\JWTAuth\Claims\Collection->validate('refresh', '1440')
#5 /www/api/vendor/tymon/jwt-auth/src/Validators/PayloadValidator.php(51): Tymon\JWTAuth\Validators\PayloadValidator->validateRefresh(Object(Tymon\JWTAuth\Claims\Collection))
#6 /www/api/vendor/tymon/jwt-auth/src/Payload.php(46): Tymon\JWTAuth\Validators\PayloadValidator->check(Object(Tymon\JWTAuth\Claims\Collection))
#7 /www/api/vendor/tymon/jwt-auth/src/Factory.php(185): Tymon\JWTAuth\Payload->__construct(Object(Tymon\JWTAuth\Claims\Collection), Object(Tymon\JWTAuth\Validators\PayloadValidator), true)
#8 /www/api/vendor/tymon/jwt-auth/src/Factory.php(87): Tymon\JWTAuth\Factory->withClaims(Object(Tymon\JWTAuth\Claims\Collection))
#9 /www/api/vendor/tymon/jwt-auth/src/Manager.php(106): Tymon\JWTAuth\Factory->make()
#10 /www/api/vendor/tymon/jwt-auth/src/Manager.php(128): Tymon\JWTAuth\Manager->decode(Object(Tymon\JWTAuth\Token))
#11 /www/api/vendor/tymon/jwt-auth/src/JWT.php(106): Tymon\JWTAuth\Manager->refresh(Object(Tymon\JWTAuth\Token), false, false)
#12 /www/api/app/Http/Controllers/TokenController.php(201): Tymon\JWTAuth\JWT->refresh()
#13 [internal function]: App\Http\Controllers\TokenController->update(Object(Illuminate\Http\Request))
#14 /www/api/vendor/illuminate/container/BoundMethod.php(29): call_user_func_array(Array, Array)
#15 /www/api/vendor/illuminate/container/BoundMethod.php(87): Illuminate\Container\BoundMethod::Illuminate\Container\{closure}()
#16 /www/api/vendor/illuminate/container/BoundMethod.php(31): Illuminate\Container\BoundMethod::callBoundMethod(Object(Laravel\Lumen\Application), Array, Object(Closure))
#17 /www/api/vendor/illuminate/container/Container.php(572): Illuminate\Container\BoundMethod::call(Object(Laravel\Lumen\Application), Array, Array, NULL)
#18 /www/api/vendor/laravel/lumen-framework/src/Concerns/RoutesRequests.php(378): Illuminate\Container\Container->call(Array, Array)
#19 /www/api/vendor/laravel/lumen-framework/src/Concerns/RoutesRequests.php(344): Laravel\Lumen\Application->callControllerCallable(Array, Array)
#20 /www/api/vendor/laravel/lumen-framework/src/Concerns/RoutesRequests.php(318): Laravel\Lumen\Application->callLumenController(Object(App\Http\Controllers\TokenController), 'update', Array)
#21 /www/api/vendor/laravel/lumen-framework/src/Concerns/RoutesRequests.php(280): Laravel\Lumen\Application->callControllerAction(Array)
#22 /www/api/vendor/laravel/lumen-framework/src/Concerns/RoutesRequests.php(265): Laravel\Lumen\Application->callActionOnArrayBasedRoute(Array)
#23 /www/api/vendor/laravel/lumen-framework/src/Concerns/RoutesRequests.php(165): Laravel\Lumen\Application->handleFoundRoute(Array)
#24 [internal function]: Laravel\Lumen\Application->Laravel\Lumen\Concerns\{closure}(Object(Illuminate\Http\Request))
#25 /www/api/vendor/laravel/lumen-framework/src/Routing/Pipeline.php(52): call_user_func(Object(Closure), Object(Illuminate\Http\Request))
#26 /www/api/app/Http/Middleware/Result.php(44): Laravel\Lumen\Routing\Pipeline->Laravel\Lumen\Routing\{closure}(Object(Illuminate\Http\Request))
#27 /www/api/vendor/illuminate/pipeline/Pipeline.php(163): App\Http\Middleware\Result->handle(Object(Illuminate\Http\Request), Object(Closure))
#28 [internal function]: Illuminate\Pipeline\Pipeline->Illuminate\Pipeline\{closure}(Object(Illuminate\Http\Request))
#29 /www/api/vendor/laravel/lumen-framework/src/Routing/Pipeline.php(32): call_user_func(Object(Closure), Object(Illuminate\Http\Request))
#30 /www/api/vendor/illuminate/pipeline/Pipeline.php(104): Laravel\Lumen\Routing\Pipeline->Laravel\Lumen\Routing\{closure}(Object(Illuminate\Http\Request))
#31 /www/api/vendor/laravel/lumen-framework/src/Concerns/RoutesRequests.php(415): Illuminate\Pipeline\Pipeline->then(Object(Closure))
#32 /www/api/vendor/laravel/lumen-framework/src/Concerns/RoutesRequests.php(171): Laravel\Lumen\Application->sendThroughPipeline(Array, Object(Closure))
#33 /www/api/vendor/hhxsv5/laravel-s/src/Illuminate/Laravel.php(161): Laravel\Lumen\Application->dispatch(Object(Illuminate\Http\Request))
#34 /www/api/vendor/hhxsv5/laravel-s/src/LaravelS.php(195): Hhxsv5\LaravelS\Illuminate\Laravel->handleDynamic(Object(Illuminate\Http\Request))
#35 /www/api/vendor/hhxsv5/laravel-s/src/LaravelS.php(144): Hhxsv5\LaravelS\LaravelS->handleDynamicResource(Object(Hhxsv5\LaravelS\Illuminate\Laravel), Object(Illuminate\Http\Request), Object(Swoole\Http\Response))
#36 [internal function]: Hhxsv5\LaravelS\LaravelS->onRequest(Object(Swoole\Http\Request), Object(Swoole\Http\Response))
#37 /www/api/vendor/hhxsv5/laravel-s/src/Swoole/Server.php(361): Swoole\Server->start()
#38 /www/api/vendor/hhxsv5/laravel-s/src/Console/Portal.php(132): Hhxsv5\LaravelS\Swoole\Server->run()
#39 /www/api/vendor/hhxsv5/laravel-s/src/Console/Portal.php(56): Hhxsv5\LaravelS\Console\Portal->start()
#40 /www/api/vendor/symfony/console/Command/Command.php(255): Hhxsv5\LaravelS\Console\Portal->execute(Object(Symfony\Component\Console\Input\ArgvInput), Object(Symfony\Component\Console\Output\ConsoleOutput))
#41 /www/api/bin/laravels(10): Symfony\Component\Console\Command\Command->run(Object(Symfony\Component\Console\Input\ArgvInput), Object(Symfony\Component\Console\Output\ConsoleOutput))
#42 {main} {"exception":"[object] (Tymon\\JWTAuth\\Exceptions\\TokenExpiredException(code: 0): Token has expired and can no longer be refreshed at /www/api/vendor/tymon/jwt-auth/src/Claims/IssuedAt.php:59)
[stacktrace]
#0 [internal function]: Tymon\\JWTAuth\\Claims\\IssuedAt->validateRefresh('1440')
#1 /www/api/vendor/tymon/jwt-auth/src/Claims/Collection.php(62): call_user_func_array(Array, Array)
#2 /www/api/vendor/illuminate/support/Collection.php(419): Tymon\\JWTAuth\\Claims\\Collection->Tymon\\JWTAuth\\Claims\\{closure}(Object(Tymon\\JWTAuth\\Claims\\IssuedAt), 'iat')
#3 /www/api/vendor/tymon/jwt-auth/src/Claims/Collection.php(64): Illuminate\\Support\\Collection->each(Object(Closure))
#4 /www/api/vendor/tymon/jwt-auth/src/Validators/PayloadValidator.php(97): Tymon\\JWTAuth\\Claims\\Collection->validate('refresh', '1440')
#5 /www/api/vendor/tymon/jwt-auth/src/Validators/PayloadValidator.php(51): Tymon\\JWTAuth\\Validators\\PayloadValidator->validateRefresh(Object(Tymon\\JWTAuth\\Claims\\Collection))
#6 /www/api/vendor/tymon/jwt-auth/src/Payload.php(46): Tymon\\JWTAuth\\Validators\\PayloadValidator->check(Object(Tymon\\JWTAuth\\Claims\\Collection))
#7 /www/api/vendor/tymon/jwt-auth/src/Factory.php(185): Tymon\\JWTAuth\\Payload->__construct(Object(Tymon\\JWTAuth\\Claims\\Collection), Object(Tymon\\JWTAuth\\Validators\\PayloadValidator), true)
#8 /www/api/vendor/tymon/jwt-auth/src/Factory.php(87): Tymon\\JWTAuth\\Factory->withClaims(Object(Tymon\\JWTAuth\\Claims\\Collection))
#9 /www/api/vendor/tymon/jwt-auth/src/Manager.php(106): Tymon\\JWTAuth\\Factory->make()
#10 /www/api/vendor/tymon/jwt-auth/src/Manager.php(128): Tymon\\JWTAuth\\Manager->decode(Object(Tymon\\JWTAuth\\Token))
#11 /www/api/vendor/tymon/jwt-auth/src/JWT.php(106): Tymon\\JWTAuth\\Manager->refresh(Object(Tymon\\JWTAuth\\Token), false, false)
#12 /www/api/app/Http/Controllers/TokenController.php(201): Tymon\\JWTAuth\\JWT->refresh()
#13 [internal function]: App\\Http\\Controllers\\TokenController->update(Object(Illuminate\\Http\\Request))
#14 /www/api/vendor/illuminate/container/BoundMethod.php(29): call_user_func_array(Array, Array)
#15 /www/api/vendor/illuminate/container/BoundMethod.php(87): Illuminate\\Container\\BoundMethod::Illuminate\\Container\\{closure}()
#16 /www/api/vendor/illuminate/container/BoundMethod.php(31): Illuminate\\Container\\BoundMethod::callBoundMethod(Object(Laravel\\Lumen\\Application), Array, Object(Closure))
#17 /www/api/vendor/illuminate/container/Container.php(572): Illuminate\\Container\\BoundMethod::call(Object(Laravel\\Lumen\\Application), Array, Array, NULL)
#18 /www/api/vendor/laravel/lumen-framework/src/Concerns/RoutesRequests.php(378): Illuminate\\Container\\Container->call(Array, Array)
#19 /www/api/vendor/laravel/lumen-framework/src/Concerns/RoutesRequests.php(344): Laravel\\Lumen\\Application->callControllerCallable(Array, Array)
#20 /www/api/vendor/laravel/lumen-framework/src/Concerns/RoutesRequests.php(318): Laravel\\Lumen\\Application->callLumenController(Object(App\\Http\\Controllers\\TokenController), 'update', Array)
#21 /www/api/vendor/laravel/lumen-framework/src/Concerns/RoutesRequests.php(280): Laravel\\Lumen\\Application->callControllerAction(Array)
#22 /www/api/vendor/laravel/lumen-framework/src/Concerns/RoutesRequests.php(265): Laravel\\Lumen\\Application->callActionOnArrayBasedRoute(Array)
#23 /www/api/vendor/laravel/lumen-framework/src/Concerns/RoutesRequests.php(165): Laravel\\Lumen\\Application->handleFoundRoute(Array)
#24 [internal function]: Laravel\\Lumen\\Application->Laravel\\Lumen\\Concerns\\{closure}(Object(Illuminate\\Http\\Request))
#25 /www/api/vendor/laravel/lumen-framework/src/Routing/Pipeline.php(52): call_user_func(Object(Closure), Object(Illuminate\\Http\\Request))
#26 /www/api/app/Http/Middleware/Result.php(44): Laravel\\Lumen\\Routing\\Pipeline->Laravel\\Lumen\\Routing\\{closure}(Object(Illuminate\\Http\\Request))
#27 /www/api/vendor/illuminate/pipeline/Pipeline.php(163): App\\Http\\Middleware\\Result->handle(Object(Illuminate\\Http\\Request), Object(Closure))
#28 [internal function]: Illuminate\\Pipeline\\Pipeline->Illuminate\\Pipeline\\{closure}(Object(Illuminate\\Http\\Request))
#29 /www/api/vendor/laravel/lumen-framework/src/Routing/Pipeline.php(32): call_user_func(Object(Closure), Object(Illuminate\\Http\\Request))
#30 /www/api/vendor/illuminate/pipeline/Pipeline.php(104): Laravel\\Lumen\\Routing\\Pipeline->Laravel\\Lumen\\Routing\\{closure}(Object(Illuminate\\Http\\Request))
#31 /www/api/vendor/laravel/lumen-framework/src/Concerns/RoutesRequests.php(415): Illuminate\\Pipeline\\Pipeline->then(Object(Closure))
#32 /www/api/vendor/laravel/lumen-framework/src/Concerns/RoutesRequests.php(171): Laravel\\Lumen\\Application->sendThroughPipeline(Array, Object(Closure))
#33 /www/api/vendor/hhxsv5/laravel-s/src/Illuminate/Laravel.php(161): Laravel\\Lumen\\Application->dispatch(Object(Illuminate\\Http\\Request))
#34 /www/api/vendor/hhxsv5/laravel-s/src/LaravelS.php(195): Hhxsv5\\LaravelS\\Illuminate\\Laravel->handleDynamic(Object(Illuminate\\Http\\Request))
#35 /www/api/vendor/hhxsv5/laravel-s/src/LaravelS.php(144): Hhxsv5\\LaravelS\\LaravelS->handleDynamicResource(Object(Hhxsv5\\LaravelS\\Illuminate\\Laravel), Object(Illuminate\\Http\\Request), Object(Swoole\\Http\\Response))
#36 [internal function]: Hhxsv5\\LaravelS\\LaravelS->onRequest(Object(Swoole\\Http\\Request), Object(Swoole\\Http\\Response))
#37 /www/api/vendor/hhxsv5/laravel-s/src/Swoole/Server.php(361): Swoole\\Server->start()
#38 /www/api/vendor/hhxsv5/laravel-s/src/Console/Portal.php(132): Hhxsv5\\LaravelS\\Swoole\\Server->run()
#39 /www/api/vendor/hhxsv5/laravel-s/src/Console/Portal.php(56): Hhxsv5\\LaravelS\\Console\\Portal->start()
#40 /www/api/vendor/symfony/console/Command/Command.php(255): Hhxsv5\\LaravelS\\Console\\Portal->execute(Object(Symfony\\Component\\Console\\Input\\ArgvInput), Object(Symfony\\Component\\Console\\Output\\ConsoleOutput))
#41 /www/api/bin/laravels(10): Symfony\\Component\\Console\\Command\\Command->run(Object(Symfony\\Component\\Console\\Input\\ArgvInput), Object(Symfony\\Component\\Console\\Output\\ConsoleOutput))
#42 {main}
"} 
[2019-08-29 19:50:00] production.ERROR: Tymon\JWTAuth\Exceptions\TokenExpiredException: Token has expired and can no longer be refreshed in /www/api/vendor/tymon/jwt-auth/src/Claims/IssuedAt.php:59
Stack trace:
#0 [internal function]: Tymon\JWTAuth\Claims\IssuedAt->validateRefresh('1440')
#1 /www/api/vendor/tymon/jwt-auth/src/Claims/Collection.php(62): call_user_func_array(Array, Array)
#2 /www/api/vendor/illuminate/support/Collection.php(419): Tymon\JWTAuth\Claims\Collection->Tymon\JWTAuth\Claims\{closure}(Object(Tymon\JWTAuth\Claims\IssuedAt), 'iat')
#3 /www/api/vendor/tymon/jwt-auth/src/Claims/Collection.php(64): Illuminate\Support\Collection->each(Object(Closure))
#4 /www/api/vendor/tymon/jwt-auth/src/Validators/PayloadValidator.php(97): Tymon\JWTAuth\Claims\Collection->validate('refresh', '1440')
#5 /www/api/vendor/tymon/jwt-auth/src/Validators/PayloadValidator.php(51): Tymon\JWTAuth\Validators\PayloadValidator->validateRefresh(Object(Tymon\JWTAuth\Claims\Collection))
#6 /www/api/vendor/tymon/jwt-auth/src/Payload.php(46): Tymon\JWTAuth\Validators\PayloadValidator->check(Object(Tymon\JWTAuth\Claims\Collection))
#7 /www/api/vendor/tymon/jwt-auth/src/Factory.php(185): Tymon\JWTAuth\Payload->__construct(Object(Tymon\JWTAuth\Claims\Collection), Object(Tymon\JWTAuth\Validators\PayloadValidator), true)
#8 /www/api/vendor/tymon/jwt-auth/src/Factory.php(87): Tymon\JWTAuth\Factory->withClaims(Object(Tymon\JWTAuth\Claims\Collection))
#9 /www/api/vendor/tymon/jwt-auth/src/Manager.php(106): Tymon\JWTAuth\Factory->make()
#10 /www/api/vendor/tymon/jwt-auth/src/Manager.php(128): Tymon\JWTAuth\Manager->decode(Object(Tymon\JWTAuth\Token))
#11 /www/api/vendor/tymon/jwt-auth/src/JWT.php(106): Tymon\JWTAuth\Manager->refresh(Object(Tymon\JWTAuth\Token), false, false)
#12 /www/api/app/Http/Controllers/TokenController.php(201): Tymon\JWTAuth\JWT->refresh()
#13 [internal function]: App\Http\Controllers\TokenController->update(Object(Illuminate\Http\Request))
#14 /www/api/vendor/illuminate/container/BoundMethod.php(29): call_user_func_array(Array, Array)
#15 /www/api/vendor/illuminate/container/BoundMethod.php(87): Illuminate\Container\BoundMethod::Illuminate\Container\{closure}()
#16 /www/api/vendor/illuminate/container/BoundMethod.php(31): Illuminate\Container\BoundMethod::callBoundMethod(Object(Laravel\Lumen\Application), Array, Object(Closure))
#17 /www/api/vendor/illuminate/container/Container.php(572): Illuminate\Container\BoundMethod::call(Object(Laravel\Lumen\Application), Array, Array, NULL)
#18 /www/api/vendor/laravel/lumen-framework/src/Concerns/RoutesRequests.php(378): Illuminate\Container\Container->call(Array, Array)
#19 /www/api/vendor/laravel/lumen-framework/src/Concerns/RoutesRequests.php(344): Laravel\Lumen\Application->callControllerCallable(Array, Array)
#20 /www/api/vendor/laravel/lumen-framework/src/Concerns/RoutesRequests.php(318): Laravel\Lumen\Application->callLumenController(Object(App\Http\Controllers\TokenController), 'update', Array)
#21 /www/api/vendor/laravel/lumen-framework/src/Concerns/RoutesRequests.php(280): Laravel\Lumen\Application->callControllerAction(Array)
#22 /www/api/vendor/laravel/lumen-framework/src/Concerns/RoutesRequests.php(265): Laravel\Lumen\Application->callActionOnArrayBasedRoute(Array)
#23 /www/api/vendor/laravel/lumen-framework/src/Concerns/RoutesRequests.php(165): Laravel\Lumen\Application->handleFoundRoute(Array)
#24 [internal function]: Laravel\Lumen\Application->Laravel\Lumen\Concerns\{closure}(Object(Illuminate\Http\Request))
#25 /www/api/vendor/laravel/lumen-framework/src/Routing/Pipeline.php(52): call_user_func(Object(Closure), Object(Illuminate\Http\Request))
#26 /www/api/app/Http/Middleware/Result.php(44): Laravel\Lumen\Routing\Pipeline->Laravel\Lumen\Routing\{closure}(Object(Illuminate\Http\Request))
#27 /www/api/vendor/illuminate/pipeline/Pipeline.php(163): App\Http\Middleware\Result->handle(Object(Illuminate\Http\Request), Object(Closure))
#28 [internal function]: Illuminate\Pipeline\Pipeline->Illuminate\Pipeline\{closure}(Object(Illuminate\Http\Request))
#29 /www/api/vendor/laravel/lumen-framework/src/Routing/Pipeline.php(32): call_user_func(Object(Closure), Object(Illuminate\Http\Request))
#30 /www/api/vendor/illuminate/pipeline/Pipeline.php(104): Laravel\Lumen\Routing\Pipeline->Laravel\Lumen\Routing\{closure}(Object(Illuminate\Http\Request))
#31 /www/api/vendor/laravel/lumen-framework/src/Concerns/RoutesRequests.php(415): Illuminate\Pipeline\Pipeline->then(Object(Closure))
#32 /www/api/vendor/laravel/lumen-framework/src/Concerns/RoutesRequests.php(171): Laravel\Lumen\Application->sendThroughPipeline(Array, Object(Closure))
#33 /www/api/vendor/hhxsv5/laravel-s/src/Illuminate/Laravel.php(161): Laravel\Lumen\Application->dispatch(Object(Illuminate\Http\Request))
#34 /www/api/vendor/hhxsv5/laravel-s/src/LaravelS.php(195): Hhxsv5\LaravelS\Illuminate\Laravel->handleDynamic(Object(Illuminate\Http\Request))
#35 /www/api/vendor/hhxsv5/laravel-s/src/LaravelS.php(144): Hhxsv5\LaravelS\LaravelS->handleDynamicResource(Object(Hhxsv5\LaravelS\Illuminate\Laravel), Object(Illuminate\Http\Request), Object(Swoole\Http\Response))
#36 [internal function]: Hhxsv5\LaravelS\LaravelS->onRequest(Object(Swoole\Http\Request), Object(Swoole\Http\Response))
#37 /www/api/vendor/hhxsv5/laravel-s/src/Swoole/Server.php(361): Swoole\Server->start()
#38 /www/api/vendor/hhxsv5/laravel-s/src/Console/Portal.php(132): Hhxsv5\LaravelS\Swoole\Server->run()
#39 /www/api/vendor/hhxsv5/laravel-s/src/Console/Portal.php(56): Hhxsv5\LaravelS\Console\Portal->start()
#40 /www/api/vendor/symfony/console/Command/Command.php(255): Hhxsv5\LaravelS\Console\Portal->execute(Object(Symfony\Component\Console\Input\ArgvInput), Object(Symfony\Component\Console\Output\ConsoleOutput))
#41 /www/api/bin/laravels(10): Symfony\Component\Console\Command\Command->run(Object(Symfony\Component\Console\Input\ArgvInput), Object(Symfony\Component\Console\Output\ConsoleOutput))
#42 {main} {"exception":"[object] (Tymon\\JWTAuth\\Exceptions\\TokenExpiredException(code: 0): Token has expired and can no longer be refreshed at /www/api/vendor/tymon/jwt-auth/src/Claims/IssuedAt.php:59)
[stacktrace]
#0 [internal function]: Tymon\\JWTAuth\\Claims\\IssuedAt->validateRefresh('1440')
#1 /www/api/vendor/tymon/jwt-auth/src/Claims/Collection.php(62): call_user_func_array(Array, Array)
#2 /www/api/vendor/illuminate/support/Collection.php(419): Tymon\\JWTAuth\\Claims\\Collection->Tymon\\JWTAuth\\Claims\\{closure}(Object(Tymon\\JWTAuth\\Claims\\IssuedAt), 'iat')
#3 /www/api/vendor/tymon/jwt-auth/src/Claims/Collection.php(64): Illuminate\\Support\\Collection->each(Object(Closure))
#4 /www/api/vendor/tymon/jwt-auth/src/Validators/PayloadValidator.php(97): Tymon\\JWTAuth\\Claims\\Collection->validate('refresh', '1440')
#5 /www/api/vendor/tymon/jwt-auth/src/Validators/PayloadValidator.php(51): Tymon\\JWTAuth\\Validators\\PayloadValidator->validateRefresh(Object(Tymon\\JWTAuth\\Claims\\Collection))
#6 /www/api/vendor/tymon/jwt-auth/src/Payload.php(46): Tymon\\JWTAuth\\Validators\\PayloadValidator->check(Object(Tymon\\JWTAuth\\Claims\\Collection))
#7 /www/api/vendor/tymon/jwt-auth/src/Factory.php(185): Tymon\\JWTAuth\\Payload->__construct(Object(Tymon\\JWTAuth\\Claims\\Collection), Object(Tymon\\JWTAuth\\Validators\\PayloadValidator), true)
#8 /www/api/vendor/tymon/jwt-auth/src/Factory.php(87): Tymon\\JWTAuth\\Factory->withClaims(Object(Tymon\\JWTAuth\\Claims\\Collection))
#9 /www/api/vendor/tymon/jwt-auth/src/Manager.php(106): Tymon\\JWTAuth\\Factory->make()
#10 /www/api/vendor/tymon/jwt-auth/src/Manager.php(128): Tymon\\JWTAuth\\Manager->decode(Object(Tymon\\JWTAuth\\Token))
#11 /www/api/vendor/tymon/jwt-auth/src/JWT.php(106): Tymon\\JWTAuth\\Manager->refresh(Object(Tymon\\JWTAuth\\Token), false, false)
#12 /www/api/app/Http/Controllers/TokenController.php(201): Tymon\\JWTAuth\\JWT->refresh()
#13 [internal function]: App\\Http\\Controllers\\TokenController->update(Object(Illuminate\\Http\\Request))
#14 /www/api/vendor/illuminate/container/BoundMethod.php(29): call_user_func_array(Array, Array)
#15 /www/api/vendor/illuminate/container/BoundMethod.php(87): Illuminate\\Container\\BoundMethod::Illuminate\\Container\\{closure}()
#16 /www/api/vendor/illuminate/container/BoundMethod.php(31): Illuminate\\Container\\BoundMethod::callBoundMethod(Object(Laravel\\Lumen\\Application), Array, Object(Closure))
#17 /www/api/vendor/illuminate/container/Container.php(572): Illuminate\\Container\\BoundMethod::call(Object(Laravel\\Lumen\\Application), Array, Array, NULL)
#18 /www/api/vendor/laravel/lumen-framework/src/Concerns/RoutesRequests.php(378): Illuminate\\Container\\Container->call(Array, Array)
#19 /www/api/vendor/laravel/lumen-framework/src/Concerns/RoutesRequests.php(344): Laravel\\Lumen\\Application->callControllerCallable(Array, Array)
#20 /www/api/vendor/laravel/lumen-framework/src/Concerns/RoutesRequests.php(318): Laravel\\Lumen\\Application->callLumenController(Object(App\\Http\\Controllers\\TokenController), 'update', Array)
#21 /www/api/vendor/laravel/lumen-framework/src/Concerns/RoutesRequests.php(280): Laravel\\Lumen\\Application->callControllerAction(Array)
#22 /www/api/vendor/laravel/lumen-framework/src/Concerns/RoutesRequests.php(265): Laravel\\Lumen\\Application->callActionOnArrayBasedRoute(Array)
#23 /www/api/vendor/laravel/lumen-framework/src/Concerns/RoutesRequests.php(165): Laravel\\Lumen\\Application->handleFoundRoute(Array)
#24 [internal function]: Laravel\\Lumen\\Application->Laravel\\Lumen\\Concerns\\{closure}(Object(Illuminate\\Http\\Request))
#25 /www/api/vendor/laravel/lumen-framework/src/Routing/Pipeline.php(52): call_user_func(Object(Closure), Object(Illuminate\\Http\\Request))
#26 /www/api/app/Http/Middleware/Result.php(44): Laravel\\Lumen\\Routing\\Pipeline->Laravel\\Lumen\\Routing\\{closure}(Object(Illuminate\\Http\\Request))
#27 /www/api/vendor/illuminate/pipeline/Pipeline.php(163): App\\Http\\Middleware\\Result->handle(Object(Illuminate\\Http\\Request), Object(Closure))
#28 [internal function]: Illuminate\\Pipeline\\Pipeline->Illuminate\\Pipeline\\{closure}(Object(Illuminate\\Http\\Request))
#29 /www/api/vendor/laravel/lumen-framework/src/Routing/Pipeline.php(32): call_user_func(Object(Closure), Object(Illuminate\\Http\\Request))
#30 /www/api/vendor/illuminate/pipeline/Pipeline.php(104): Laravel\\Lumen\\Routing\\Pipeline->Laravel\\Lumen\\Routing\\{closure}(Object(Illuminate\\Http\\Request))
#31 /www/api/vendor/laravel/lumen-framework/src/Concerns/RoutesRequests.php(415): Illuminate\\Pipeline\\Pipeline->then(Object(Closure))
#32 /www/api/vendor/laravel/lumen-framework/src/Concerns/RoutesRequests.php(171): Laravel\\Lumen\\Application->sendThroughPipeline(Array, Object(Closure))
#33 /www/api/vendor/hhxsv5/laravel-s/src/Illuminate/Laravel.php(161): Laravel\\Lumen\\Application->dispatch(Object(Illuminate\\Http\\Request))
#34 /www/api/vendor/hhxsv5/laravel-s/src/LaravelS.php(195): Hhxsv5\\LaravelS\\Illuminate\\Laravel->handleDynamic(Object(Illuminate\\Http\\Request))
#35 /www/api/vendor/hhxsv5/laravel-s/src/LaravelS.php(144): Hhxsv5\\LaravelS\\LaravelS->handleDynamicResource(Object(Hhxsv5\\LaravelS\\Illuminate\\Laravel), Object(Illuminate\\Http\\Request), Object(Swoole\\Http\\Response))
#36 [internal function]: Hhxsv5\\LaravelS\\LaravelS->onRequest(Object(Swoole\\Http\\Request), Object(Swoole\\Http\\Response))
#37 /www/api/vendor/hhxsv5/laravel-s/src/Swoole/Server.php(361): Swoole\\Server->start()
#38 /www/api/vendor/hhxsv5/laravel-s/src/Console/Portal.php(132): Hhxsv5\\LaravelS\\Swoole\\Server->run()
#39 /www/api/vendor/hhxsv5/laravel-s/src/Console/Portal.php(56): Hhxsv5\\LaravelS\\Console\\Portal->start()
#40 /www/api/vendor/symfony/console/Command/Command.php(255): Hhxsv5\\LaravelS\\Console\\Portal->execute(Object(Symfony\\Component\\Console\\Input\\ArgvInput), Object(Symfony\\Component\\Console\\Output\\ConsoleOutput))
#41 /www/api/bin/laravels(10): Symfony\\Component\\Console\\Command\\Command->run(Object(Symfony\\Component\\Console\\Input\\ArgvInput), Object(Symfony\\Component\\Console\\Output\\ConsoleOutput))
#42 {main}
"} 
[2019-12-19 21:05:11] production.ERROR: ErrorException: Use of undefined constant SWOOLE_UNIX_STREAM - assumed 'SWOOLE_UNIX_STREAM' (this will throw an Error in a future version of PHP) in D:\phpstudy_pro\WWW\demo\api\config\laravels.php:25
Stack trace:
#0 D:\phpstudy_pro\WWW\demo\api\config\laravels.php(25): Laravel\Lumen\Application->Laravel\Lumen\Concerns\{closure}(2, 'Use of undefine...', 'D:\\phpstudy_pro...', 25, Array)
#1 D:\phpstudy_pro\WWW\demo\api\vendor\laravel\lumen-framework\src\Application.php(625): require('D:\\phpstudy_pro...')
#2 D:\phpstudy_pro\WWW\demo\api\bootstrap\app.php(37): Laravel\Lumen\Application->configure('laravels')
#3 D:\phpstudy_pro\WWW\demo\api\public\index.php(14): require('D:\\phpstudy_pro...')
#4 {main} {"exception":"[object] (ErrorException(code: 0): Use of undefined constant SWOOLE_UNIX_STREAM - assumed 'SWOOLE_UNIX_STREAM' (this will throw an Error in a future version of PHP) at D:\\phpstudy_pro\\WWW\\demo\\api\\config\\laravels.php:25)
[stacktrace]
#0 D:\\phpstudy_pro\\WWW\\demo\\api\\config\\laravels.php(25): Laravel\\Lumen\\Application->Laravel\\Lumen\\Concerns\\{closure}(2, 'Use of undefine...', 'D:\\\\phpstudy_pro...', 25, Array)
#1 D:\\phpstudy_pro\\WWW\\demo\\api\\vendor\\laravel\\lumen-framework\\src\\Application.php(625): require('D:\\\\phpstudy_pro...')
#2 D:\\phpstudy_pro\\WWW\\demo\\api\\bootstrap\\app.php(37): Laravel\\Lumen\\Application->configure('laravels')
#3 D:\\phpstudy_pro\\WWW\\demo\\api\\public\\index.php(14): require('D:\\\\phpstudy_pro...')
#4 {main}
"} 
